#
# There is insufficient memory for the Java Runtime Environment to continue.
# Native memory allocation (malloc) failed to allocate 117936 bytes for Chunk::new
# Possible reasons:
#   The system is out of physical RAM or swap space
#   The process is running with CompressedOops enabled, and the Java Heap may be blocking the growth of the native heap
# Possible solutions:
#   Reduce memory load on the system
#   Increase physical memory or swap space
#   Check if swap backing store is full
#   Decrease Java heap size (-Xmx/-Xms)
#   Decrease number of Java threads
#   Decrease Java thread stack sizes (-Xss)
#   Set larger code cache with -XX:ReservedCodeCacheSize=
#   JVM is running with Unscaled Compressed Oops mode in which the Java heap is
#     placed in the first 4GB address space. The Java Heap base address is the
#     maximum limit for the native heap growth. Please use -XX:HeapBaseMinAddress
#     to set the Java Heap base and to place the Java Heap above 4GB virtual address.
# This output file may be truncated or incomplete.
#
#  Out of Memory Error (allocation.cpp:389), pid=24612, tid=0x000000000000100c
#
# JRE version: OpenJDK Runtime Environment (Zulu 8.52.0.23-CA-win64) (8.0_282-b08) (build 1.8.0_282-b08)
# Java VM: OpenJDK 64-Bit Server VM (25.282-b08 mixed mode windows-amd64 compressed oops)
# Failed to write core dump. Minidumps are not enabled by default on client versions of Windows
#

---------------  T H R E A D  ---------------

Current thread (0x000000001a711000):  JavaThread "C2 CompilerThread2" daemon [_thread_in_native, id=4108, stack(0x000000001b2e0000,0x000000001b3e0000)]

Stack: [0x000000001b2e0000,0x000000001b3e0000]
[error occurred during error reporting (printing stack bounds), id 0xc0000005]

Native frames: (J=compiled Java code, j=interpreted, Vv=VM code, C=native code)


Current CompileTask:
C2:   1331 1206       4       sun.security.provider.SHA2::implCompress0 (322 bytes)


---------------  P R O C E S S  ---------------

Java Threads: ( => current thread )
  0x000000001a74f000 JavaThread "Service Thread" daemon [_thread_blocked, id=35136, stack(0x000000001b4e0000,0x000000001b5e0000)]
  0x000000001a712000 JavaThread "C1 CompilerThread3" daemon [_thread_blocked, id=33628, stack(0x000000001b3e0000,0x000000001b4e0000)]
=>0x000000001a711000 JavaThread "C2 CompilerThread2" daemon [_thread_in_native, id=4108, stack(0x000000001b2e0000,0x000000001b3e0000)]
  0x000000001a70f000 JavaThread "C2 CompilerThread1" daemon [_thread_in_native, id=31896, stack(0x000000001b1e0000,0x000000001b2e0000)]
  0x000000001a70e800 JavaThread "C2 CompilerThread0" daemon [_thread_in_native, id=36108, stack(0x000000001b0e0000,0x000000001b1e0000)]
  0x000000001a6f9800 JavaThread "Attach Listener" daemon [_thread_blocked, id=6200, stack(0x000000001afe0000,0x000000001b0e0000)]
  0x000000001a6fc800 JavaThread "Signal Dispatcher" daemon [_thread_blocked, id=17336, stack(0x000000001aee0000,0x000000001afe0000)]
  0x000000001822a000 JavaThread "Finalizer" daemon [_thread_blocked, id=30688, stack(0x000000001a4e0000,0x000000001a5e0000)]
  0x000000001a000800 JavaThread "Reference Handler" daemon [_thread_blocked, id=8812, stack(0x000000001a3e0000,0x000000001a4e0000)]
  0x00000000030be000 JavaThread "main" [_thread_in_vm, id=1248, stack(0x0000000002f90000,0x0000000003090000)]

Other Threads:
  0x000000001821a000 VMThread [stack: 0x0000000019ee0000,0x0000000019fe0000] [id=20176]
  0x000000001a74f800 WatcherThread [stack: 0x000000001b5e0000,0x000000001b6e0000] [id=17468]

VM state:not at safepoint (normal execution)

VM Mutex/Monitor currently owned by a thread: None

heap address: 0x0000000080000000, size: 2048 MB, Compressed Oops mode: 32-bit
Narrow klass base: 0x0000000000000000, Narrow klass shift: 3
Compressed class space size: 1073741824 Address: 0x0000000100000000

Heap:
 PSYoungGen      total 70656K, used 27642K [0x00000000d5580000, 0x00000000d9f80000, 0x0000000100000000)
  eden space 65536K, 34% used [0x00000000d5580000,0x00000000d6b829a0,0x00000000d9580000)
  from space 5120K, 99% used [0x00000000d9a80000,0x00000000d9f7c1b8,0x00000000d9f80000)
  to   space 5120K, 0% used [0x00000000d9580000,0x00000000d9580000,0x00000000d9a80000)
 ParOldGen       total 86016K, used 347K [0x0000000080000000, 0x0000000085400000, 0x00000000d5580000)
  object space 86016K, 0% used [0x0000000080000000,0x0000000080056dd8,0x0000000085400000)
 Metaspace       used 13887K, capacity 14106K, committed 14336K, reserved 1062912K
  class space    used 1446K, capacity 1507K, committed 1536K, reserved 1048576K

Card table byte_map: [0x0000000012570000,0x0000000012980000] byte_map_base: 0x0000000012170000

Marking Bits: (ParMarkBitMap*) 0x000000005c441f00
 Begin Bits: [0x0000000013430000, 0x0000000015430000)
 End Bits:   [0x0000000015430000, 0x0000000017430000)

Polling page: 0x0000000001600000

CodeCache: size=245760Kb used=5507Kb max_used=5513Kb free=240252Kb
 bounds [0x00000000031b0000, 0x0000000003720000, 0x00000000121b0000]
 total_blobs=1756 nmethods=1198 adapters=469
 compilation: enabled

Compilation events (10 events):
Event: 1.324 Thread 0x000000001a712000 1202       3       sun.reflect.MagicAccessorImpl::<init> (5 bytes)
Event: 1.324 Thread 0x000000001a712000 nmethod 1202 0x0000000003711c50 code [0x0000000003711da0, 0x0000000003711f50]
Event: 1.327 Thread 0x000000001a711000 nmethod 1192 0x0000000003715710 code [0x00000000037158c0, 0x00000000037163a8]
Event: 1.328 Thread 0x000000001a712000 1203       3       sun.reflect.ClassFileAssembler::emitConstantPoolUTF8 (50 bytes)
Event: 1.328 Thread 0x000000001a711000 1206       4       sun.security.provider.SHA2::implCompress0 (322 bytes)
Event: 1.328 Thread 0x000000001a712000 nmethod 1203 0x00000000037149d0 code [0x0000000003714bc0, 0x0000000003715248]
Event: 1.328 Thread 0x000000001a712000 1204       3       sun.reflect.UTF8::utf8Length (81 bytes)
Event: 1.328 Thread 0x000000001a712000 nmethod 1204 0x0000000003713f50 code [0x0000000003714100, 0x0000000003714748]
Event: 1.328 Thread 0x000000001a712000 1205       3       sun.reflect.ClassFileAssembler::cpi (22 bytes)
Event: 1.329 Thread 0x000000001a712000 nmethod 1205 0x0000000003713ad0 code [0x0000000003713c40, 0x0000000003713e88]

GC Heap History (8 events):
Event: 0.506 GC heap before
{Heap before GC invocations=1 (full 0):
 PSYoungGen      total 37888K, used 32768K [0x00000000d5580000, 0x00000000d7f80000, 0x0000000100000000)
  eden space 32768K, 100% used [0x00000000d5580000,0x00000000d7580000,0x00000000d7580000)
  from space 5120K, 0% used [0x00000000d7a80000,0x00000000d7a80000,0x00000000d7f80000)
  to   space 5120K, 0% used [0x00000000d7580000,0x00000000d7580000,0x00000000d7a80000)
 ParOldGen       total 86016K, used 0K [0x0000000080000000, 0x0000000085400000, 0x00000000d5580000)
  object space 86016K, 0% used [0x0000000080000000,0x0000000080000000,0x0000000085400000)
 Metaspace       used 4744K, capacity 5376K, committed 5504K, reserved 1056768K
  class space    used 519K, capacity 568K, committed 640K, reserved 1048576K
Event: 0.509 GC heap after
Heap after GC invocations=1 (full 0):
 PSYoungGen      total 37888K, used 4048K [0x00000000d5580000, 0x00000000d7f80000, 0x0000000100000000)
  eden space 32768K, 0% used [0x00000000d5580000,0x00000000d5580000,0x00000000d7580000)
  from space 5120K, 79% used [0x00000000d7580000,0x00000000d7974208,0x00000000d7a80000)
  to   space 5120K, 0% used [0x00000000d7a80000,0x00000000d7a80000,0x00000000d7f80000)
 ParOldGen       total 86016K, used 8K [0x0000000080000000, 0x0000000085400000, 0x00000000d5580000)
  object space 86016K, 0% used [0x0000000080000000,0x0000000080002000,0x0000000085400000)
 Metaspace       used 4744K, capacity 5376K, committed 5504K, reserved 1056768K
  class space    used 519K, capacity 568K, committed 640K, reserved 1048576K
}
Event: 0.782 GC heap before
{Heap before GC invocations=2 (full 0):
 PSYoungGen      total 37888K, used 36816K [0x00000000d5580000, 0x00000000d7f80000, 0x0000000100000000)
  eden space 32768K, 100% used [0x00000000d5580000,0x00000000d7580000,0x00000000d7580000)
  from space 5120K, 79% used [0x00000000d7580000,0x00000000d7974208,0x00000000d7a80000)
  to   space 5120K, 0% used [0x00000000d7a80000,0x00000000d7a80000,0x00000000d7f80000)
 ParOldGen       total 86016K, used 8K [0x0000000080000000, 0x0000000085400000, 0x00000000d5580000)
  object space 86016K, 0% used [0x0000000080000000,0x0000000080002000,0x0000000085400000)
 Metaspace       used 8669K, capacity 8784K, committed 8960K, reserved 1056768K
  class space    used 960K, capacity 1016K, committed 1024K, reserved 1048576K
Event: 0.785 GC heap after
Heap after GC invocations=2 (full 0):
 PSYoungGen      total 37888K, used 4555K [0x00000000d5580000, 0x00000000d7f80000, 0x0000000100000000)
  eden space 32768K, 0% used [0x00000000d5580000,0x00000000d5580000,0x00000000d7580000)
  from space 5120K, 88% used [0x00000000d7a80000,0x00000000d7ef2cc8,0x00000000d7f80000)
  to   space 5120K, 0% used [0x00000000d7580000,0x00000000d7580000,0x00000000d7a80000)
 ParOldGen       total 86016K, used 16K [0x0000000080000000, 0x0000000085400000, 0x00000000d5580000)
  object space 86016K, 0% used [0x0000000080000000,0x0000000080004000,0x0000000085400000)
 Metaspace       used 8669K, capacity 8784K, committed 8960K, reserved 1056768K
  class space    used 960K, capacity 1016K, committed 1024K, reserved 1048576K
}
Event: 1.006 GC heap before
{Heap before GC invocations=3 (full 0):
 PSYoungGen      total 37888K, used 37323K [0x00000000d5580000, 0x00000000d7f80000, 0x0000000100000000)
  eden space 32768K, 100% used [0x00000000d5580000,0x00000000d7580000,0x00000000d7580000)
  from space 5120K, 88% used [0x00000000d7a80000,0x00000000d7ef2cc8,0x00000000d7f80000)
  to   space 5120K, 0% used [0x00000000d7580000,0x00000000d7580000,0x00000000d7a80000)
 ParOldGen       total 86016K, used 16K [0x0000000080000000, 0x0000000085400000, 0x00000000d5580000)
  object space 86016K, 0% used [0x0000000080000000,0x0000000080004000,0x0000000085400000)
 Metaspace       used 10311K, capacity 10454K, committed 10752K, reserved 1058816K
  class space    used 1147K, capacity 1209K, committed 1280K, reserved 1048576K
Event: 1.010 GC heap after
Heap after GC invocations=3 (full 0):
 PSYoungGen      total 37888K, used 4709K [0x00000000d5580000, 0x00000000d9f80000, 0x0000000100000000)
  eden space 32768K, 0% used [0x00000000d5580000,0x00000000d5580000,0x00000000d7580000)
  from space 5120K, 91% used [0x00000000d7580000,0x00000000d7a196d0,0x00000000d7a80000)
  to   space 5120K, 0% used [0x00000000d9a80000,0x00000000d9a80000,0x00000000d9f80000)
 ParOldGen       total 86016K, used 24K [0x0000000080000000, 0x0000000085400000, 0x00000000d5580000)
  object space 86016K, 0% used [0x0000000080000000,0x0000000080006000,0x0000000085400000)
 Metaspace       used 10311K, capacity 10454K, committed 10752K, reserved 1058816K
  class space    used 1147K, capacity 1209K, committed 1280K, reserved 1048576K
}
Event: 1.155 GC heap before
{Heap before GC invocations=4 (full 0):
 PSYoungGen      total 37888K, used 37477K [0x00000000d5580000, 0x00000000d9f80000, 0x0000000100000000)
  eden space 32768K, 100% used [0x00000000d5580000,0x00000000d7580000,0x00000000d7580000)
  from space 5120K, 91% used [0x00000000d7580000,0x00000000d7a196d0,0x00000000d7a80000)
  to   space 5120K, 0% used [0x00000000d9a80000,0x00000000d9a80000,0x00000000d9f80000)
 ParOldGen       total 86016K, used 24K [0x0000000080000000, 0x0000000085400000, 0x00000000d5580000)
  object space 86016K, 0% used [0x0000000080000000,0x0000000080006000,0x0000000085400000)
 Metaspace       used 11625K, capacity 11782K, committed 12160K, reserved 1060864K
  class space    used 1263K, capacity 1308K, committed 1408K, reserved 1048576K
Event: 1.158 GC heap after
Heap after GC invocations=4 (full 0):
 PSYoungGen      total 70656K, used 5104K [0x00000000d5580000, 0x00000000d9f80000, 0x0000000100000000)
  eden space 65536K, 0% used [0x00000000d5580000,0x00000000d5580000,0x00000000d9580000)
  from space 5120K, 99% used [0x00000000d9a80000,0x00000000d9f7c1b8,0x00000000d9f80000)
  to   space 5120K, 0% used [0x00000000d9580000,0x00000000d9580000,0x00000000d9a80000)
 ParOldGen       total 86016K, used 347K [0x0000000080000000, 0x0000000085400000, 0x00000000d5580000)
  object space 86016K, 0% used [0x0000000080000000,0x0000000080056dd8,0x0000000085400000)
 Metaspace       used 11625K, capacity 11782K, committed 12160K, reserved 1060864K
  class space    used 1263K, capacity 1308K, committed 1408K, reserved 1048576K
}

Deoptimization events (10 events):
Event: 0.828 Thread 0x00000000030be000 Uncommon trap: reason=bimorphic action=maybe_recompile pc=0x0000000003403cf4 method=java.util.HashMap.getNode(ILjava/lang/Object;)Ljava/util/HashMap$Node; @ 126
Event: 0.828 Thread 0x00000000030be000 Uncommon trap: reason=unstable_if action=reinterpret pc=0x0000000003403b04 method=java.util.HashMap.getNode(ILjava/lang/Object;)Ljava/util/HashMap$Node; @ 62
Event: 0.829 Thread 0x00000000030be000 Uncommon trap: reason=bimorphic action=maybe_recompile pc=0x00000000033c8210 method=java.util.HashMap.getNode(ILjava/lang/Object;)Ljava/util/HashMap$Node; @ 126
Event: 0.948 Thread 0x00000000030be000 Uncommon trap: reason=unstable_if action=reinterpret pc=0x00000000032d41fc method=java.net.URI.match(CJJ)Z @ 45
Event: 0.962 Thread 0x00000000030be000 Uncommon trap: reason=unstable_if action=reinterpret pc=0x000000000340e9f4 method=java.lang.String.lastIndexOf([CII[CIII)I @ 66
Event: 1.236 Thread 0x00000000030be000 Uncommon trap: reason=class_check action=maybe_recompile pc=0x000000000358a204 method=java.util.HashMap.putVal(ILjava/lang/Object;Ljava/lang/Object;ZZ)Ljava/lang/Object; @ 203
Event: 1.236 Thread 0x00000000030be000 Uncommon trap: reason=class_check action=maybe_recompile pc=0x000000000358a204 method=java.util.HashMap.putVal(ILjava/lang/Object;Ljava/lang/Object;ZZ)Ljava/lang/Object; @ 203
Event: 1.236 Thread 0x00000000030be000 Uncommon trap: reason=class_check action=maybe_recompile pc=0x000000000358a204 method=java.util.HashMap.putVal(ILjava/lang/Object;Ljava/lang/Object;ZZ)Ljava/lang/Object; @ 203
Event: 1.238 Thread 0x00000000030be000 Uncommon trap: reason=class_check action=maybe_recompile pc=0x000000000358a204 method=java.util.HashMap.putVal(ILjava/lang/Object;Ljava/lang/Object;ZZ)Ljava/lang/Object; @ 203
Event: 1.271 Thread 0x00000000030be000 Uncommon trap: reason=unstable_if action=reinterpret pc=0x00000000035763fc method=java.lang.CharacterDataLatin1.isWhitespace(I)Z @ 14

Classes redefined (0 events):
No events

Internal exceptions (10 events):
Event: 1.175 Thread 0x00000000030be000 Exception <a 'java/lang/ClassNotFoundException': com/kms/katalon/core/webui/contribution/WebUiDriverCleanerBeanInfo> (0x00000000d5958488) thrown at [C:\jenkins\workspace\zulu8-silver-build-win64\zulu-src\hotspot\src\share\vm\classfile\systemDictionary.cpp
Event: 1.175 Thread 0x00000000030be000 Exception <a 'java/lang/ClassNotFoundException': com/kms/katalon/core/webui/contribution/WebUiDriverCleanerCustomizer> (0x00000000d59ee208) thrown at [C:\jenkins\workspace\zulu8-silver-build-win64\zulu-src\hotspot\src\share\vm\classfile\systemDictionary.c
Event: 1.214 Thread 0x00000000030be000 Exception <a 'java/lang/ClassNotFoundException': com/kms/katalon/core/mobile/contribution/MobileDriverCleanerBeanInfo> (0x00000000d5e48278) thrown at [C:\jenkins\workspace\zulu8-silver-build-win64\zulu-src\hotspot\src\share\vm\classfile\systemDictionary.c
Event: 1.215 Thread 0x00000000030be000 Exception <a 'java/lang/ClassNotFoundException': com/kms/katalon/core/mobile/contribution/MobileDriverCleanerCustomizer> (0x00000000d5ee03c0) thrown at [C:\jenkins\workspace\zulu8-silver-build-win64\zulu-src\hotspot\src\share\vm\classfile\systemDictionary
Event: 1.217 Thread 0x00000000030be000 Exception <a 'java/lang/ClassNotFoundException': com/kms/katalon/core/cucumber/keyword/internal/CucumberDriverCleanerBeanInfo> (0x00000000d5fc2190) thrown at [C:\jenkins\workspace\zulu8-silver-build-win64\zulu-src\hotspot\src\share\vm\classfile\systemDict
Event: 1.218 Thread 0x00000000030be000 Exception <a 'java/lang/ClassNotFoundException': com/kms/katalon/core/cucumber/keyword/internal/CucumberDriverCleanerCustomizer> (0x00000000d60668c8) thrown at [C:\jenkins\workspace\zulu8-silver-build-win64\zulu-src\hotspot\src\share\vm\classfile\systemDi
Event: 1.220 Thread 0x00000000030be000 Exception <a 'java/lang/ClassNotFoundException': com/kms/katalon/core/windows/keyword/contribution/WindowsDriverCleanerBeanInfo> (0x00000000d614be58) thrown at [C:\jenkins\workspace\zulu8-silver-build-win64\zulu-src\hotspot\src\share\vm\classfile\systemDi
Event: 1.221 Thread 0x00000000030be000 Exception <a 'java/lang/ClassNotFoundException': com/kms/katalon/core/windows/keyword/contribution/WindowsDriverCleanerCustomizer> (0x00000000d61f3908) thrown at [C:\jenkins\workspace\zulu8-silver-build-win64\zulu-src\hotspot\src\share\vm\classfile\system
Event: 1.222 Thread 0x00000000030be000 Exception <a 'java/lang/ClassNotFoundException': com/kms/katalon/core/testng/keyword/internal/TestNGDriverCleanerBeanInfo> (0x00000000d62cc498) thrown at [C:\jenkins\workspace\zulu8-silver-build-win64\zulu-src\hotspot\src\share\vm\classfile\systemDictiona
Event: 1.223 Thread 0x00000000030be000 Exception <a 'java/lang/ClassNotFoundException': com/kms/katalon/core/testng/keyword/internal/TestNGDriverCleanerCustomizer> (0x00000000d636a488) thrown at [C:\jenkins\workspace\zulu8-silver-build-win64\zulu-src\hotspot\src\share\vm\classfile\systemDictio

Events (10 events):
Event: 1.321 loading class sun/reflect/UnsafeStaticObjectFieldAccessorImpl
Event: 1.321 loading class sun/reflect/UnsafeStaticObjectFieldAccessorImpl done
Event: 1.325 loading class groovy/runtime/metaclass/com/kms/katalon/core/configuration/RunConfigurationMetaClass
Event: 1.325 loading class groovy/runtime/metaclass/com/kms/katalon/core/configuration/RunConfigurationMetaClass done
Event: 1.328 Thread 0x00000000030be000 DEOPT PACKING pc=0x00000000036e1cc6 sp=0x000000000308b660
Event: 1.328 Thread 0x00000000030be000 DEOPT UNPACKING pc=0x00000000031f76d0 sp=0x000000000308b3a0 mode 0
Event: 1.328 Thread 0x00000000030be000 DEOPT PACKING pc=0x00000000036e1b31 sp=0x000000000308b660
Event: 1.328 Thread 0x00000000030be000 DEOPT UNPACKING pc=0x00000000031f76d0 sp=0x000000000308b3a0 mode 0
Event: 1.329 Thread 0x00000000030be000 DEOPT PACKING pc=0x00000000036e1b31 sp=0x000000000308b660
Event: 1.329 Thread 0x00000000030be000 DEOPT UNPACKING pc=0x00000000031f76d0 sp=0x000000000308b3a0 mode 0


Dynamic libraries:
0x00007ff6a3ff0000 - 0x00007ff6a4025000 	E:\Katalon\Katalon_Studio_Windows_64-8.6.0\jre\bin\javaw.exe
0x00007ff971600000 - 0x00007ff971809000 	C:\WINDOWS\SYSTEM32\ntdll.dll
0x00007ff970050000 - 0x00007ff97010e000 	C:\WINDOWS\System32\KERNEL32.DLL
0x00007ff96eea0000 - 0x00007ff96f224000 	C:\WINDOWS\System32\KERNELBASE.dll
0x00007ff96b930000 - 0x00007ff96b9c2000 	C:\WINDOWS\SYSTEM32\apphelp.dll
0x00007ff970650000 - 0x00007ff9706ff000 	C:\WINDOWS\System32\ADVAPI32.dll
0x00007ff96f480000 - 0x00007ff96f523000 	C:\WINDOWS\System32\msvcrt.dll
0x00007ff96f8a0000 - 0x00007ff96f93e000 	C:\WINDOWS\System32\sechost.dll
0x00007ff970cc0000 - 0x00007ff970de1000 	C:\WINDOWS\System32\RPCRT4.dll
0x00007ff96f5e0000 - 0x00007ff96f78d000 	C:\WINDOWS\System32\USER32.dll
0x00007ff96ec90000 - 0x00007ff96ecb6000 	C:\WINDOWS\System32\win32u.dll
0x00007ff96f870000 - 0x00007ff96f89a000 	C:\WINDOWS\System32\GDI32.dll
0x00007ff96f350000 - 0x00007ff96f46f000 	C:\WINDOWS\System32\gdi32full.dll
0x00007ff96eab0000 - 0x00007ff96eb4d000 	C:\WINDOWS\System32\msvcp_win.dll
0x00007ff96f230000 - 0x00007ff96f341000 	C:\WINDOWS\System32\ucrtbase.dll
0x00007ff94cab0000 - 0x00007ff94cd55000 	C:\WINDOWS\WinSxS\amd64_microsoft.windows.common-controls_6595b64144ccf1df_6.0.22000.120_none_9d947278b86cc467\COMCTL32.dll
0x00007ff96f5a0000 - 0x00007ff96f5d1000 	C:\WINDOWS\System32\IMM32.DLL
0x000000005ba40000 - 0x000000005bb12000 	E:\Katalon\Katalon_Studio_Windows_64-8.6.0\jre\bin\msvcr100.dll
0x000000005bc00000 - 0x000000005c4c5000 	E:\Katalon\Katalon_Studio_Windows_64-8.6.0\jre\bin\server\jvm.dll
0x00007ff96f470000 - 0x00007ff96f478000 	C:\WINDOWS\System32\PSAPI.DLL
0x00007ff968840000 - 0x00007ff968873000 	C:\WINDOWS\SYSTEM32\WINMM.dll
0x00007ff95a040000 - 0x00007ff95a049000 	C:\WINDOWS\SYSTEM32\WSOCK32.dll
0x00007ff968bf0000 - 0x00007ff968bfa000 	C:\WINDOWS\SYSTEM32\VERSION.dll
0x00007ff96ff70000 - 0x00007ff96ffdf000 	C:\WINDOWS\System32\WS2_32.dll
0x00007ff9693d0000 - 0x00007ff9693df000 	E:\Katalon\Katalon_Studio_Windows_64-8.6.0\jre\bin\verify.dll
0x00007ff9597c0000 - 0x00007ff9597e9000 	E:\Katalon\Katalon_Studio_Windows_64-8.6.0\jre\bin\java.dll
0x00007ff95a780000 - 0x00007ff95a796000 	E:\Katalon\Katalon_Studio_Windows_64-8.6.0\jre\bin\zip.dll
0x00007ff970df0000 - 0x00007ff9715b5000 	C:\WINDOWS\System32\SHELL32.dll
0x00007ff96cb60000 - 0x00007ff96d3c4000 	C:\WINDOWS\SYSTEM32\windows.storage.dll
0x00007ff970700000 - 0x00007ff970a76000 	C:\WINDOWS\System32\combase.dll
0x00007ff96c9f0000 - 0x00007ff96cb57000 	C:\WINDOWS\SYSTEM32\wintypes.dll
0x00007ff970500000 - 0x00007ff9705ea000 	C:\WINDOWS\System32\SHCORE.dll
0x00007ff96f530000 - 0x00007ff96f58d000 	C:\WINDOWS\System32\shlwapi.dll
0x00007ff96e9e0000 - 0x00007ff96ea01000 	C:\WINDOWS\SYSTEM32\profapi.dll

VM Arguments:
jvm_args: -Dgroovy.home=C:\Users\HP/.groovy -Djava.system.class.loader=groovy.lang.GroovyClassLoader -Xmx2048m -Dfile.encoding=UTF-8 
java_command: org.codehaus.groovy.tools.GroovyStarter --classpath D:\capstone\ulang\qe-katalon-web\bin\keyword;D:\capstone\ulang\qe-katalon-web\Keywords;D:\capstone\ulang\qe-katalon-web\bin\listener;D:\capstone\ulang\qe-katalon-web\Test Listeners;D:\capstone\ulang\qe-katalon-web\bin\lib;D:\capstone\ulang\qe-katalon-web\Libs;D:\capstone\ulang\qe-katalon-web\bin\groovy;D:\capstone\ulang\qe-katalon-web\Include\scripts\groovy;E:\Katalon\Katalon_Studio_Windows_64-8.6.0\plugins\com.kms.katalon.core_1.0.0.202303100818.jar;E:\Katalon\Katalon_Studio_Windows_64-8.6.0\configuration\resources\lib\aalto-xml-1.0.0.jar;E:\Katalon\Katalon_Studio_Windows_64-8.6.0\configuration\resources\lib\aspectjweaver-1.9.1.jar;E:\Katalon\Katalon_Studio_Windows_64-8.6.0\configuration\resources\lib\bcpkix-jdk15on-1.64.jar;E:\Katalon\Katalon_Studio_Windows_64-8.6.0\configuration\resources\lib\bcprov-jdk15on-1.64.jar;E:\Katalon\Katalon_Studio_Windows_64-8.6.0\configuration\resources\lib\browsermob-core-2.1.5.jar;E:\Katalon\Katalon_Studio_Windows_64-8.6.0\configuration\resources\lib\cglib-3.2.10.jar;E:\Katalon\Katalon_Studio_Windows_64-8.6.0\configuration\resources\lib\commons-codec-1.10.jar;E:\Katalon\Katalon_Studio_Windows_64-8.6.0\configuration\resources\lib\commons-collections4-4.1.jar;E:\Katalon\Katalon_Studio_Windows_64-8.6.0\configuration\resources\lib\commons-validator-1.6.jar;E:\Katalon\Katalon_Studio_Windows_64-8.6.0\configuration\resources\lib\curvesapi-1.04.jar;E:\Katalon\Katalon_Studio_Windows_64-8.6.0\configuration\resources\lib\dnsjava-2.1.8.jar;E:\Katalon\Katalon_Studio_Windows_64-8.6.0\configuration\resources\lib\java-client-7.0.0.jar;E:\Katalon\Katalon_Studio_Windows_64-8.6.0\configuration\resources\lib\jna-4.1.0.jar;E:\Katalon\Katalon_Studio_Windows_64-8.6.0\configuration\resources\lib\jna-platform-4.1.0.jar;E:\Katalon\Katalon_Studio_Windows_64-8.6.0\configuration\resources\lib\jzlib-1.1.3.jar;E:\Katalon\Katalon_Studio_Windows_64-8.6.0\configuration\resources\lib\kat-server.jar;E
java_class_path (initial): D:\capstone\ulang\qe-katalon-web\bin\keyword;D:\capstone\ulang\qe-katalon-web\bin\listener;D:\capstone\ulang\qe-katalon-web\bin\lib;D:\capstone\ulang\qe-katalon-web\bin\groovy;D:\capstone\ulang\qe-katalon-web\bin;E:\Katalon\Katalon_Studio_Windows_64-8.6.0\plugins\com.kms.katalon.core_1.0.0.202303100818.jar;E:\Katalon\Katalon_Studio_Windows_64-8.6.0\configuration\resources\lib\aalto-xml-1.0.0.jar;E:\Katalon\Katalon_Studio_Windows_64-8.6.0\configuration\resources\lib\aspectjweaver-1.9.1.jar;E:\Katalon\Katalon_Studio_Windows_64-8.6.0\configuration\resources\lib\bcpkix-jdk15on-1.64.jar;E:\Katalon\Katalon_Studio_Windows_64-8.6.0\configuration\resources\lib\bcprov-jdk15on-1.64.jar;E:\Katalon\Katalon_Studio_Windows_64-8.6.0\configuration\resources\lib\browsermob-core-2.1.5.jar;E:\Katalon\Katalon_Studio_Windows_64-8.6.0\configuration\resources\lib\cglib-3.2.10.jar;E:\Katalon\Katalon_Studio_Windows_64-8.6.0\configuration\resources\lib\commons-codec-1.10.jar;E:\Katalon\Katalon_Studio_Windows_64-8.6.0\configuration\resources\lib\commons-collections4-4.1.jar;E:\Katalon\Katalon_Studio_Windows_64-8.6.0\configuration\resources\lib\commons-validator-1.6.jar;E:\Katalon\Katalon_Studio_Windows_64-8.6.0\configuration\resources\lib\curvesapi-1.04.jar;E:\Katalon\Katalon_Studio_Windows_64-8.6.0\configuration\resources\lib\dnsjava-2.1.8.jar;E:\Katalon\Katalon_Studio_Windows_64-8.6.0\configuration\resources\lib\java-client-7.0.0.jar;E:\Katalon\Katalon_Studio_Windows_64-8.6.0\configuration\resources\lib\jna-4.1.0.jar;E:\Katalon\Katalon_Studio_Windows_64-8.6.0\configuration\resources\lib\jna-platform-4.1.0.jar;E:\Katalon\Katalon_Studio_Windows_64-8.6.0\configuration\resources\lib\jzlib-1.1.3.jar;E:\Katalon\Katalon_Studio_Windows_64-8.6.0\configuration\resources\lib\kat-server.jar;E:\Katalon\Katalon_Studio_Windows_64-8.6.0\configuration\resources\lib\littleproxy-1.1.0-beta-bmp-17.jar;E:\Katalon\Katalon_Studio_Windows_64-8.6.0\configuration\resources\lib\log4j-1.2-a
Launcher Type: SUN_STANDARD

Environment Variables:
JAVA_HOME=C:\Program Files\Java\jdk1.8.0_202
USERNAME=HP
OS=Windows_NT
PROCESSOR_IDENTIFIER=Intel64 Family 6 Model 140 Stepping 1, GenuineIntel



---------------  S Y S T E M  ---------------

OS: Windows 10.0 , 64 bit Build 22000 (10.0.22000.1880)
HyperV virtualization detected

CPU:total 8 (initial active 8) (4 cores per cpu, 2 threads per core) family 6 model 140 stepping 1, cmov, cx8, fxsr, mmx, sse, sse2, sse3, ssse3, sse4.1, sse4.2, popcnt, avx, avx2, aes, clmul, erms, 3dnowpref, lzcnt, ht, tsc, tscinvbit, bmi1, bmi2, adx

Memory: 4k page, physical 8148984k(466124k free), swap 23640576k(5184k free)

vm_info: OpenJDK 64-Bit Server VM (25.282-b08) for windows-amd64 JRE (Zulu 8.52.0.23-CA-win64) (1.8.0_282-b08), built on Jan 12 2021 07:45:49 by "tester" with MS VC++ 10.0 (VS2010)

time: Fri Jun 23 22:38:07 2023
timezone: SE Asia Standard Time
elapsed time: 1.334923 seconds (0d 0h 0m 1s)

