#
# There is insufficient memory for the Java Runtime Environment to continue.
# Native memory allocation (malloc) failed to allocate 32744 bytes for ChunkPool::allocate
# Possible reasons:
#   The system is out of physical RAM or swap space
#   The process is running with CompressedOops enabled, and the Java Heap may be blocking the growth of the native heap
# Possible solutions:
#   Reduce memory load on the system
#   Increase physical memory or swap space
#   Check if swap backing store is full
#   Decrease Java heap size (-Xmx/-Xms)
#   Decrease number of Java threads
#   Decrease Java thread stack sizes (-Xss)
#   Set larger code cache with -XX:ReservedCodeCacheSize=
#   JVM is running with Unscaled Compressed Oops mode in which the Java heap is
#     placed in the first 4GB address space. The Java Heap base address is the
#     maximum limit for the native heap growth. Please use -XX:HeapBaseMinAddress
#     to set the Java Heap base and to place the Java Heap above 4GB virtual address.
# This output file may be truncated or incomplete.
#
#  Out of Memory Error (allocation.cpp:272), pid=33092, tid=0x0000000000002cd0
#
# JRE version: OpenJDK Runtime Environment (Zulu 8.52.0.23-CA-win64) (8.0_282-b08) (build 1.8.0_282-b08)
# Java VM: OpenJDK 64-Bit Server VM (25.282-b08 mixed mode windows-amd64 compressed oops)
# Failed to write core dump. Minidumps are not enabled by default on client versions of Windows
#

---------------  T H R E A D  ---------------

Current thread (0x000000001a072000):  JavaThread "C2 CompilerThread2" daemon [_thread_in_native, id=11472, stack(0x000000001ac30000,0x000000001ad30000)]

Stack: [0x000000001ac30000,0x000000001ad30000]
[error occurred during error reporting (printing stack bounds), id 0xc0000005]

Native frames: (J=compiled Java code, j=interpreted, Vv=VM code, C=native code)


Current CompileTask:
C2:   9745 2934       4       groovy.lang.MetaClassImpl$1MOPIter::methodNameAction (479 bytes)


---------------  P R O C E S S  ---------------

Java Threads: ( => current thread )
  0x000000001c2a4000 JavaThread "Exec Stream Pumper" daemon [_thread_in_native, id=36476, stack(0x0000000021680000,0x0000000021780000)]
  0x000000001c2a0000 JavaThread "Exec Stream Pumper" daemon [_thread_in_native, id=28860, stack(0x0000000021580000,0x0000000021680000)]
  0x000000001c2a3000 JavaThread "Exec Default Executor" daemon [_thread_in_native, id=34684, stack(0x0000000021480000,0x0000000021580000)]
  0x000000001c2a2800 JavaThread "Okio Watchdog" daemon [_thread_blocked, id=25480, stack(0x0000000021380000,0x0000000021480000)]
  0x000000001cf0f000 JavaThread "OkHttp ConnectionPool" daemon [_thread_blocked, id=32060, stack(0x0000000021280000,0x0000000021380000)]
  0x000000001c052800 JavaThread "ForkJoinPool.commonPool-worker-3" daemon [_thread_blocked, id=35500, stack(0x0000000021180000,0x0000000021280000)]
  0x000000001c051800 JavaThread "ForkJoinPool.commonPool-worker-2" daemon [_thread_blocked, id=22068, stack(0x0000000021080000,0x0000000021180000)]
  0x000000001be07000 JavaThread "ForkJoinPool.commonPool-worker-1" daemon [_thread_blocked, id=25496, stack(0x0000000020e80000,0x0000000020f80000)]
  0x000000001c278000 JavaThread "Exec Stream Pumper" daemon [_thread_in_native, id=35588, stack(0x0000000020980000,0x0000000020a80000)]
  0x000000001be1b800 JavaThread "Exec Stream Pumper" daemon [_thread_in_native, id=4876, stack(0x0000000020880000,0x0000000020980000)]
  0x000000001c0de000 JavaThread "UrlChecker-2" daemon [_thread_blocked, id=34884, stack(0x0000000020780000,0x0000000020880000)]
  0x000000001f960800 JavaThread "Exec Default Executor" daemon [_thread_in_native, id=3912, stack(0x000000001db20000,0x000000001dc20000)]
  0x000000001a083800 JavaThread "Service Thread" daemon [_thread_blocked, id=27056, stack(0x000000001ae30000,0x000000001af30000)]
  0x000000001a073000 JavaThread "C1 CompilerThread3" daemon [_thread_blocked, id=3620, stack(0x000000001ad30000,0x000000001ae30000)]
=>0x000000001a072000 JavaThread "C2 CompilerThread2" daemon [_thread_in_native, id=11472, stack(0x000000001ac30000,0x000000001ad30000)]
  0x000000001a070000 JavaThread "C2 CompilerThread1" daemon [_thread_blocked, id=19716, stack(0x000000001ab30000,0x000000001ac30000)]
  0x000000001a06f800 JavaThread "C2 CompilerThread0" daemon [_thread_blocked, id=30404, stack(0x000000001aa30000,0x000000001ab30000)]
  0x000000001a066000 JavaThread "Attach Listener" daemon [_thread_blocked, id=26032, stack(0x000000001a930000,0x000000001aa30000)]
  0x000000001a0be800 JavaThread "Signal Dispatcher" daemon [_thread_blocked, id=33724, stack(0x000000001a830000,0x000000001a930000)]
  0x0000000017b59800 JavaThread "Finalizer" daemon [_thread_blocked, id=27784, stack(0x0000000019e30000,0x0000000019f30000)]
  0x0000000019950800 JavaThread "Reference Handler" daemon [_thread_blocked, id=1348, stack(0x0000000019d30000,0x0000000019e30000)]
  0x00000000029ee000 JavaThread "Forwarding get on session 6c369e43afbedb52bce4c2954ece2027 to remote" [_thread_in_native, id=35592, stack(0x0000000002830000,0x0000000002930000)]

Other Threads:
  0x0000000017b49800 VMThread [stack: 0x0000000019830000,0x0000000019930000] [id=35696]
  0x000000001a09f800 WatcherThread [stack: 0x000000001af30000,0x000000001b030000] [id=25732]

VM state:not at safepoint (normal execution)

VM Mutex/Monitor currently owned by a thread: None

heap address: 0x0000000080000000, size: 2048 MB, Compressed Oops mode: 32-bit
Narrow klass base: 0x0000000000000000, Narrow klass shift: 3
Compressed class space size: 1073741824 Address: 0x0000000100000000

Heap:
 PSYoungGen      total 201216K, used 105681K [0x00000000d5580000, 0x00000000e6380000, 0x0000000100000000)
  eden space 194048K, 50% used [0x00000000d5580000,0x00000000db5f1c30,0x00000000e1300000)
  from space 7168K, 96% used [0x00000000e5c80000,0x00000000e6342ae0,0x00000000e6380000)
  to   space 10240K, 0% used [0x00000000e4f80000,0x00000000e4f80000,0x00000000e5980000)
 ParOldGen       total 62976K, used 11838K [0x0000000080000000, 0x0000000083d80000, 0x00000000d5580000)
  object space 62976K, 18% used [0x0000000080000000,0x0000000080b8f990,0x0000000083d80000)
 Metaspace       used 32122K, capacity 33105K, committed 33280K, reserved 1079296K
  class space    used 3950K, capacity 4240K, committed 4352K, reserved 1048576K

Card table byte_map: [0x0000000011ea0000,0x00000000122b0000] byte_map_base: 0x0000000011aa0000

Marking Bits: (ParMarkBitMap*) 0x000000005c441f00
 Begin Bits: [0x0000000012d60000, 0x0000000014d60000)
 End Bits:   [0x0000000014d60000, 0x0000000016d60000)

Polling page: 0x0000000000e80000

CodeCache: size=245760Kb used=11669Kb max_used=11669Kb free=234091Kb
 bounds [0x0000000002ae0000, 0x0000000003650000, 0x0000000011ae0000]
 total_blobs=3601 nmethods=2904 adapters=607
 compilation: enabled

Compilation events (10 events):
Event: 9.726 Thread 0x000000001a073000 2941       3       com.google.common.collect.RegularImmutableMap::checkNoConflictInKeyBucket (42 bytes)
Event: 9.726 Thread 0x000000001a073000 nmethod 2941 0x000000000364cd90 code [0x000000000364cf40, 0x000000000364d4c8]
Event: 9.726 Thread 0x000000001a073000 2940       3       com.google.common.collect.ImmutableMapEntry::<init> (12 bytes)
Event: 9.726 Thread 0x000000001a073000 nmethod 2940 0x000000000364c7d0 code [0x000000000364c940, 0x000000000364cc08]
Event: 9.726 Thread 0x000000001a073000 2942   !   3       java.util.Formatter$FormatSpecifier::width (59 bytes)
Event: 9.727 Thread 0x000000001a073000 nmethod 2942 0x000000000364c110 code [0x000000000364c2a0, 0x000000000364c5f8]
Event: 9.727 Thread 0x000000001a073000 2943   !   3       java.util.Formatter$FormatSpecifier::precision (63 bytes)
Event: 9.727 Thread 0x000000001a073000 nmethod 2943 0x000000000364b910 code [0x000000000364bac0, 0x000000000364bec8]
Event: 9.727 Thread 0x000000001a073000 2944       3       java.util.stream.AbstractPipeline::<init> (91 bytes)
Event: 9.727 Thread 0x000000001a073000 nmethod 2944 0x000000000364af10 code [0x000000000364b0c0, 0x000000000364b6b8]

GC Heap History (10 events):
Event: 1.732 GC heap before
{Heap before GC invocations=5 (full 0):
 PSYoungGen      total 70656K, used 70652K [0x00000000d5580000, 0x00000000d9f80000, 0x0000000100000000)
  eden space 65536K, 100% used [0x00000000d5580000,0x00000000d9580000,0x00000000d9580000)
  from space 5120K, 99% used [0x00000000d9a80000,0x00000000d9f7f060,0x00000000d9f80000)
  to   space 5120K, 0% used [0x00000000d9580000,0x00000000d9580000,0x00000000d9a80000)
 ParOldGen       total 86016K, used 329K [0x0000000080000000, 0x0000000085400000, 0x00000000d5580000)
  object space 86016K, 0% used [0x0000000080000000,0x0000000080052528,0x0000000085400000)
 Metaspace       used 17611K, capacity 17884K, committed 18176K, reserved 1064960K
  class space    used 1912K, capacity 2004K, committed 2048K, reserved 1048576K
Event: 1.739 GC heap after
Heap after GC invocations=5 (full 0):
 PSYoungGen      total 70656K, used 5088K [0x00000000d5580000, 0x00000000de580000, 0x0000000100000000)
  eden space 65536K, 0% used [0x00000000d5580000,0x00000000d5580000,0x00000000d9580000)
  from space 5120K, 99% used [0x00000000d9580000,0x00000000d9a780a8,0x00000000d9a80000)
  to   space 8192K, 0% used [0x00000000ddd80000,0x00000000ddd80000,0x00000000de580000)
 ParOldGen       total 86016K, used 3992K [0x0000000080000000, 0x0000000085400000, 0x00000000d5580000)
  object space 86016K, 4% used [0x0000000080000000,0x00000000803e6040,0x0000000085400000)
 Metaspace       used 17611K, capacity 17884K, committed 18176K, reserved 1064960K
  class space    used 1912K, capacity 2004K, committed 2048K, reserved 1048576K
}
Event: 2.197 GC heap before
{Heap before GC invocations=6 (full 0):
 PSYoungGen      total 70656K, used 70624K [0x00000000d5580000, 0x00000000de580000, 0x0000000100000000)
  eden space 65536K, 100% used [0x00000000d5580000,0x00000000d9580000,0x00000000d9580000)
  from space 5120K, 99% used [0x00000000d9580000,0x00000000d9a780a8,0x00000000d9a80000)
  to   space 8192K, 0% used [0x00000000ddd80000,0x00000000ddd80000,0x00000000de580000)
 ParOldGen       total 86016K, used 3992K [0x0000000080000000, 0x0000000085400000, 0x00000000d5580000)
  object space 86016K, 4% used [0x0000000080000000,0x00000000803e6040,0x0000000085400000)
 Metaspace       used 20668K, capacity 20908K, committed 21120K, reserved 1069056K
  class space    used 2291K, capacity 2392K, committed 2432K, reserved 1048576K
Event: 2.203 GC heap after
Heap after GC invocations=6 (full 0):
 PSYoungGen      total 137728K, used 8189K [0x00000000d5580000, 0x00000000de880000, 0x0000000100000000)
  eden space 129536K, 0% used [0x00000000d5580000,0x00000000d5580000,0x00000000dd400000)
  from space 8192K, 99% used [0x00000000ddd80000,0x00000000de57f440,0x00000000de580000)
  to   space 9728K, 0% used [0x00000000dd400000,0x00000000dd400000,0x00000000ddd80000)
 ParOldGen       total 86016K, used 4655K [0x0000000080000000, 0x0000000085400000, 0x00000000d5580000)
  object space 86016K, 5% used [0x0000000080000000,0x000000008048be90,0x0000000085400000)
 Metaspace       used 20668K, capacity 20908K, committed 21120K, reserved 1069056K
  class space    used 2291K, capacity 2392K, committed 2432K, reserved 1048576K
}
Event: 2.298 GC heap before
{Heap before GC invocations=7 (full 0):
 PSYoungGen      total 137728K, used 28893K [0x00000000d5580000, 0x00000000de880000, 0x0000000100000000)
  eden space 129536K, 15% used [0x00000000d5580000,0x00000000d69b83a8,0x00000000dd400000)
  from space 8192K, 99% used [0x00000000ddd80000,0x00000000de57f440,0x00000000de580000)
  to   space 9728K, 0% used [0x00000000dd400000,0x00000000dd400000,0x00000000ddd80000)
 ParOldGen       total 86016K, used 4655K [0x0000000080000000, 0x0000000085400000, 0x00000000d5580000)
  object space 86016K, 5% used [0x0000000080000000,0x000000008048be90,0x0000000085400000)
 Metaspace       used 20871K, capacity 21165K, committed 21296K, reserved 1069056K
  class space    used 2311K, capacity 2432K, committed 2432K, reserved 1048576K
Event: 2.307 GC heap after
Heap after GC invocations=7 (full 0):
 PSYoungGen      total 139264K, used 7691K [0x00000000d5580000, 0x00000000e6680000, 0x0000000100000000)
  eden space 129536K, 0% used [0x00000000d5580000,0x00000000d5580000,0x00000000dd400000)
  from space 9728K, 79% used [0x00000000dd400000,0x00000000ddb82c88,0x00000000ddd80000)
  to   space 10240K, 0% used [0x00000000e5c80000,0x00000000e5c80000,0x00000000e6680000)
 ParOldGen       total 86016K, used 7685K [0x0000000080000000, 0x0000000085400000, 0x00000000d5580000)
  object space 86016K, 8% used [0x0000000080000000,0x0000000080781440,0x0000000085400000)
 Metaspace       used 20871K, capacity 21165K, committed 21296K, reserved 1069056K
  class space    used 2311K, capacity 2432K, committed 2432K, reserved 1048576K
}
Event: 2.307 GC heap before
{Heap before GC invocations=8 (full 1):
 PSYoungGen      total 139264K, used 7691K [0x00000000d5580000, 0x00000000e6680000, 0x0000000100000000)
  eden space 129536K, 0% used [0x00000000d5580000,0x00000000d5580000,0x00000000dd400000)
  from space 9728K, 79% used [0x00000000dd400000,0x00000000ddb82c88,0x00000000ddd80000)
  to   space 10240K, 0% used [0x00000000e5c80000,0x00000000e5c80000,0x00000000e6680000)
 ParOldGen       total 86016K, used 7685K [0x0000000080000000, 0x0000000085400000, 0x00000000d5580000)
  object space 86016K, 8% used [0x0000000080000000,0x0000000080781440,0x0000000085400000)
 Metaspace       used 20871K, capacity 21165K, committed 21296K, reserved 1069056K
  class space    used 2311K, capacity 2432K, committed 2432K, reserved 1048576K
Event: 2.367 GC heap after
Heap after GC invocations=8 (full 1):
 PSYoungGen      total 139264K, used 0K [0x00000000d5580000, 0x00000000e6680000, 0x0000000100000000)
  eden space 129536K, 0% used [0x00000000d5580000,0x00000000d5580000,0x00000000dd400000)
  from space 9728K, 0% used [0x00000000dd400000,0x00000000dd400000,0x00000000ddd80000)
  to   space 10240K, 0% used [0x00000000e5c80000,0x00000000e5c80000,0x00000000e6680000)
 ParOldGen       total 62976K, used 11830K [0x0000000080000000, 0x0000000083d80000, 0x00000000d5580000)
  object space 62976K, 18% used [0x0000000080000000,0x0000000080b8d990,0x0000000083d80000)
 Metaspace       used 20871K, capacity 21165K, committed 21296K, reserved 1069056K
  class space    used 2311K, capacity 2432K, committed 2432K, reserved 1048576K
}
Event: 3.461 GC heap before
{Heap before GC invocations=9 (full 1):
 PSYoungGen      total 139264K, used 129536K [0x00000000d5580000, 0x00000000e6680000, 0x0000000100000000)
  eden space 129536K, 100% used [0x00000000d5580000,0x00000000dd400000,0x00000000dd400000)
  from space 9728K, 0% used [0x00000000dd400000,0x00000000dd400000,0x00000000ddd80000)
  to   space 10240K, 0% used [0x00000000e5c80000,0x00000000e5c80000,0x00000000e6680000)
 ParOldGen       total 62976K, used 11830K [0x0000000080000000, 0x0000000083d80000, 0x00000000d5580000)
  object space 62976K, 18% used [0x0000000080000000,0x0000000080b8d990,0x0000000083d80000)
 Metaspace       used 25425K, capacity 25801K, committed 25984K, reserved 1073152K
  class space    used 3026K, capacity 3170K, committed 3200K, reserved 1048576K
Event: 3.467 GC heap after
Heap after GC invocations=9 (full 1):
 PSYoungGen      total 201216K, used 6922K [0x00000000d5580000, 0x00000000e6380000, 0x0000000100000000)
  eden space 194048K, 0% used [0x00000000d5580000,0x00000000d5580000,0x00000000e1300000)
  from space 7168K, 96% used [0x00000000e5c80000,0x00000000e6342ae0,0x00000000e6380000)
  to   space 10240K, 0% used [0x00000000e4f80000,0x00000000e4f80000,0x00000000e5980000)
 ParOldGen       total 62976K, used 11838K [0x0000000080000000, 0x0000000083d80000, 0x00000000d5580000)
  object space 62976K, 18% used [0x0000000080000000,0x0000000080b8f990,0x0000000083d80000)
 Metaspace       used 25425K, capacity 25801K, committed 25984K, reserved 1073152K
  class space    used 3026K, capacity 3170K, committed 3200K, reserved 1048576K
}

Deoptimization events (10 events):
Event: 8.198 Thread 0x00000000029ee000 Uncommon trap: reason=class_check action=maybe_recompile pc=0x000000000355a084 method=org.openqa.selenium.json.Input.init()V @ 18
Event: 8.198 Thread 0x00000000029ee000 Uncommon trap: reason=class_check action=maybe_recompile pc=0x000000000355a084 method=org.openqa.selenium.json.Input.init()V @ 18
Event: 8.231 Thread 0x00000000029ee000 Uncommon trap: reason=unstable_if action=reinterpret pc=0x0000000002bf0650 method=sun.nio.cs.UTF_8$Encoder.encode([CII[B)I @ 33
Event: 8.246 Thread 0x00000000029ee000 Uncommon trap: reason=unstable_if action=reinterpret pc=0x00000000035bd528 method=org.apache.commons.lang3.text.translate.NumericEntityEscaper.translate(ILjava/io/Writer;)Z @ 12
Event: 8.246 Thread 0x00000000029ee000 Uncommon trap: reason=unstable_if action=reinterpret pc=0x00000000035bc244 method=org.apache.commons.lang3.text.translate.NumericEntityEscaper.translate(ILjava/io/Writer;)Z @ 12
Event: 8.289 Thread 0x00000000029ee000 Uncommon trap: reason=range_check action=make_not_entrant pc=0x00000000035f4ca0 method=java.lang.String.charAt(I)C @ 27
Event: 8.831 Thread 0x00000000029ee000 Uncommon trap: reason=class_check action=maybe_recompile pc=0x000000000335a4e8 method=java.util.HashSet.contains(Ljava/lang/Object;)Z @ 5
Event: 8.831 Thread 0x00000000029ee000 Uncommon trap: reason=class_check action=maybe_recompile pc=0x000000000335a4e8 method=java.util.HashSet.contains(Ljava/lang/Object;)Z @ 5
Event: 9.574 Thread 0x00000000029ee000 Uncommon trap: reason=bimorphic action=maybe_recompile pc=0x0000000002fe3f1c method=java.util.HashMap.putVal(ILjava/lang/Object;Ljava/lang/Object;ZZ)Ljava/lang/Object; @ 203
Event: 9.574 Thread 0x00000000029ee000 Uncommon trap: reason=bimorphic action=maybe_recompile pc=0x0000000002fe3f1c method=java.util.HashMap.putVal(ILjava/lang/Object;Ljava/lang/Object;ZZ)Ljava/lang/Object; @ 203

Classes redefined (0 events):
No events

Internal exceptions (10 events):
Event: 8.237 Thread 0x00000000029ee000 Exception <a 'java/lang/reflect/InvocationTargetException'> (0x00000000d9a955a0) thrown at [C:\jenkins\workspace\zulu8-silver-build-win64\zulu-src\hotspot\src\share\vm\runtime\reflection.cpp, line 1092]
Event: 8.805 Thread 0x000000001c0de000 Exception <a 'java/net/SocketTimeoutException': connect timed out> (0x00000000d7999720) thrown at [C:\jenkins\workspace\zulu8-silver-build-win64\zulu-src\hotspot\src\share\vm\prims\jni.cpp, line 738]
Event: 9.608 Thread 0x00000000029ee000 Exception <a 'java/net/SocketTimeoutException': Read timed out> (0x00000000dae5c6d8) thrown at [C:\jenkins\workspace\zulu8-silver-build-win64\zulu-src\hotspot\src\share\vm\prims\jni.cpp, line 738]
Event: 9.623 Thread 0x00000000029ee000 Exception <a 'java/net/SocketTimeoutException': Read timed out> (0x00000000dae78568) thrown at [C:\jenkins\workspace\zulu8-silver-build-win64\zulu-src\hotspot\src\share\vm\prims\jni.cpp, line 738]
Event: 9.639 Thread 0x00000000029ee000 Exception <a 'java/net/SocketTimeoutException': Read timed out> (0x00000000daf01530) thrown at [C:\jenkins\workspace\zulu8-silver-build-win64\zulu-src\hotspot\src\share\vm\prims\jni.cpp, line 738]
Event: 9.670 Thread 0x00000000029ee000 Exception <a 'java/net/SocketTimeoutException': Read timed out> (0x00000000daf38018) thrown at [C:\jenkins\workspace\zulu8-silver-build-win64\zulu-src\hotspot\src\share\vm\prims\jni.cpp, line 738]
Event: 9.686 Thread 0x00000000029ee000 Exception <a 'java/net/SocketTimeoutException': Read timed out> (0x00000000daf4fb80) thrown at [C:\jenkins\workspace\zulu8-silver-build-win64\zulu-src\hotspot\src\share\vm\prims\jni.cpp, line 738]
Event: 9.711 Thread 0x00000000029ee000 Exception <a 'java/lang/ClassNotFoundException': com/kms/katalon/core/webui/keyword/builtin/NavigateToUrlKeywordBeanInfo> (0x00000000db2a3c78) thrown at [C:\jenkins\workspace\zulu8-silver-build-win64\zulu-src\hotspot\src\share\vm\classfile\systemDictionar
Event: 9.714 Thread 0x00000000029ee000 Exception <a 'java/lang/ClassNotFoundException': com/kms/katalon/core/webui/keyword/builtin/NavigateToUrlKeywordCustomizer> (0x00000000db3857d0) thrown at [C:\jenkins\workspace\zulu8-silver-build-win64\zulu-src\hotspot\src\share\vm\classfile\systemDiction
Event: 9.732 Thread 0x00000000029ee000 Exception <a 'java/net/SocketTimeoutException': Read timed out> (0x00000000db502d48) thrown at [C:\jenkins\workspace\zulu8-silver-build-win64\zulu-src\hotspot\src\share\vm\prims\jni.cpp, line 738]

Events (10 events):
Event: 9.712 loading class com/kms/katalon/core/webui/keyword/builtin/NavigateToUrlKeywordCustomizer
Event: 9.712 loading class com/kms/katalon/core/webui/keyword/builtin/NavigateToUrlKeywordCustomizer done
Event: 9.714 loading class com/kms/katalon/core/webui/keyword/builtin/NavigateToUrlKeywordCustomizer
Event: 9.714 loading class com/kms/katalon/core/webui/keyword/builtin/NavigateToUrlKeywordCustomizer done
Event: 9.720 loading class groovy/runtime/metaclass/com/kms/katalon/core/webui/keyword/builtin/NavigateToUrlKeyword$_navigateToUrl_closure1MetaClass
Event: 9.720 loading class groovy/runtime/metaclass/com/kms/katalon/core/webui/keyword/builtin/NavigateToUrlKeyword$_navigateToUrl_closure1MetaClass done
Event: 9.722 loading class java/nio/file/InvalidPathException
Event: 9.722 loading class java/nio/file/InvalidPathException done
Event: 9.723 loading class sun/net/www/protocol/https/Handler
Event: 9.723 loading class sun/net/www/protocol/https/Handler done


Dynamic libraries:
0x00007ff64d0d0000 - 0x00007ff64d105000 	E:\Katalon\Katalon_Studio_Windows_64-8.6.0\jre\bin\javaw.exe
0x00007ff971600000 - 0x00007ff971809000 	C:\WINDOWS\SYSTEM32\ntdll.dll
0x00007ff970050000 - 0x00007ff97010e000 	C:\WINDOWS\System32\KERNEL32.DLL
0x00007ff96eea0000 - 0x00007ff96f224000 	C:\WINDOWS\System32\KERNELBASE.dll
0x00007ff96b930000 - 0x00007ff96b9c2000 	C:\WINDOWS\SYSTEM32\apphelp.dll
0x00007ff970650000 - 0x00007ff9706ff000 	C:\WINDOWS\System32\ADVAPI32.dll
0x00007ff96f480000 - 0x00007ff96f523000 	C:\WINDOWS\System32\msvcrt.dll
0x00007ff96f8a0000 - 0x00007ff96f93e000 	C:\WINDOWS\System32\sechost.dll
0x00007ff970cc0000 - 0x00007ff970de1000 	C:\WINDOWS\System32\RPCRT4.dll
0x00007ff96f5e0000 - 0x00007ff96f78d000 	C:\WINDOWS\System32\USER32.dll
0x00007ff96ec90000 - 0x00007ff96ecb6000 	C:\WINDOWS\System32\win32u.dll
0x00007ff96f870000 - 0x00007ff96f89a000 	C:\WINDOWS\System32\GDI32.dll
0x00007ff96f350000 - 0x00007ff96f46f000 	C:\WINDOWS\System32\gdi32full.dll
0x00007ff96eab0000 - 0x00007ff96eb4d000 	C:\WINDOWS\System32\msvcp_win.dll
0x00007ff96f230000 - 0x00007ff96f341000 	C:\WINDOWS\System32\ucrtbase.dll
0x00007ff94cab0000 - 0x00007ff94cd55000 	C:\WINDOWS\WinSxS\amd64_microsoft.windows.common-controls_6595b64144ccf1df_6.0.22000.120_none_9d947278b86cc467\COMCTL32.dll
0x00007ff96f5a0000 - 0x00007ff96f5d1000 	C:\WINDOWS\System32\IMM32.DLL
0x000000005ba40000 - 0x000000005bb12000 	E:\Katalon\Katalon_Studio_Windows_64-8.6.0\jre\bin\msvcr100.dll
0x000000005bc00000 - 0x000000005c4c5000 	E:\Katalon\Katalon_Studio_Windows_64-8.6.0\jre\bin\server\jvm.dll
0x00007ff96f470000 - 0x00007ff96f478000 	C:\WINDOWS\System32\PSAPI.DLL
0x00007ff968bf0000 - 0x00007ff968bfa000 	C:\WINDOWS\SYSTEM32\VERSION.dll
0x00007ff968840000 - 0x00007ff968873000 	C:\WINDOWS\SYSTEM32\WINMM.dll
0x00007ff95a040000 - 0x00007ff95a049000 	C:\WINDOWS\SYSTEM32\WSOCK32.dll
0x00007ff96ff70000 - 0x00007ff96ffdf000 	C:\WINDOWS\System32\WS2_32.dll
0x00007ff9693d0000 - 0x00007ff9693df000 	E:\Katalon\Katalon_Studio_Windows_64-8.6.0\jre\bin\verify.dll
0x00007ff9597c0000 - 0x00007ff9597e9000 	E:\Katalon\Katalon_Studio_Windows_64-8.6.0\jre\bin\java.dll
0x00007ff95a780000 - 0x00007ff95a796000 	E:\Katalon\Katalon_Studio_Windows_64-8.6.0\jre\bin\zip.dll
0x00007ff970df0000 - 0x00007ff9715b5000 	C:\WINDOWS\System32\SHELL32.dll
0x00007ff96cb60000 - 0x00007ff96d3c4000 	C:\WINDOWS\SYSTEM32\windows.storage.dll
0x00007ff970700000 - 0x00007ff970a76000 	C:\WINDOWS\System32\combase.dll
0x00007ff96c9f0000 - 0x00007ff96cb57000 	C:\WINDOWS\SYSTEM32\wintypes.dll
0x00007ff970500000 - 0x00007ff9705ea000 	C:\WINDOWS\System32\SHCORE.dll
0x00007ff96f530000 - 0x00007ff96f58d000 	C:\WINDOWS\System32\shlwapi.dll
0x00007ff96e9e0000 - 0x00007ff96ea01000 	C:\WINDOWS\SYSTEM32\profapi.dll
0x00007ff95a3f0000 - 0x00007ff95a40b000 	E:\Katalon\Katalon_Studio_Windows_64-8.6.0\jre\bin\net.dll
0x00007ff96e0c0000 - 0x00007ff96e127000 	C:\WINDOWS\system32\mswsock.dll
0x00007ff95a080000 - 0x00007ff95a091000 	E:\Katalon\Katalon_Studio_Windows_64-8.6.0\jre\bin\nio.dll
0x00007ff96e310000 - 0x00007ff96e328000 	C:\WINDOWS\SYSTEM32\CRYPTSP.dll
0x00007ff96db60000 - 0x00007ff96db95000 	C:\WINDOWS\system32\rsaenh.dll
0x00007ff96e1c0000 - 0x00007ff96e1e9000 	C:\WINDOWS\SYSTEM32\USERENV.dll
0x00007ff96e490000 - 0x00007ff96e4b7000 	C:\WINDOWS\SYSTEM32\bcrypt.dll
0x00007ff96eb50000 - 0x00007ff96ebcf000 	C:\WINDOWS\System32\bcryptprimitives.dll
0x00007ff96e330000 - 0x00007ff96e33c000 	C:\WINDOWS\SYSTEM32\CRYPTBASE.dll
0x00007ff96d700000 - 0x00007ff96d72d000 	C:\WINDOWS\SYSTEM32\IPHLPAPI.DLL
0x00007ff96f590000 - 0x00007ff96f599000 	C:\WINDOWS\System32\NSI.dll
0x00007ff968c00000 - 0x00007ff968c19000 	C:\WINDOWS\SYSTEM32\dhcpcsvc6.DLL
0x00007ff968ef0000 - 0x00007ff968f0e000 	C:\WINDOWS\SYSTEM32\dhcpcsvc.DLL
0x00007ff96d730000 - 0x00007ff96d818000 	C:\WINDOWS\SYSTEM32\DNSAPI.dll
0x00007ff964820000 - 0x00007ff96482a000 	C:\Windows\System32\rasadhlp.dll
0x00007ff964d70000 - 0x00007ff964df2000 	C:\WINDOWS\System32\fwpuclnt.dll
0x00007ff9549d0000 - 0x00007ff9549f4000 	E:\Katalon\Katalon_Studio_Windows_64-8.6.0\jre\bin\sunec.dll
0x00007ff968900000 - 0x00007ff96890c000 	E:\Katalon\Katalon_Studio_Windows_64-8.6.0\jre\bin\sunmscapi.dll
0x00007ff96ecc0000 - 0x00007ff96ee2a000 	C:\WINDOWS\System32\CRYPT32.dll
0x00007ff96e460000 - 0x00007ff96e48a000 	C:\WINDOWS\SYSTEM32\ncrypt.dll
0x00007ff96e420000 - 0x00007ff96e457000 	C:\WINDOWS\SYSTEM32\NTASN1.dll
0x00007ff969310000 - 0x00007ff969327000 	C:\WINDOWS\system32\napinsp.dll
0x00007ff9615c0000 - 0x00007ff9615db000 	C:\WINDOWS\system32\pnrpnsp.dll
0x00007ff95c290000 - 0x00007ff95c2a2000 	C:\WINDOWS\System32\winrnr.dll
0x00007ff965780000 - 0x00007ff965795000 	C:\WINDOWS\system32\wshbth.dll
0x00007ff95ab70000 - 0x00007ff95ab8f000 	C:\WINDOWS\system32\nlansp_c.dll

VM Arguments:
jvm_args: -Dgroovy.home=C:\Users\HP/.groovy -Djava.system.class.loader=groovy.lang.GroovyClassLoader -Xmx2048m -Dfile.encoding=UTF-8 
java_command: org.codehaus.groovy.tools.GroovyStarter --classpath D:\capstone\ulang\qe-katalon-web\bin\keyword;D:\capstone\ulang\qe-katalon-web\Keywords;D:\capstone\ulang\qe-katalon-web\bin\listener;D:\capstone\ulang\qe-katalon-web\Test Listeners;D:\capstone\ulang\qe-katalon-web\bin\lib;D:\capstone\ulang\qe-katalon-web\Libs;D:\capstone\ulang\qe-katalon-web\bin\groovy;D:\capstone\ulang\qe-katalon-web\Include\scripts\groovy;E:\Katalon\Katalon_Studio_Windows_64-8.6.0\plugins\com.kms.katalon.core_1.0.0.202303100818.jar;E:\Katalon\Katalon_Studio_Windows_64-8.6.0\configuration\resources\lib\aalto-xml-1.0.0.jar;E:\Katalon\Katalon_Studio_Windows_64-8.6.0\configuration\resources\lib\aspectjweaver-1.9.1.jar;E:\Katalon\Katalon_Studio_Windows_64-8.6.0\configuration\resources\lib\bcpkix-jdk15on-1.64.jar;E:\Katalon\Katalon_Studio_Windows_64-8.6.0\configuration\resources\lib\bcprov-jdk15on-1.64.jar;E:\Katalon\Katalon_Studio_Windows_64-8.6.0\configuration\resources\lib\browsermob-core-2.1.5.jar;E:\Katalon\Katalon_Studio_Windows_64-8.6.0\configuration\resources\lib\cglib-3.2.10.jar;E:\Katalon\Katalon_Studio_Windows_64-8.6.0\configuration\resources\lib\commons-codec-1.10.jar;E:\Katalon\Katalon_Studio_Windows_64-8.6.0\configuration\resources\lib\commons-collections4-4.1.jar;E:\Katalon\Katalon_Studio_Windows_64-8.6.0\configuration\resources\lib\commons-validator-1.6.jar;E:\Katalon\Katalon_Studio_Windows_64-8.6.0\configuration\resources\lib\curvesapi-1.04.jar;E:\Katalon\Katalon_Studio_Windows_64-8.6.0\configuration\resources\lib\dnsjava-2.1.8.jar;E:\Katalon\Katalon_Studio_Windows_64-8.6.0\configuration\resources\lib\java-client-7.0.0.jar;E:\Katalon\Katalon_Studio_Windows_64-8.6.0\configuration\resources\lib\jna-4.1.0.jar;E:\Katalon\Katalon_Studio_Windows_64-8.6.0\configuration\resources\lib\jna-platform-4.1.0.jar;E:\Katalon\Katalon_Studio_Windows_64-8.6.0\configuration\resources\lib\jzlib-1.1.3.jar;E:\Katalon\Katalon_Studio_Windows_64-8.6.0\configuration\resources\lib\kat-server.jar;E
java_class_path (initial): D:\capstone\ulang\qe-katalon-web\bin\keyword;D:\capstone\ulang\qe-katalon-web\bin\listener;D:\capstone\ulang\qe-katalon-web\bin\lib;D:\capstone\ulang\qe-katalon-web\bin\groovy;D:\capstone\ulang\qe-katalon-web\bin;E:\Katalon\Katalon_Studio_Windows_64-8.6.0\plugins\com.kms.katalon.core_1.0.0.202303100818.jar;E:\Katalon\Katalon_Studio_Windows_64-8.6.0\configuration\resources\lib\aalto-xml-1.0.0.jar;E:\Katalon\Katalon_Studio_Windows_64-8.6.0\configuration\resources\lib\aspectjweaver-1.9.1.jar;E:\Katalon\Katalon_Studio_Windows_64-8.6.0\configuration\resources\lib\bcpkix-jdk15on-1.64.jar;E:\Katalon\Katalon_Studio_Windows_64-8.6.0\configuration\resources\lib\bcprov-jdk15on-1.64.jar;E:\Katalon\Katalon_Studio_Windows_64-8.6.0\configuration\resources\lib\browsermob-core-2.1.5.jar;E:\Katalon\Katalon_Studio_Windows_64-8.6.0\configuration\resources\lib\cglib-3.2.10.jar;E:\Katalon\Katalon_Studio_Windows_64-8.6.0\configuration\resources\lib\commons-codec-1.10.jar;E:\Katalon\Katalon_Studio_Windows_64-8.6.0\configuration\resources\lib\commons-collections4-4.1.jar;E:\Katalon\Katalon_Studio_Windows_64-8.6.0\configuration\resources\lib\commons-validator-1.6.jar;E:\Katalon\Katalon_Studio_Windows_64-8.6.0\configuration\resources\lib\curvesapi-1.04.jar;E:\Katalon\Katalon_Studio_Windows_64-8.6.0\configuration\resources\lib\dnsjava-2.1.8.jar;E:\Katalon\Katalon_Studio_Windows_64-8.6.0\configuration\resources\lib\java-client-7.0.0.jar;E:\Katalon\Katalon_Studio_Windows_64-8.6.0\configuration\resources\lib\jna-4.1.0.jar;E:\Katalon\Katalon_Studio_Windows_64-8.6.0\configuration\resources\lib\jna-platform-4.1.0.jar;E:\Katalon\Katalon_Studio_Windows_64-8.6.0\configuration\resources\lib\jzlib-1.1.3.jar;E:\Katalon\Katalon_Studio_Windows_64-8.6.0\configuration\resources\lib\kat-server.jar;E:\Katalon\Katalon_Studio_Windows_64-8.6.0\configuration\resources\lib\littleproxy-1.1.0-beta-bmp-17.jar;E:\Katalon\Katalon_Studio_Windows_64-8.6.0\configuration\resources\lib\log4j-1.2-a
Launcher Type: SUN_STANDARD

Environment Variables:
JAVA_HOME=C:\Program Files\Java\jdk1.8.0_202
USERNAME=HP
OS=Windows_NT
PROCESSOR_IDENTIFIER=Intel64 Family 6 Model 140 Stepping 1, GenuineIntel



---------------  S Y S T E M  ---------------

OS: Windows 10.0 , 64 bit Build 22000 (10.0.22000.1880)
HyperV virtualization detected

CPU:total 8 (initial active 8) (4 cores per cpu, 2 threads per core) family 6 model 140 stepping 1, cmov, cx8, fxsr, mmx, sse, sse2, sse3, ssse3, sse4.1, sse4.2, popcnt, avx, avx2, aes, clmul, erms, 3dnowpref, lzcnt, ht, tsc, tscinvbit, bmi1, bmi2, adx

Memory: 4k page, physical 8148984k(672572k free), swap 23838088k(624k free)

vm_info: OpenJDK 64-Bit Server VM (25.282-b08) for windows-amd64 JRE (Zulu 8.52.0.23-CA-win64) (1.8.0_282-b08), built on Jan 12 2021 07:45:49 by "tester" with MS VC++ 10.0 (VS2010)

time: Fri Jun 23 22:52:08 2023
timezone: SE Asia Standard Time
elapsed time: 9.758564 seconds (0d 0h 0m 9s)

