#
# There is insufficient memory for the Java Runtime Environment to continue.
# Native memory allocation (malloc) failed to allocate 1455856 bytes for Chunk::new
# Possible reasons:
#   The system is out of physical RAM or swap space
#   The process is running with CompressedOops enabled, and the Java Heap may be blocking the growth of the native heap
# Possible solutions:
#   Reduce memory load on the system
#   Increase physical memory or swap space
#   Check if swap backing store is full
#   Decrease Java heap size (-Xmx/-Xms)
#   Decrease number of Java threads
#   Decrease Java thread stack sizes (-Xss)
#   Set larger code cache with -XX:ReservedCodeCacheSize=
#   JVM is running with Unscaled Compressed Oops mode in which the Java heap is
#     placed in the first 4GB address space. The Java Heap base address is the
#     maximum limit for the native heap growth. Please use -XX:HeapBaseMinAddress
#     to set the Java Heap base and to place the Java Heap above 4GB virtual address.
# This output file may be truncated or incomplete.
#
#  Out of Memory Error (allocation.cpp:389), pid=15700, tid=0x000000000000431c
#
# JRE version: OpenJDK Runtime Environment (Zulu 8.52.0.23-CA-win64) (8.0_282-b08) (build 1.8.0_282-b08)
# Java VM: OpenJDK 64-Bit Server VM (25.282-b08 mixed mode windows-amd64 compressed oops)
# Failed to write core dump. Minidumps are not enabled by default on client versions of Windows
#

---------------  T H R E A D  ---------------

Current thread (0x000000001a024000):  JavaThread "C2 CompilerThread2" daemon [_thread_in_native, id=17180, stack(0x000000001abf0000,0x000000001acf0000)]

Stack: [0x000000001abf0000,0x000000001acf0000]
[error occurred during error reporting (printing stack bounds), id 0xc0000005]

Native frames: (J=compiled Java code, j=interpreted, Vv=VM code, C=native code)


Current CompileTask:
C2:   3770 2142       4       groovy.lang.MetaClassImpl$1MOPIter::methodNameAction (479 bytes)


---------------  P R O C E S S  ---------------

Java Threads: ( => current thread )
  0x0000000019cd8800 JavaThread "Service Thread" daemon [_thread_blocked, id=35060, stack(0x000000001adf0000,0x000000001aef0000)]
  0x000000001a025000 JavaThread "C1 CompilerThread3" daemon [_thread_blocked, id=24892, stack(0x000000001acf0000,0x000000001adf0000)]
=>0x000000001a024000 JavaThread "C2 CompilerThread2" daemon [_thread_in_native, id=17180, stack(0x000000001abf0000,0x000000001acf0000)]
  0x000000001a01f000 JavaThread "C2 CompilerThread1" daemon [_thread_in_native, id=33640, stack(0x000000001aaf0000,0x000000001abf0000)]
  0x000000001a01e800 JavaThread "C2 CompilerThread0" daemon [_thread_in_native, id=35128, stack(0x000000001a9f0000,0x000000001aaf0000)]
  0x000000001a009800 JavaThread "Attach Listener" daemon [_thread_blocked, id=35188, stack(0x000000001a8f0000,0x000000001a9f0000)]
  0x000000001a00c800 JavaThread "Signal Dispatcher" daemon [_thread_blocked, id=16688, stack(0x000000001a7f0000,0x000000001a8f0000)]
  0x0000000017b39800 JavaThread "Finalizer" daemon [_thread_blocked, id=24284, stack(0x0000000019df0000,0x0000000019ef0000)]
  0x0000000019910800 JavaThread "Reference Handler" daemon [_thread_blocked, id=13104, stack(0x0000000019cf0000,0x0000000019df0000)]
  0x00000000029ce000 JavaThread "main" [_thread_in_Java, id=24084, stack(0x00000000028c0000,0x00000000029c0000)]

Other Threads:
  0x0000000017b29800 VMThread [stack: 0x00000000197f0000,0x00000000198f0000] [id=33300]
  0x000000001a014800 WatcherThread [stack: 0x000000001aef0000,0x000000001aff0000] [id=1412]

VM state:not at safepoint (normal execution)

VM Mutex/Monitor currently owned by a thread: None

heap address: 0x0000000080000000, size: 2048 MB, Compressed Oops mode: 32-bit
Narrow klass base: 0x0000000000000000, Narrow klass shift: 3
Compressed class space size: 1073741824 Address: 0x0000000100000000

Heap:
 PSYoungGen      total 70656K, used 29796K [0x00000000d5580000, 0x00000000db980000, 0x0000000100000000)
  eden space 60928K, 39% used [0x00000000d5580000,0x00000000d6d22e58,0x00000000d9100000)
  from space 9728K, 57% used [0x00000000d9100000,0x00000000d9676468,0x00000000d9a80000)
  to   space 9216K, 0% used [0x00000000db080000,0x00000000db080000,0x00000000db980000)
 ParOldGen       total 60928K, used 10854K [0x0000000080000000, 0x0000000083b80000, 0x00000000d5580000)
  object space 60928K, 17% used [0x0000000080000000,0x0000000080a99820,0x0000000083b80000)
 Metaspace       used 26458K, capacity 26870K, committed 27264K, reserved 1073152K
  class space    used 3166K, capacity 3333K, committed 3456K, reserved 1048576K

Card table byte_map: [0x0000000011e80000,0x0000000012290000] byte_map_base: 0x0000000011a80000

Marking Bits: (ParMarkBitMap*) 0x000000005c441f00
 Begin Bits: [0x0000000012d40000, 0x0000000014d40000)
 End Bits:   [0x0000000014d40000, 0x0000000016d40000)

Polling page: 0x0000000000ef0000

CodeCache: size=245760Kb used=9365Kb max_used=9365Kb free=236394Kb
 bounds [0x0000000002ac0000, 0x00000000033f0000, 0x0000000011ac0000]
 total_blobs=2897 nmethods=2246 adapters=561
 compilation: disabled (not enough contiguous free space left)

Compilation events (10 events):
Event: 3.735 Thread 0x000000001a025000 nmethod 2248 0x00000000033e7c10 code [0x00000000033e7e00, 0x00000000033e8988]
Event: 3.738 Thread 0x000000001a025000 2249       3       com.google.common.collect.AbstractIndexedListIterator::hasNext (17 bytes)
Event: 3.738 Thread 0x000000001a025000 nmethod 2249 0x00000000033e8e10 code [0x00000000033e8f60, 0x00000000033e9110]
Event: 3.741 Thread 0x000000001a025000 2250       3       com.google.common.collect.AbstractIndexedListIterator::next (31 bytes)
Event: 3.741 Thread 0x000000001a025000 nmethod 2250 0x00000000033e9190 code [0x00000000033e9320, 0x00000000033e9778]
Event: 3.741 Thread 0x000000001a025000 2251       3       com.google.common.collect.Iterators$ArrayItr::get (12 bytes)
Event: 3.741 Thread 0x000000001a025000 nmethod 2251 0x00000000033e98d0 code [0x00000000033e9a20, 0x00000000033e9b90]
Event: 3.750 Thread 0x000000001a01e800 2252  s    4       sun.misc.URLClassPath::getNextLoader (88 bytes)
Event: 3.754 Thread 0x000000001a025000 2254       3       java.net.URLStreamHandler::parseURL (1193 bytes)
Event: 3.766 Thread 0x000000001a025000 


GC Heap History (10 events):
Event: 2.396 GC heap before
{Heap before GC invocations=6 (full 0):
 PSYoungGen      total 70656K, used 70624K [0x00000000d5580000, 0x00000000d9f80000, 0x0000000100000000)
  eden space 65536K, 100% used [0x00000000d5580000,0x00000000d9580000,0x00000000d9580000)
  from space 5120K, 99% used [0x00000000d9580000,0x00000000d9a780c8,0x00000000d9a80000)
  to   space 5120K, 0% used [0x00000000d9a80000,0x00000000d9a80000,0x00000000d9f80000)
 ParOldGen       total 86016K, used 4016K [0x0000000080000000, 0x0000000085400000, 0x00000000d5580000)
  object space 86016K, 4% used [0x0000000080000000,0x00000000803ec208,0x0000000085400000)
 Metaspace       used 20690K, capacity 20976K, committed 21296K, reserved 1069056K
  class space    used 2290K, capacity 2392K, committed 2432K, reserved 1048576K
Event: 2.401 GC heap after
Heap after GC invocations=6 (full 0):
 PSYoungGen      total 70656K, used 5112K [0x00000000d5580000, 0x00000000d9f80000, 0x0000000100000000)
  eden space 65536K, 0% used [0x00000000d5580000,0x00000000d5580000,0x00000000d9580000)
  from space 5120K, 99% used [0x00000000d9a80000,0x00000000d9f7e100,0x00000000d9f80000)
  to   space 5120K, 0% used [0x00000000d9580000,0x00000000d9580000,0x00000000d9a80000)
 ParOldGen       total 86016K, used 7720K [0x0000000080000000, 0x0000000085400000, 0x00000000d5580000)
  object space 86016K, 8% used [0x0000000080000000,0x000000008078a0a8,0x0000000085400000)
 Metaspace       used 20690K, capacity 20976K, committed 21296K, reserved 1069056K
  class space    used 2290K, capacity 2392K, committed 2432K, reserved 1048576K
}
Event: 2.457 GC heap before
{Heap before GC invocations=7 (full 0):
 PSYoungGen      total 70656K, used 19468K [0x00000000d5580000, 0x00000000d9f80000, 0x0000000100000000)
  eden space 65536K, 21% used [0x00000000d5580000,0x00000000d63852e0,0x00000000d9580000)
  from space 5120K, 99% used [0x00000000d9a80000,0x00000000d9f7e100,0x00000000d9f80000)
  to   space 5120K, 0% used [0x00000000d9580000,0x00000000d9580000,0x00000000d9a80000)
 ParOldGen       total 86016K, used 7720K [0x0000000080000000, 0x0000000085400000, 0x00000000d5580000)
  object space 86016K, 8% used [0x0000000080000000,0x000000008078a0a8,0x0000000085400000)
 Metaspace       used 20823K, capacity 21094K, committed 21296K, reserved 1069056K
  class space    used 2303K, capacity 2430K, committed 2432K, reserved 1048576K
Event: 2.462 GC heap after
Heap after GC invocations=7 (full 0):
 PSYoungGen      total 70656K, used 4672K [0x00000000d5580000, 0x00000000d9f80000, 0x0000000100000000)
  eden space 65536K, 0% used [0x00000000d5580000,0x00000000d5580000,0x00000000d9580000)
  from space 5120K, 91% used [0x00000000d9580000,0x00000000d9a10000,0x00000000d9a80000)
  to   space 5120K, 0% used [0x00000000d9a80000,0x00000000d9a80000,0x00000000d9f80000)
 ParOldGen       total 86016K, used 10311K [0x0000000080000000, 0x0000000085400000, 0x00000000d5580000)
  object space 86016K, 11% used [0x0000000080000000,0x0000000080a11c00,0x0000000085400000)
 Metaspace       used 20823K, capacity 21094K, committed 21296K, reserved 1069056K
  class space    used 2303K, capacity 2430K, committed 2432K, reserved 1048576K
}
Event: 2.462 GC heap before
{Heap before GC invocations=8 (full 1):
 PSYoungGen      total 70656K, used 4672K [0x00000000d5580000, 0x00000000d9f80000, 0x0000000100000000)
  eden space 65536K, 0% used [0x00000000d5580000,0x00000000d5580000,0x00000000d9580000)
  from space 5120K, 91% used [0x00000000d9580000,0x00000000d9a10000,0x00000000d9a80000)
  to   space 5120K, 0% used [0x00000000d9a80000,0x00000000d9a80000,0x00000000d9f80000)
 ParOldGen       total 86016K, used 10311K [0x0000000080000000, 0x0000000085400000, 0x00000000d5580000)
  object space 86016K, 11% used [0x0000000080000000,0x0000000080a11c00,0x0000000085400000)
 Metaspace       used 20823K, capacity 21094K, committed 21296K, reserved 1069056K
  class space    used 2303K, capacity 2430K, committed 2432K, reserved 1048576K
Event: 2.510 GC heap after
Heap after GC invocations=8 (full 1):
 PSYoungGen      total 70656K, used 0K [0x00000000d5580000, 0x00000000d9f80000, 0x0000000100000000)
  eden space 65536K, 0% used [0x00000000d5580000,0x00000000d5580000,0x00000000d9580000)
  from space 5120K, 0% used [0x00000000d9580000,0x00000000d9580000,0x00000000d9a80000)
  to   space 5120K, 0% used [0x00000000d9a80000,0x00000000d9a80000,0x00000000d9f80000)
 ParOldGen       total 60928K, used 10838K [0x0000000080000000, 0x0000000083b80000, 0x00000000d5580000)
  object space 60928K, 17% used [0x0000000080000000,0x0000000080a95820,0x0000000083b80000)
 Metaspace       used 20823K, capacity 21094K, committed 21296K, reserved 1069056K
  class space    used 2303K, capacity 2430K, committed 2432K, reserved 1048576K
}
Event: 2.878 GC heap before
{Heap before GC invocations=9 (full 1):
 PSYoungGen      total 70656K, used 65536K [0x00000000d5580000, 0x00000000d9f80000, 0x0000000100000000)
  eden space 65536K, 100% used [0x00000000d5580000,0x00000000d9580000,0x00000000d9580000)
  from space 5120K, 0% used [0x00000000d9580000,0x00000000d9580000,0x00000000d9a80000)
  to   space 5120K, 0% used [0x00000000d9a80000,0x00000000d9a80000,0x00000000d9f80000)
 ParOldGen       total 60928K, used 10838K [0x0000000080000000, 0x0000000083b80000, 0x00000000d5580000)
  object space 60928K, 17% used [0x0000000080000000,0x0000000080a95820,0x0000000083b80000)
 Metaspace       used 22515K, capacity 22938K, committed 23216K, reserved 1069056K
  class space    used 2592K, capacity 2749K, committed 2816K, reserved 1048576K
Event: 2.881 GC heap after
Heap after GC invocations=9 (full 1):
 PSYoungGen      total 66048K, used 3282K [0x00000000d5580000, 0x00000000dcc80000, 0x0000000100000000)
  eden space 60928K, 0% used [0x00000000d5580000,0x00000000d5580000,0x00000000d9100000)
  from space 5120K, 64% used [0x00000000d9a80000,0x00000000d9db4b68,0x00000000d9f80000)
  to   space 9728K, 0% used [0x00000000d9100000,0x00000000d9100000,0x00000000d9a80000)
 ParOldGen       total 60928K, used 10846K [0x0000000080000000, 0x0000000083b80000, 0x00000000d5580000)
  object space 60928K, 17% used [0x0000000080000000,0x0000000080a97820,0x0000000083b80000)
 Metaspace       used 22515K, capacity 22938K, committed 23216K, reserved 1069056K
  class space    used 2592K, capacity 2749K, committed 2816K, reserved 1048576K
}
Event: 3.477 GC heap before
{Heap before GC invocations=10 (full 1):
 PSYoungGen      total 66048K, used 64210K [0x00000000d5580000, 0x00000000dcc80000, 0x0000000100000000)
  eden space 60928K, 100% used [0x00000000d5580000,0x00000000d9100000,0x00000000d9100000)
  from space 5120K, 64% used [0x00000000d9a80000,0x00000000d9db4b68,0x00000000d9f80000)
  to   space 9728K, 0% used [0x00000000d9100000,0x00000000d9100000,0x00000000d9a80000)
 ParOldGen       total 60928K, used 10846K [0x0000000080000000, 0x0000000083b80000, 0x00000000d5580000)
  object space 60928K, 17% used [0x0000000080000000,0x0000000080a97820,0x0000000083b80000)
 Metaspace       used 25292K, capacity 25632K, committed 25984K, reserved 1073152K
  class space    used 3000K, capacity 3135K, committed 3200K, reserved 1048576K
Event: 3.512 GC heap after
Heap after GC invocations=10 (full 1):
 PSYoungGen      total 70656K, used 5593K [0x00000000d5580000, 0x00000000db980000, 0x0000000100000000)
  eden space 60928K, 0% used [0x00000000d5580000,0x00000000d5580000,0x00000000d9100000)
  from space 9728K, 57% used [0x00000000d9100000,0x00000000d9676468,0x00000000d9a80000)
  to   space 9216K, 0% used [0x00000000db080000,0x00000000db080000,0x00000000db980000)
 ParOldGen       total 60928K, used 10854K [0x0000000080000000, 0x0000000083b80000, 0x00000000d5580000)
  object space 60928K, 17% used [0x0000000080000000,0x0000000080a99820,0x0000000083b80000)
 Metaspace       used 25292K, capacity 25632K, committed 25984K, reserved 1073152K
  class space    used 3000K, capacity 3135K, committed 3200K, reserved 1048576K
}

Deoptimization events (10 events):
Event: 3.045 Thread 0x00000000029ce000 Uncommon trap: reason=bimorphic action=maybe_recompile pc=0x0000000003357b3c method=java.util.regex.Pattern$CharProperty.match(Ljava/util/regex/Matcher;ILjava/lang/CharSequence;)Z @ 37
Event: 3.045 Thread 0x00000000029ce000 Uncommon trap: reason=bimorphic action=maybe_recompile pc=0x0000000003357b3c method=java.util.regex.Pattern$CharProperty.match(Ljava/util/regex/Matcher;ILjava/lang/CharSequence;)Z @ 37
Event: 3.045 Thread 0x00000000029ce000 Uncommon trap: reason=bimorphic action=maybe_recompile pc=0x0000000003357b3c method=java.util.regex.Pattern$CharProperty.match(Ljava/util/regex/Matcher;ILjava/lang/CharSequence;)Z @ 37
Event: 3.045 Thread 0x00000000029ce000 Uncommon trap: reason=bimorphic action=maybe_recompile pc=0x0000000003357b3c method=java.util.regex.Pattern$CharProperty.match(Ljava/util/regex/Matcher;ILjava/lang/CharSequence;)Z @ 37
Event: 3.285 Thread 0x00000000029ce000 Uncommon trap: reason=unstable_if action=reinterpret pc=0x0000000002cb3164 method=java.io.WinNTFileSystem.normalize(Ljava/lang/String;)Ljava/lang/String; @ 128
Event: 3.524 Thread 0x00000000029ce000 Uncommon trap: reason=unstable_if action=reinterpret pc=0x0000000003154908 method=java.util.zip.ZipFile$ZipEntryIterator.hasNext()Z @ 25
Event: 3.659 Thread 0x00000000029ce000 Uncommon trap: reason=unstable_if action=reinterpret pc=0x00000000033009b8 method=java.io.WinNTFileSystem.resolve(Ljava/lang/String;Ljava/lang/String;)Ljava/lang/String; @ 49
Event: 3.724 Thread 0x00000000029ce000 Uncommon trap: reason=unstable_if action=reinterpret pc=0x00000000032ecad0 method=java.io.WinNTFileSystem.isLetter(C)Z @ 3
Event: 3.749 Thread 0x00000000029ce000 Uncommon trap: reason=bimorphic action=maybe_recompile pc=0x00000000032f5b24 method=java.net.URL.<init>(Ljava/net/URL;Ljava/lang/String;Ljava/net/URLStreamHandler;)V @ 504
Event: 3.749 Thread 0x00000000029ce000 Uncommon trap: reason=unstable_if action=reinterpret pc=0x00000000033c7164 method=sun.net.util.IPAddressUtil.scan(Ljava/lang/String;JJ[C)I @ 14

Classes redefined (0 events):
No events

Internal exceptions (10 events):
Event: 3.331 Thread 0x00000000029ce000 Exception <a 'java/lang/ClassNotFoundException': java/util/AbstractMapCustomizer> (0x00000000d7672e48) thrown at [C:\jenkins\workspace\zulu8-silver-build-win64\zulu-src\hotspot\src\share\vm\classfile\systemDictionary.cpp, line 220]
Event: 3.333 Thread 0x00000000029ce000 Exception <a 'java/lang/ClassNotFoundException': java/util/HashMapCustomizer> (0x00000000d76e6a60) thrown at [C:\jenkins\workspace\zulu8-silver-build-win64\zulu-src\hotspot\src\share\vm\classfile\systemDictionary.cpp, line 220]
Event: 3.535 Thread 0x00000000029ce000 Exception <a 'java/lang/ClassNotFoundException': com/kms/katalon/core/webui/keyword/builtin/OpenBrowserKeywordBeanInfo> (0x00000000d5975480) thrown at [C:\jenkins\workspace\zulu8-silver-build-win64\zulu-src\hotspot\src\share\vm\classfile\systemDictionary.
Event: 3.537 Thread 0x00000000029ce000 Exception <a 'java/lang/ClassNotFoundException': com/kms/katalon/core/webui/keyword/internal/WebUIAbstractKeywordBeanInfo> (0x00000000d5a57918) thrown at [C:\jenkins\workspace\zulu8-silver-build-win64\zulu-src\hotspot\src\share\vm\classfile\systemDictiona
Event: 3.539 Thread 0x00000000029ce000 Exception <a 'java/lang/ClassNotFoundException': com/kms/katalon/core/keyword/internal/AbstractKeywordBeanInfo> (0x00000000d5b25210) thrown at [C:\jenkins\workspace\zulu8-silver-build-win64\zulu-src\hotspot\src\share\vm\classfile\systemDictionary.cpp, lin
Event: 3.540 Thread 0x00000000029ce000 Exception <a 'java/lang/ClassNotFoundException': com/kms/katalon/core/keyword/internal/AbstractKeywordCustomizer> (0x00000000d5bf4818) thrown at [C:\jenkins\workspace\zulu8-silver-build-win64\zulu-src\hotspot\src\share\vm\classfile\systemDictionary.cpp, l
Event: 3.542 Thread 0x00000000029ce000 Exception <a 'java/lang/ClassNotFoundException': com/kms/katalon/core/webui/keyword/internal/WebUIAbstractKeywordCustomizer> (0x00000000d5ce1648) thrown at [C:\jenkins\workspace\zulu8-silver-build-win64\zulu-src\hotspot\src\share\vm\classfile\systemDictio
Event: 3.544 Thread 0x00000000029ce000 Exception <a 'java/lang/ClassNotFoundException': com/kms/katalon/core/webui/keyword/builtin/OpenBrowserKeywordCustomizer> (0x00000000d5dc9498) thrown at [C:\jenkins\workspace\zulu8-silver-build-win64\zulu-src\hotspot\src\share\vm\classfile\systemDictionar
Event: 3.555 Thread 0x00000000029ce000 Exception <a 'java/lang/ClassNotFoundException': com/kms/katalon/core/webui/keyword/builtin/InternalSmartWaitGroovyWrapperBeanInfo> (0x00000000d603f4d8) thrown at [C:\jenkins\workspace\zulu8-silver-build-win64\zulu-src\hotspot\src\share\vm\classfile\syste
Event: 3.557 Thread 0x00000000029ce000 Exception <a 'java/lang/ClassNotFoundException': com/kms/katalon/core/webui/keyword/builtin/InternalSmartWaitGroovyWrapperCustomizer> (0x00000000d613ac68) thrown at [C:\jenkins\workspace\zulu8-silver-build-win64\zulu-src\hotspot\src\share\vm\classfile\sys

Events (10 events):
Event: 3.762 loading class java/util/concurrent/SynchronousQueue
Event: 3.763 loading class java/util/concurrent/SynchronousQueue done
Event: 3.763 loading class java/util/concurrent/SynchronousQueue$TransferStack
Event: 3.763 loading class java/util/concurrent/SynchronousQueue$Transferer
Event: 3.763 loading class java/util/concurrent/SynchronousQueue$Transferer done
Event: 3.763 loading class java/util/concurrent/SynchronousQueue$TransferStack done
Event: 3.763 loading class java/util/concurrent/SynchronousQueue$TransferStack$SNode
Event: 3.764 loading class java/util/concurrent/SynchronousQueue$TransferStack$SNode done
Event: 3.767 loading class java/util/concurrent/ThreadFactory
Event: 3.767 loading class java/util/concurrent/ThreadFactory done


Dynamic libraries:
0x00007ff7bb160000 - 0x00007ff7bb195000 	E:\Katalon\Katalon_Studio_Windows_64-8.6.0\jre\bin\javaw.exe
0x00007ff971600000 - 0x00007ff971809000 	C:\WINDOWS\SYSTEM32\ntdll.dll
0x00007ff970050000 - 0x00007ff97010e000 	C:\WINDOWS\System32\KERNEL32.DLL
0x00007ff96eea0000 - 0x00007ff96f224000 	C:\WINDOWS\System32\KERNELBASE.dll
0x00007ff96b930000 - 0x00007ff96b9c2000 	C:\WINDOWS\SYSTEM32\apphelp.dll
0x00007ff970650000 - 0x00007ff9706ff000 	C:\WINDOWS\System32\ADVAPI32.dll
0x00007ff96f480000 - 0x00007ff96f523000 	C:\WINDOWS\System32\msvcrt.dll
0x00007ff96f8a0000 - 0x00007ff96f93e000 	C:\WINDOWS\System32\sechost.dll
0x00007ff970cc0000 - 0x00007ff970de1000 	C:\WINDOWS\System32\RPCRT4.dll
0x00007ff96f5e0000 - 0x00007ff96f78d000 	C:\WINDOWS\System32\USER32.dll
0x00007ff96ec90000 - 0x00007ff96ecb6000 	C:\WINDOWS\System32\win32u.dll
0x00007ff96f870000 - 0x00007ff96f89a000 	C:\WINDOWS\System32\GDI32.dll
0x00007ff96f350000 - 0x00007ff96f46f000 	C:\WINDOWS\System32\gdi32full.dll
0x00007ff96eab0000 - 0x00007ff96eb4d000 	C:\WINDOWS\System32\msvcp_win.dll
0x00007ff96f230000 - 0x00007ff96f341000 	C:\WINDOWS\System32\ucrtbase.dll
0x00007ff94cab0000 - 0x00007ff94cd55000 	C:\WINDOWS\WinSxS\amd64_microsoft.windows.common-controls_6595b64144ccf1df_6.0.22000.120_none_9d947278b86cc467\COMCTL32.dll
0x00007ff96f5a0000 - 0x00007ff96f5d1000 	C:\WINDOWS\System32\IMM32.DLL
0x000000005ba40000 - 0x000000005bb12000 	E:\Katalon\Katalon_Studio_Windows_64-8.6.0\jre\bin\msvcr100.dll
0x000000005bc00000 - 0x000000005c4c5000 	E:\Katalon\Katalon_Studio_Windows_64-8.6.0\jre\bin\server\jvm.dll
0x00007ff96f470000 - 0x00007ff96f478000 	C:\WINDOWS\System32\PSAPI.DLL
0x00007ff968840000 - 0x00007ff968873000 	C:\WINDOWS\SYSTEM32\WINMM.dll
0x00007ff968bf0000 - 0x00007ff968bfa000 	C:\WINDOWS\SYSTEM32\VERSION.dll
0x00007ff95a040000 - 0x00007ff95a049000 	C:\WINDOWS\SYSTEM32\WSOCK32.dll
0x00007ff96ff70000 - 0x00007ff96ffdf000 	C:\WINDOWS\System32\WS2_32.dll
0x00007ff9693d0000 - 0x00007ff9693df000 	E:\Katalon\Katalon_Studio_Windows_64-8.6.0\jre\bin\verify.dll
0x00007ff9597c0000 - 0x00007ff9597e9000 	E:\Katalon\Katalon_Studio_Windows_64-8.6.0\jre\bin\java.dll
0x00007ff95a780000 - 0x00007ff95a796000 	E:\Katalon\Katalon_Studio_Windows_64-8.6.0\jre\bin\zip.dll
0x00007ff970df0000 - 0x00007ff9715b5000 	C:\WINDOWS\System32\SHELL32.dll
0x00007ff96cb60000 - 0x00007ff96d3c4000 	C:\WINDOWS\SYSTEM32\windows.storage.dll
0x00007ff970700000 - 0x00007ff970a76000 	C:\WINDOWS\System32\combase.dll
0x00007ff96c9f0000 - 0x00007ff96cb57000 	C:\WINDOWS\SYSTEM32\wintypes.dll
0x00007ff970500000 - 0x00007ff9705ea000 	C:\WINDOWS\System32\SHCORE.dll
0x00007ff96f530000 - 0x00007ff96f58d000 	C:\WINDOWS\System32\shlwapi.dll
0x00007ff96e9e0000 - 0x00007ff96ea01000 	C:\WINDOWS\SYSTEM32\profapi.dll
0x00007ff95a3f0000 - 0x00007ff95a40b000 	E:\Katalon\Katalon_Studio_Windows_64-8.6.0\jre\bin\net.dll
0x00007ff96e0c0000 - 0x00007ff96e127000 	C:\WINDOWS\system32\mswsock.dll
0x00007ff95a080000 - 0x00007ff95a091000 	E:\Katalon\Katalon_Studio_Windows_64-8.6.0\jre\bin\nio.dll
0x00007ff96e310000 - 0x00007ff96e328000 	C:\WINDOWS\SYSTEM32\CRYPTSP.dll
0x00007ff96db60000 - 0x00007ff96db95000 	C:\WINDOWS\system32\rsaenh.dll
0x00007ff96e1c0000 - 0x00007ff96e1e9000 	C:\WINDOWS\SYSTEM32\USERENV.dll
0x00007ff96e490000 - 0x00007ff96e4b7000 	C:\WINDOWS\SYSTEM32\bcrypt.dll
0x00007ff96eb50000 - 0x00007ff96ebcf000 	C:\WINDOWS\System32\bcryptprimitives.dll
0x00007ff96e330000 - 0x00007ff96e33c000 	C:\WINDOWS\SYSTEM32\CRYPTBASE.dll
0x00007ff96d700000 - 0x00007ff96d72d000 	C:\WINDOWS\SYSTEM32\IPHLPAPI.DLL
0x00007ff96f590000 - 0x00007ff96f599000 	C:\WINDOWS\System32\NSI.dll
0x00007ff968c00000 - 0x00007ff968c19000 	C:\WINDOWS\SYSTEM32\dhcpcsvc6.DLL
0x00007ff968ef0000 - 0x00007ff968f0e000 	C:\WINDOWS\SYSTEM32\dhcpcsvc.DLL
0x00007ff96d730000 - 0x00007ff96d818000 	C:\WINDOWS\SYSTEM32\DNSAPI.dll
0x00007ff964820000 - 0x00007ff96482a000 	C:\Windows\System32\rasadhlp.dll
0x00007ff964d70000 - 0x00007ff964df2000 	C:\WINDOWS\System32\fwpuclnt.dll

VM Arguments:
jvm_args: -Dgroovy.home=C:\Users\HP/.groovy -Djava.system.class.loader=groovy.lang.GroovyClassLoader -Xmx2048m -Dfile.encoding=UTF-8 
java_command: org.codehaus.groovy.tools.GroovyStarter --classpath D:\capstone\ulang\qe-katalon-web\bin\keyword;D:\capstone\ulang\qe-katalon-web\Keywords;D:\capstone\ulang\qe-katalon-web\bin\listener;D:\capstone\ulang\qe-katalon-web\Test Listeners;D:\capstone\ulang\qe-katalon-web\bin\lib;D:\capstone\ulang\qe-katalon-web\Libs;D:\capstone\ulang\qe-katalon-web\bin\groovy;D:\capstone\ulang\qe-katalon-web\Include\scripts\groovy;E:\Katalon\Katalon_Studio_Windows_64-8.6.0\plugins\com.kms.katalon.core_1.0.0.202303100818.jar;E:\Katalon\Katalon_Studio_Windows_64-8.6.0\configuration\resources\lib\aalto-xml-1.0.0.jar;E:\Katalon\Katalon_Studio_Windows_64-8.6.0\configuration\resources\lib\aspectjweaver-1.9.1.jar;E:\Katalon\Katalon_Studio_Windows_64-8.6.0\configuration\resources\lib\bcpkix-jdk15on-1.64.jar;E:\Katalon\Katalon_Studio_Windows_64-8.6.0\configuration\resources\lib\bcprov-jdk15on-1.64.jar;E:\Katalon\Katalon_Studio_Windows_64-8.6.0\configuration\resources\lib\browsermob-core-2.1.5.jar;E:\Katalon\Katalon_Studio_Windows_64-8.6.0\configuration\resources\lib\cglib-3.2.10.jar;E:\Katalon\Katalon_Studio_Windows_64-8.6.0\configuration\resources\lib\commons-codec-1.10.jar;E:\Katalon\Katalon_Studio_Windows_64-8.6.0\configuration\resources\lib\commons-collections4-4.1.jar;E:\Katalon\Katalon_Studio_Windows_64-8.6.0\configuration\resources\lib\commons-validator-1.6.jar;E:\Katalon\Katalon_Studio_Windows_64-8.6.0\configuration\resources\lib\curvesapi-1.04.jar;E:\Katalon\Katalon_Studio_Windows_64-8.6.0\configuration\resources\lib\dnsjava-2.1.8.jar;E:\Katalon\Katalon_Studio_Windows_64-8.6.0\configuration\resources\lib\java-client-7.0.0.jar;E:\Katalon\Katalon_Studio_Windows_64-8.6.0\configuration\resources\lib\jna-4.1.0.jar;E:\Katalon\Katalon_Studio_Windows_64-8.6.0\configuration\resources\lib\jna-platform-4.1.0.jar;E:\Katalon\Katalon_Studio_Windows_64-8.6.0\configuration\resources\lib\jzlib-1.1.3.jar;E:\Katalon\Katalon_Studio_Windows_64-8.6.0\configuration\resources\lib\kat-server.jar;E
java_class_path (initial): D:\capstone\ulang\qe-katalon-web\bin\keyword;D:\capstone\ulang\qe-katalon-web\bin\listener;D:\capstone\ulang\qe-katalon-web\bin\lib;D:\capstone\ulang\qe-katalon-web\bin\groovy;D:\capstone\ulang\qe-katalon-web\bin;E:\Katalon\Katalon_Studio_Windows_64-8.6.0\plugins\com.kms.katalon.core_1.0.0.202303100818.jar;E:\Katalon\Katalon_Studio_Windows_64-8.6.0\configuration\resources\lib\aalto-xml-1.0.0.jar;E:\Katalon\Katalon_Studio_Windows_64-8.6.0\configuration\resources\lib\aspectjweaver-1.9.1.jar;E:\Katalon\Katalon_Studio_Windows_64-8.6.0\configuration\resources\lib\bcpkix-jdk15on-1.64.jar;E:\Katalon\Katalon_Studio_Windows_64-8.6.0\configuration\resources\lib\bcprov-jdk15on-1.64.jar;E:\Katalon\Katalon_Studio_Windows_64-8.6.0\configuration\resources\lib\browsermob-core-2.1.5.jar;E:\Katalon\Katalon_Studio_Windows_64-8.6.0\configuration\resources\lib\cglib-3.2.10.jar;E:\Katalon\Katalon_Studio_Windows_64-8.6.0\configuration\resources\lib\commons-codec-1.10.jar;E:\Katalon\Katalon_Studio_Windows_64-8.6.0\configuration\resources\lib\commons-collections4-4.1.jar;E:\Katalon\Katalon_Studio_Windows_64-8.6.0\configuration\resources\lib\commons-validator-1.6.jar;E:\Katalon\Katalon_Studio_Windows_64-8.6.0\configuration\resources\lib\curvesapi-1.04.jar;E:\Katalon\Katalon_Studio_Windows_64-8.6.0\configuration\resources\lib\dnsjava-2.1.8.jar;E:\Katalon\Katalon_Studio_Windows_64-8.6.0\configuration\resources\lib\java-client-7.0.0.jar;E:\Katalon\Katalon_Studio_Windows_64-8.6.0\configuration\resources\lib\jna-4.1.0.jar;E:\Katalon\Katalon_Studio_Windows_64-8.6.0\configuration\resources\lib\jna-platform-4.1.0.jar;E:\Katalon\Katalon_Studio_Windows_64-8.6.0\configuration\resources\lib\jzlib-1.1.3.jar;E:\Katalon\Katalon_Studio_Windows_64-8.6.0\configuration\resources\lib\kat-server.jar;E:\Katalon\Katalon_Studio_Windows_64-8.6.0\configuration\resources\lib\littleproxy-1.1.0-beta-bmp-17.jar;E:\Katalon\Katalon_Studio_Windows_64-8.6.0\configuration\resources\lib\log4j-1.2-a
Launcher Type: SUN_STANDARD

Environment Variables:
JAVA_HOME=C:\Program Files\Java\jdk1.8.0_202
USERNAME=HP
OS=Windows_NT
PROCESSOR_IDENTIFIER=Intel64 Family 6 Model 140 Stepping 1, GenuineIntel



---------------  S Y S T E M  ---------------

OS: Windows 10.0 , 64 bit Build 22000 (10.0.22000.1880)
HyperV virtualization detected

CPU:total 8 (initial active 8) (4 cores per cpu, 2 threads per core) family 6 model 140 stepping 1, cmov, cx8, fxsr, mmx, sse, sse2, sse3, ssse3, sse4.1, sse4.2, popcnt, avx, avx2, aes, clmul, erms, 3dnowpref, lzcnt, ht, tsc, tscinvbit, bmi1, bmi2, adx

Memory: 4k page, physical 8148984k(453424k free), swap 23771648k(952k free)

vm_info: OpenJDK 64-Bit Server VM (25.282-b08) for windows-amd64 JRE (Zulu 8.52.0.23-CA-win64) (1.8.0_282-b08), built on Jan 12 2021 07:45:49 by "tester" with MS VC++ 10.0 (VS2010)

time: Fri Jun 23 22:51:11 2023
timezone: SE Asia Standard Time
elapsed time: 3.774614 seconds (0d 0h 0m 3s)

