#
# There is insufficient memory for the Java Runtime Environment to continue.
# Native memory allocation (malloc) failed to allocate 875216 bytes for Chunk::new
# Possible reasons:
#   The system is out of physical RAM or swap space
#   The process is running with CompressedOops enabled, and the Java Heap may be blocking the growth of the native heap
# Possible solutions:
#   Reduce memory load on the system
#   Increase physical memory or swap space
#   Check if swap backing store is full
#   Decrease Java heap size (-Xmx/-Xms)
#   Decrease number of Java threads
#   Decrease Java thread stack sizes (-Xss)
#   Set larger code cache with -XX:ReservedCodeCacheSize=
#   JVM is running with Unscaled Compressed Oops mode in which the Java heap is
#     placed in the first 4GB address space. The Java Heap base address is the
#     maximum limit for the native heap growth. Please use -XX:HeapBaseMinAddress
#     to set the Java Heap base and to place the Java Heap above 4GB virtual address.
# This output file may be truncated or incomplete.
#
#  Out of Memory Error (allocation.cpp:389), pid=30996, tid=0x000000000000784c
#
# JRE version: OpenJDK Runtime Environment (Zulu 8.52.0.23-CA-win64) (8.0_282-b08) (build 1.8.0_282-b08)
# Java VM: OpenJDK 64-Bit Server VM (25.282-b08 mixed mode windows-amd64 compressed oops)
# Failed to write core dump. Minidumps are not enabled by default on client versions of Windows
#

---------------  T H R E A D  ---------------

Current thread (0x0000000019cc3000):  JavaThread "C2 CompilerThread2" daemon [_thread_in_native, id=30796, stack(0x000000001a880000,0x000000001a980000)]

Stack: [0x000000001a880000,0x000000001a980000]
[error occurred during error reporting (printing stack bounds), id 0xc0000005]

Native frames: (J=compiled Java code, j=interpreted, Vv=VM code, C=native code)


Current CompileTask:
C2:   3728 2157       4       groovy.lang.MetaClassImpl$1MOPIter::methodNameAction (479 bytes)


---------------  P R O C E S S  ---------------

Java Threads: ( => current thread )
  0x0000000019cee800 JavaThread "Service Thread" daemon [_thread_blocked, id=34460, stack(0x000000001aa80000,0x000000001ab80000)]
  0x0000000019cc3800 JavaThread "C1 CompilerThread3" daemon [_thread_blocked, id=9100, stack(0x000000001a980000,0x000000001aa80000)]
=>0x0000000019cc3000 JavaThread "C2 CompilerThread2" daemon [_thread_in_native, id=30796, stack(0x000000001a880000,0x000000001a980000)]
  0x0000000019cbd800 JavaThread "C2 CompilerThread1" daemon [_thread_in_native, id=30436, stack(0x000000001a780000,0x000000001a880000)]
  0x0000000019cb0800 JavaThread "C2 CompilerThread0" daemon [_thread_in_native, id=11744, stack(0x000000001a680000,0x000000001a780000)]
  0x0000000019caf800 JavaThread "Attach Listener" daemon [_thread_blocked, id=24092, stack(0x000000001a580000,0x000000001a680000)]
  0x0000000019ca5800 JavaThread "Signal Dispatcher" daemon [_thread_blocked, id=34264, stack(0x000000001a480000,0x000000001a580000)]
  0x00000000177ab000 JavaThread "Finalizer" daemon [_thread_blocked, id=20684, stack(0x0000000019a80000,0x0000000019b80000)]
  0x00000000195a0800 JavaThread "Reference Handler" daemon [_thread_blocked, id=36788, stack(0x0000000019980000,0x0000000019a80000)]
  0x000000000263e000 JavaThread "main" [_thread_in_native, id=29852, stack(0x0000000002510000,0x0000000002610000)]

Other Threads:
  0x000000001779b800 VMThread [stack: 0x0000000019480000,0x0000000019580000] [id=31760]
  0x0000000019924000 WatcherThread [stack: 0x000000001ab80000,0x000000001ac80000] [id=10420]

VM state:not at safepoint (normal execution)

VM Mutex/Monitor currently owned by a thread: None

heap address: 0x0000000080000000, size: 2048 MB, Compressed Oops mode: 32-bit
Narrow klass base: 0x0000000000000000, Narrow klass shift: 3
Compressed class space size: 1073741824 Address: 0x0000000100000000

Heap:
 PSYoungGen      total 72704K, used 44986K [0x00000000d5580000, 0x00000000dba80000, 0x0000000100000000)
  eden space 65024K, 64% used [0x00000000d5580000,0x00000000d7ea57a8,0x00000000d9500000)
  from space 7680K, 37% used [0x00000000d9500000,0x00000000d97c9210,0x00000000d9c80000)
  to   space 9216K, 0% used [0x00000000db180000,0x00000000db180000,0x00000000dba80000)
 ParOldGen       total 61952K, used 11845K [0x0000000080000000, 0x0000000083c80000, 0x00000000d5580000)
  object space 61952K, 19% used [0x0000000080000000,0x0000000080b91688,0x0000000083c80000)
 Metaspace       used 24661K, capacity 25025K, committed 25344K, reserved 1071104K
  class space    used 2894K, capacity 3040K, committed 3072K, reserved 1048576K

Card table byte_map: [0x0000000011af0000,0x0000000011f00000] byte_map_base: 0x00000000116f0000

Marking Bits: (ParMarkBitMap*) 0x000000005c441f00
 Begin Bits: [0x00000000129b0000, 0x00000000149b0000)
 End Bits:   [0x00000000149b0000, 0x00000000169b0000)

Polling page: 0x0000000000b30000

CodeCache: size=245760Kb used=8906Kb max_used=8906Kb free=236853Kb
 bounds [0x0000000002730000, 0x0000000002ff0000, 0x0000000011730000]
 total_blobs=2812 nmethods=2176 adapters=547
 compilation: enabled

Compilation events (10 events):
Event: 3.688 Thread 0x0000000019cc3800 2180       3       java.util.regex.Pattern$BnM::match (161 bytes)
Event: 3.688 Thread 0x0000000019cc3800 nmethod 2180 0x0000000002fe3110 code [0x0000000002fe32e0, 0x0000000002fe3a58]
Event: 3.713 Thread 0x0000000019cc3800 2183       3       java.util.regex.Pattern$BnM::optimize (179 bytes)
Event: 3.714 Thread 0x0000000019cc3800 nmethod 2183 0x0000000002fe3f90 code [0x0000000002fe41a0, 0x0000000002fe4da8]
Event: 3.715 Thread 0x0000000019cc3800 2184       3       java.util.regex.Pattern$SliceNode::<init> (10 bytes)
Event: 3.715 Thread 0x0000000019cc3800 nmethod 2184 0x0000000002fe5350 code [0x0000000002fe54c0, 0x0000000002fe5710]
Event: 3.720 Thread 0x0000000019cc3800 2185       3       java.util.regex.Pattern$Slice::<init> (6 bytes)
Event: 3.720 Thread 0x0000000019cc3800 nmethod 2185 0x0000000002fe5810 code [0x0000000002fe5980, 0x0000000002fe5c30]
Event: 3.722 Thread 0x0000000019cc3800 2186       3       java.util.regex.Pattern::atom (379 bytes)
Event: 3.725 Thread 0x0000000019cc3800 nmethod 2186 0x0000000002fe5d50 code [0x0000000002fe6040, 0x0000000002fe7638]

GC Heap History (10 events):
Event: 2.104 GC heap before
{Heap before GC invocations=6 (full 0):
 PSYoungGen      total 37888K, used 37864K [0x00000000d5580000, 0x00000000da380000, 0x0000000100000000)
  eden space 32768K, 100% used [0x00000000d5580000,0x00000000d7580000,0x00000000d7580000)
  from space 5120K, 99% used [0x00000000d7580000,0x00000000d7a7a198,0x00000000d7a80000)
  to   space 7168K, 0% used [0x00000000d9c80000,0x00000000d9c80000,0x00000000da380000)
 ParOldGen       total 86016K, used 2092K [0x0000000080000000, 0x0000000085400000, 0x00000000d5580000)
  object space 86016K, 2% used [0x0000000080000000,0x000000008020b300,0x0000000085400000)
 Metaspace       used 17615K, capacity 17824K, committed 18176K, reserved 1064960K
  class space    used 1913K, capacity 2004K, committed 2048K, reserved 1048576K
Event: 2.109 GC heap after
Heap after GC invocations=6 (full 0):
 PSYoungGen      total 72192K, used 7072K [0x00000000d5580000, 0x00000000da480000, 0x0000000100000000)
  eden space 65024K, 0% used [0x00000000d5580000,0x00000000d5580000,0x00000000d9500000)
  from space 7168K, 98% used [0x00000000d9c80000,0x00000000da3682b0,0x00000000da380000)
  to   space 7680K, 0% used [0x00000000d9500000,0x00000000d9500000,0x00000000d9c80000)
 ParOldGen       total 86016K, used 2164K [0x0000000080000000, 0x0000000085400000, 0x00000000d5580000)
  object space 86016K, 2% used [0x0000000080000000,0x000000008021d310,0x0000000085400000)
 Metaspace       used 17615K, capacity 17824K, committed 18176K, reserved 1064960K
  class space    used 1913K, capacity 2004K, committed 2048K, reserved 1048576K
}
Event: 2.591 GC heap before
{Heap before GC invocations=7 (full 0):
 PSYoungGen      total 72192K, used 72096K [0x00000000d5580000, 0x00000000da480000, 0x0000000100000000)
  eden space 65024K, 100% used [0x00000000d5580000,0x00000000d9500000,0x00000000d9500000)
  from space 7168K, 98% used [0x00000000d9c80000,0x00000000da3682b0,0x00000000da380000)
  to   space 7680K, 0% used [0x00000000d9500000,0x00000000d9500000,0x00000000d9c80000)
 ParOldGen       total 86016K, used 2164K [0x0000000080000000, 0x0000000085400000, 0x00000000d5580000)
  object space 86016K, 2% used [0x0000000080000000,0x000000008021d310,0x0000000085400000)
 Metaspace       used 20684K, capacity 20912K, committed 21120K, reserved 1069056K
  class space    used 2291K, capacity 2392K, committed 2432K, reserved 1048576K
Event: 2.598 GC heap after
Heap after GC invocations=7 (full 0):
 PSYoungGen      total 72704K, used 6236K [0x00000000d5580000, 0x00000000da480000, 0x0000000100000000)
  eden space 65024K, 0% used [0x00000000d5580000,0x00000000d5580000,0x00000000d9500000)
  from space 7680K, 81% used [0x00000000d9500000,0x00000000d9b17148,0x00000000d9c80000)
  to   space 7168K, 0% used [0x00000000d9c80000,0x00000000d9c80000,0x00000000da380000)
 ParOldGen       total 86016K, used 5329K [0x0000000080000000, 0x0000000085400000, 0x00000000d5580000)
  object space 86016K, 6% used [0x0000000080000000,0x00000000805344e0,0x0000000085400000)
 Metaspace       used 20684K, capacity 20912K, committed 21120K, reserved 1069056K
  class space    used 2291K, capacity 2392K, committed 2432K, reserved 1048576K
}
Event: 2.692 GC heap before
{Heap before GC invocations=8 (full 0):
 PSYoungGen      total 72704K, used 28316K [0x00000000d5580000, 0x00000000da480000, 0x0000000100000000)
  eden space 65024K, 33% used [0x00000000d5580000,0x00000000d6b0ff80,0x00000000d9500000)
  from space 7680K, 81% used [0x00000000d9500000,0x00000000d9b17148,0x00000000d9c80000)
  to   space 7168K, 0% used [0x00000000d9c80000,0x00000000d9c80000,0x00000000da380000)
 ParOldGen       total 86016K, used 5329K [0x0000000080000000, 0x0000000085400000, 0x00000000d5580000)
  object space 86016K, 6% used [0x0000000080000000,0x00000000805344e0,0x0000000085400000)
 Metaspace       used 20890K, capacity 21169K, committed 21296K, reserved 1069056K
  class space    used 2311K, capacity 2432K, committed 2432K, reserved 1048576K
Event: 2.698 GC heap after
Heap after GC invocations=8 (full 0):
 PSYoungGen      total 72192K, used 7148K [0x00000000d5580000, 0x00000000da480000, 0x0000000100000000)
  eden space 65024K, 0% used [0x00000000d5580000,0x00000000d5580000,0x00000000d9500000)
  from space 7168K, 99% used [0x00000000d9c80000,0x00000000da37b3e8,0x00000000da380000)
  to   space 7680K, 0% used [0x00000000d9500000,0x00000000d9500000,0x00000000d9c80000)
 ParOldGen       total 86016K, used 6184K [0x0000000080000000, 0x0000000085400000, 0x00000000d5580000)
  object space 86016K, 7% used [0x0000000080000000,0x000000008060a2d0,0x0000000085400000)
 Metaspace       used 20890K, capacity 21169K, committed 21296K, reserved 1069056K
  class space    used 2311K, capacity 2432K, committed 2432K, reserved 1048576K
}
Event: 2.698 GC heap before
{Heap before GC invocations=9 (full 1):
 PSYoungGen      total 72192K, used 7148K [0x00000000d5580000, 0x00000000da480000, 0x0000000100000000)
  eden space 65024K, 0% used [0x00000000d5580000,0x00000000d5580000,0x00000000d9500000)
  from space 7168K, 99% used [0x00000000d9c80000,0x00000000da37b3e8,0x00000000da380000)
  to   space 7680K, 0% used [0x00000000d9500000,0x00000000d9500000,0x00000000d9c80000)
 ParOldGen       total 86016K, used 6184K [0x0000000080000000, 0x0000000085400000, 0x00000000d5580000)
  object space 86016K, 7% used [0x0000000080000000,0x000000008060a2d0,0x0000000085400000)
 Metaspace       used 20890K, capacity 21169K, committed 21296K, reserved 1069056K
  class space    used 2311K, capacity 2432K, committed 2432K, reserved 1048576K
Event: 2.747 GC heap after
Heap after GC invocations=9 (full 1):
 PSYoungGen      total 72192K, used 0K [0x00000000d5580000, 0x00000000da480000, 0x0000000100000000)
  eden space 65024K, 0% used [0x00000000d5580000,0x00000000d5580000,0x00000000d9500000)
  from space 7168K, 0% used [0x00000000d9c80000,0x00000000d9c80000,0x00000000da380000)
  to   space 7680K, 0% used [0x00000000d9500000,0x00000000d9500000,0x00000000d9c80000)
 ParOldGen       total 61952K, used 11837K [0x0000000080000000, 0x0000000083c80000, 0x00000000d5580000)
  object space 61952K, 19% used [0x0000000080000000,0x0000000080b8f688,0x0000000083c80000)
 Metaspace       used 20890K, capacity 21169K, committed 21296K, reserved 1069056K
  class space    used 2311K, capacity 2432K, committed 2432K, reserved 1048576K
}
Event: 3.142 GC heap before
{Heap before GC invocations=10 (full 1):
 PSYoungGen      total 72192K, used 65024K [0x00000000d5580000, 0x00000000da480000, 0x0000000100000000)
  eden space 65024K, 100% used [0x00000000d5580000,0x00000000d9500000,0x00000000d9500000)
  from space 7168K, 0% used [0x00000000d9c80000,0x00000000d9c80000,0x00000000da380000)
  to   space 7680K, 0% used [0x00000000d9500000,0x00000000d9500000,0x00000000d9c80000)
 ParOldGen       total 61952K, used 11837K [0x0000000080000000, 0x0000000083c80000, 0x00000000d5580000)
  object space 61952K, 19% used [0x0000000080000000,0x0000000080b8f688,0x0000000083c80000)
 Metaspace       used 22723K, capacity 23099K, committed 23216K, reserved 1069056K
  class space    used 2619K, capacity 2782K, committed 2816K, reserved 1048576K
Event: 3.144 GC heap after
Heap after GC invocations=10 (full 1):
 PSYoungGen      total 72704K, used 2852K [0x00000000d5580000, 0x00000000dba80000, 0x0000000100000000)
  eden space 65024K, 0% used [0x00000000d5580000,0x00000000d5580000,0x00000000d9500000)
  from space 7680K, 37% used [0x00000000d9500000,0x00000000d97c9210,0x00000000d9c80000)
  to   space 9216K, 0% used [0x00000000db180000,0x00000000db180000,0x00000000dba80000)
 ParOldGen       total 61952K, used 11845K [0x0000000080000000, 0x0000000083c80000, 0x00000000d5580000)
  object space 61952K, 19% used [0x0000000080000000,0x0000000080b91688,0x0000000083c80000)
 Metaspace       used 22723K, capacity 23099K, committed 23216K, reserved 1069056K
  class space    used 2619K, capacity 2782K, committed 2816K, reserved 1048576K
}

Deoptimization events (10 events):
Event: 3.256 Thread 0x000000000263e000 Uncommon trap: reason=bimorphic action=maybe_recompile pc=0x0000000002c3eddc method=java.util.HashMap.putVal(ILjava/lang/Object;Ljava/lang/Object;ZZ)Ljava/lang/Object; @ 203
Event: 3.266 Thread 0x000000000263e000 Uncommon trap: reason=class_check action=maybe_recompile pc=0x0000000002f8ad3c method=java.util.regex.Pattern$CharProperty.match(Ljava/util/regex/Matcher;ILjava/lang/CharSequence;)Z @ 37
Event: 3.267 Thread 0x000000000263e000 Uncommon trap: reason=class_check action=maybe_recompile pc=0x0000000002f8ad3c method=java.util.regex.Pattern$CharProperty.match(Ljava/util/regex/Matcher;ILjava/lang/CharSequence;)Z @ 37
Event: 3.267 Thread 0x000000000263e000 Uncommon trap: reason=class_check action=maybe_recompile pc=0x0000000002f8ad3c method=java.util.regex.Pattern$CharProperty.match(Ljava/util/regex/Matcher;ILjava/lang/CharSequence;)Z @ 37
Event: 3.267 Thread 0x000000000263e000 Uncommon trap: reason=class_check action=maybe_recompile pc=0x0000000002f8ad3c method=java.util.regex.Pattern$CharProperty.match(Ljava/util/regex/Matcher;ILjava/lang/CharSequence;)Z @ 37
Event: 3.280 Thread 0x000000000263e000 Uncommon trap: reason=bimorphic action=maybe_recompile pc=0x0000000002fb1e84 method=java.util.regex.Pattern$CharProperty.match(Ljava/util/regex/Matcher;ILjava/lang/CharSequence;)Z @ 37
Event: 3.280 Thread 0x000000000263e000 Uncommon trap: reason=bimorphic action=maybe_recompile pc=0x0000000002fb1e84 method=java.util.regex.Pattern$CharProperty.match(Ljava/util/regex/Matcher;ILjava/lang/CharSequence;)Z @ 37
Event: 3.280 Thread 0x000000000263e000 Uncommon trap: reason=bimorphic action=maybe_recompile pc=0x0000000002fb1e84 method=java.util.regex.Pattern$CharProperty.match(Ljava/util/regex/Matcher;ILjava/lang/CharSequence;)Z @ 37
Event: 3.280 Thread 0x000000000263e000 Uncommon trap: reason=bimorphic action=maybe_recompile pc=0x0000000002fb1e84 method=java.util.regex.Pattern$CharProperty.match(Ljava/util/regex/Matcher;ILjava/lang/CharSequence;)Z @ 37
Event: 3.539 Thread 0x000000000263e000 Uncommon trap: reason=unstable_if action=reinterpret pc=0x000000000292bf64 method=java.io.WinNTFileSystem.normalize(Ljava/lang/String;)Ljava/lang/String; @ 128

Classes redefined (0 events):
No events

Internal exceptions (10 events):
Event: 3.552 Thread 0x000000000263e000 Exception <a 'java/lang/ClassNotFoundException': detaildoctor/detaildoctorBeanInfo> (0x00000000d674ebd0) thrown at [C:\jenkins\workspace\zulu8-silver-build-win64\zulu-src\hotspot\src\share\vm\classfile\systemDictionary.cpp, line 220]
Event: 3.554 Thread 0x000000000263e000 Exception <a 'java/lang/ClassNotFoundException': detaildoctor/detaildoctorCustomizer> (0x00000000d67e0d60) thrown at [C:\jenkins\workspace\zulu8-silver-build-win64\zulu-src\hotspot\src\share\vm\classfile\systemDictionary.cpp, line 220]
Event: 3.576 Thread 0x000000000263e000 Exception <a 'java/lang/ClassNotFoundException': com/kms/katalon/core/webui/keyword/WebUiBuiltInKeywordsBeanInfo> (0x00000000d6a36210) thrown at [C:\jenkins\workspace\zulu8-silver-build-win64\zulu-src\hotspot\src\share\vm\classfile\systemDictionary.cpp, l
Event: 3.578 Thread 0x000000000263e000 Exception <a 'java/lang/ClassNotFoundException': com/kms/katalon/core/webui/keyword/WebUiBuiltInKeywordsCustomizer> (0x00000000d6b06e70) thrown at [C:\jenkins\workspace\zulu8-silver-build-win64\zulu-src\hotspot\src\share\vm\classfile\systemDictionary.cpp,
Event: 3.587 Thread 0x000000000263e000 Exception <a 'java/lang/ClassNotFoundException': com/kms/katalon/core/constants/CoreConstantsBeanInfo> (0x00000000d6d71048) thrown at [C:\jenkins\workspace\zulu8-silver-build-win64\zulu-src\hotspot\src\share\vm\classfile\systemDictionary.cpp, line 220]
Event: 3.589 Thread 0x000000000263e000 Exception <a 'java/lang/ClassNotFoundException': com/kms/katalon/core/constants/CoreConstantsCustomizer> (0x00000000d6e2bcf8) thrown at [C:\jenkins\workspace\zulu8-silver-build-win64\zulu-src\hotspot\src\share\vm\classfile\systemDictionary.cpp, line 220]
Event: 3.593 Thread 0x000000000263e000 Exception <a 'java/lang/ClassNotFoundException': java/util/HashMapBeanInfo> (0x00000000d6ec5418) thrown at [C:\jenkins\workspace\zulu8-silver-build-win64\zulu-src\hotspot\src\share\vm\classfile\systemDictionary.cpp, line 220]
Event: 3.595 Thread 0x000000000263e000 Exception <a 'java/lang/ClassNotFoundException': java/util/AbstractMapBeanInfo> (0x00000000d6f2e8e0) thrown at [C:\jenkins\workspace\zulu8-silver-build-win64\zulu-src\hotspot\src\share\vm\classfile\systemDictionary.cpp, line 220]
Event: 3.598 Thread 0x000000000263e000 Exception <a 'java/lang/ClassNotFoundException': java/util/AbstractMapCustomizer> (0x00000000d6f9eda0) thrown at [C:\jenkins\workspace\zulu8-silver-build-win64\zulu-src\hotspot\src\share\vm\classfile\systemDictionary.cpp, line 220]
Event: 3.600 Thread 0x000000000263e000 Exception <a 'java/lang/ClassNotFoundException': java/util/HashMapCustomizer> (0x00000000d70129b8) thrown at [C:\jenkins\workspace\zulu8-silver-build-win64\zulu-src\hotspot\src\share\vm\classfile\systemDictionary.cpp, line 220]

Events (10 events):
Event: 3.595 loading class java/util/AbstractMapBeanInfo
Event: 3.595 loading class java/util/AbstractMapBeanInfo done
Event: 3.596 loading class java/util/AbstractMapCustomizer
Event: 3.596 loading class java/util/AbstractMapCustomizer done
Event: 3.598 loading class java/util/AbstractMapCustomizer
Event: 3.598 loading class java/util/AbstractMapCustomizer done
Event: 3.599 loading class java/util/HashMapCustomizer
Event: 3.599 loading class java/util/HashMapCustomizer done
Event: 3.600 loading class java/util/HashMapCustomizer
Event: 3.600 loading class java/util/HashMapCustomizer done


Dynamic libraries:
0x00007ff7bb160000 - 0x00007ff7bb195000 	E:\Katalon\Katalon_Studio_Windows_64-8.6.0\jre\bin\javaw.exe
0x00007ff971600000 - 0x00007ff971809000 	C:\WINDOWS\SYSTEM32\ntdll.dll
0x00007ff970050000 - 0x00007ff97010e000 	C:\WINDOWS\System32\KERNEL32.DLL
0x00007ff96eea0000 - 0x00007ff96f224000 	C:\WINDOWS\System32\KERNELBASE.dll
0x00007ff96b930000 - 0x00007ff96b9c2000 	C:\WINDOWS\SYSTEM32\apphelp.dll
0x00007ff970650000 - 0x00007ff9706ff000 	C:\WINDOWS\System32\ADVAPI32.dll
0x00007ff96f480000 - 0x00007ff96f523000 	C:\WINDOWS\System32\msvcrt.dll
0x00007ff96f8a0000 - 0x00007ff96f93e000 	C:\WINDOWS\System32\sechost.dll
0x00007ff970cc0000 - 0x00007ff970de1000 	C:\WINDOWS\System32\RPCRT4.dll
0x00007ff96f5e0000 - 0x00007ff96f78d000 	C:\WINDOWS\System32\USER32.dll
0x00007ff96ec90000 - 0x00007ff96ecb6000 	C:\WINDOWS\System32\win32u.dll
0x00007ff96f870000 - 0x00007ff96f89a000 	C:\WINDOWS\System32\GDI32.dll
0x00007ff96f350000 - 0x00007ff96f46f000 	C:\WINDOWS\System32\gdi32full.dll
0x00007ff96eab0000 - 0x00007ff96eb4d000 	C:\WINDOWS\System32\msvcp_win.dll
0x00007ff96f230000 - 0x00007ff96f341000 	C:\WINDOWS\System32\ucrtbase.dll
0x00007ff94cab0000 - 0x00007ff94cd55000 	C:\WINDOWS\WinSxS\amd64_microsoft.windows.common-controls_6595b64144ccf1df_6.0.22000.120_none_9d947278b86cc467\COMCTL32.dll
0x00007ff96f5a0000 - 0x00007ff96f5d1000 	C:\WINDOWS\System32\IMM32.DLL
0x000000005ba40000 - 0x000000005bb12000 	E:\Katalon\Katalon_Studio_Windows_64-8.6.0\jre\bin\msvcr100.dll
0x000000005bc00000 - 0x000000005c4c5000 	E:\Katalon\Katalon_Studio_Windows_64-8.6.0\jre\bin\server\jvm.dll
0x00007ff96f470000 - 0x00007ff96f478000 	C:\WINDOWS\System32\PSAPI.DLL
0x00007ff95a040000 - 0x00007ff95a049000 	C:\WINDOWS\SYSTEM32\WSOCK32.dll
0x00007ff96ff70000 - 0x00007ff96ffdf000 	C:\WINDOWS\System32\WS2_32.dll
0x00007ff968840000 - 0x00007ff968873000 	C:\WINDOWS\SYSTEM32\WINMM.dll
0x00007ff968bf0000 - 0x00007ff968bfa000 	C:\WINDOWS\SYSTEM32\VERSION.dll
0x00007ff9693d0000 - 0x00007ff9693df000 	E:\Katalon\Katalon_Studio_Windows_64-8.6.0\jre\bin\verify.dll
0x00007ff9597c0000 - 0x00007ff9597e9000 	E:\Katalon\Katalon_Studio_Windows_64-8.6.0\jre\bin\java.dll
0x00007ff95a780000 - 0x00007ff95a796000 	E:\Katalon\Katalon_Studio_Windows_64-8.6.0\jre\bin\zip.dll
0x00007ff970df0000 - 0x00007ff9715b5000 	C:\WINDOWS\System32\SHELL32.dll
0x00007ff96cb60000 - 0x00007ff96d3c4000 	C:\WINDOWS\SYSTEM32\windows.storage.dll
0x00007ff970700000 - 0x00007ff970a76000 	C:\WINDOWS\System32\combase.dll
0x00007ff96c9f0000 - 0x00007ff96cb57000 	C:\WINDOWS\SYSTEM32\wintypes.dll
0x00007ff970500000 - 0x00007ff9705ea000 	C:\WINDOWS\System32\SHCORE.dll
0x00007ff96f530000 - 0x00007ff96f58d000 	C:\WINDOWS\System32\shlwapi.dll
0x00007ff96e9e0000 - 0x00007ff96ea01000 	C:\WINDOWS\SYSTEM32\profapi.dll
0x00007ff95a3f0000 - 0x00007ff95a40b000 	E:\Katalon\Katalon_Studio_Windows_64-8.6.0\jre\bin\net.dll
0x00007ff96e0c0000 - 0x00007ff96e127000 	C:\WINDOWS\system32\mswsock.dll
0x00007ff95a080000 - 0x00007ff95a091000 	E:\Katalon\Katalon_Studio_Windows_64-8.6.0\jre\bin\nio.dll
0x00007ff96e310000 - 0x00007ff96e328000 	C:\WINDOWS\SYSTEM32\CRYPTSP.dll
0x00007ff96db60000 - 0x00007ff96db95000 	C:\WINDOWS\system32\rsaenh.dll
0x00007ff96e1c0000 - 0x00007ff96e1e9000 	C:\WINDOWS\SYSTEM32\USERENV.dll
0x00007ff96e490000 - 0x00007ff96e4b7000 	C:\WINDOWS\SYSTEM32\bcrypt.dll
0x00007ff96eb50000 - 0x00007ff96ebcf000 	C:\WINDOWS\System32\bcryptprimitives.dll
0x00007ff96e330000 - 0x00007ff96e33c000 	C:\WINDOWS\SYSTEM32\CRYPTBASE.dll
0x00007ff96d700000 - 0x00007ff96d72d000 	C:\WINDOWS\SYSTEM32\IPHLPAPI.DLL
0x00007ff96f590000 - 0x00007ff96f599000 	C:\WINDOWS\System32\NSI.dll
0x00007ff968c00000 - 0x00007ff968c19000 	C:\WINDOWS\SYSTEM32\dhcpcsvc6.DLL
0x00007ff968ef0000 - 0x00007ff968f0e000 	C:\WINDOWS\SYSTEM32\dhcpcsvc.DLL
0x00007ff96d730000 - 0x00007ff96d818000 	C:\WINDOWS\SYSTEM32\DNSAPI.dll

VM Arguments:
jvm_args: -Dgroovy.home=C:\Users\HP/.groovy -Djava.system.class.loader=groovy.lang.GroovyClassLoader -Xmx2048m -Dfile.encoding=UTF-8 
java_command: org.codehaus.groovy.tools.GroovyStarter --classpath D:\capstone\ulang\qe-katalon-web\bin\keyword;D:\capstone\ulang\qe-katalon-web\Keywords;D:\capstone\ulang\qe-katalon-web\bin\listener;D:\capstone\ulang\qe-katalon-web\Test Listeners;D:\capstone\ulang\qe-katalon-web\bin\lib;D:\capstone\ulang\qe-katalon-web\Libs;D:\capstone\ulang\qe-katalon-web\bin\groovy;D:\capstone\ulang\qe-katalon-web\Include\scripts\groovy;E:\Katalon\Katalon_Studio_Windows_64-8.6.0\plugins\com.kms.katalon.core_1.0.0.202303100818.jar;E:\Katalon\Katalon_Studio_Windows_64-8.6.0\configuration\resources\lib\aalto-xml-1.0.0.jar;E:\Katalon\Katalon_Studio_Windows_64-8.6.0\configuration\resources\lib\aspectjweaver-1.9.1.jar;E:\Katalon\Katalon_Studio_Windows_64-8.6.0\configuration\resources\lib\bcpkix-jdk15on-1.64.jar;E:\Katalon\Katalon_Studio_Windows_64-8.6.0\configuration\resources\lib\bcprov-jdk15on-1.64.jar;E:\Katalon\Katalon_Studio_Windows_64-8.6.0\configuration\resources\lib\browsermob-core-2.1.5.jar;E:\Katalon\Katalon_Studio_Windows_64-8.6.0\configuration\resources\lib\cglib-3.2.10.jar;E:\Katalon\Katalon_Studio_Windows_64-8.6.0\configuration\resources\lib\commons-codec-1.10.jar;E:\Katalon\Katalon_Studio_Windows_64-8.6.0\configuration\resources\lib\commons-collections4-4.1.jar;E:\Katalon\Katalon_Studio_Windows_64-8.6.0\configuration\resources\lib\commons-validator-1.6.jar;E:\Katalon\Katalon_Studio_Windows_64-8.6.0\configuration\resources\lib\curvesapi-1.04.jar;E:\Katalon\Katalon_Studio_Windows_64-8.6.0\configuration\resources\lib\dnsjava-2.1.8.jar;E:\Katalon\Katalon_Studio_Windows_64-8.6.0\configuration\resources\lib\java-client-7.0.0.jar;E:\Katalon\Katalon_Studio_Windows_64-8.6.0\configuration\resources\lib\jna-4.1.0.jar;E:\Katalon\Katalon_Studio_Windows_64-8.6.0\configuration\resources\lib\jna-platform-4.1.0.jar;E:\Katalon\Katalon_Studio_Windows_64-8.6.0\configuration\resources\lib\jzlib-1.1.3.jar;E:\Katalon\Katalon_Studio_Windows_64-8.6.0\configuration\resources\lib\kat-server.jar;E
java_class_path (initial): D:\capstone\ulang\qe-katalon-web\bin\keyword;D:\capstone\ulang\qe-katalon-web\bin\listener;D:\capstone\ulang\qe-katalon-web\bin\lib;D:\capstone\ulang\qe-katalon-web\bin\groovy;D:\capstone\ulang\qe-katalon-web\bin;E:\Katalon\Katalon_Studio_Windows_64-8.6.0\plugins\com.kms.katalon.core_1.0.0.202303100818.jar;E:\Katalon\Katalon_Studio_Windows_64-8.6.0\configuration\resources\lib\aalto-xml-1.0.0.jar;E:\Katalon\Katalon_Studio_Windows_64-8.6.0\configuration\resources\lib\aspectjweaver-1.9.1.jar;E:\Katalon\Katalon_Studio_Windows_64-8.6.0\configuration\resources\lib\bcpkix-jdk15on-1.64.jar;E:\Katalon\Katalon_Studio_Windows_64-8.6.0\configuration\resources\lib\bcprov-jdk15on-1.64.jar;E:\Katalon\Katalon_Studio_Windows_64-8.6.0\configuration\resources\lib\browsermob-core-2.1.5.jar;E:\Katalon\Katalon_Studio_Windows_64-8.6.0\configuration\resources\lib\cglib-3.2.10.jar;E:\Katalon\Katalon_Studio_Windows_64-8.6.0\configuration\resources\lib\commons-codec-1.10.jar;E:\Katalon\Katalon_Studio_Windows_64-8.6.0\configuration\resources\lib\commons-collections4-4.1.jar;E:\Katalon\Katalon_Studio_Windows_64-8.6.0\configuration\resources\lib\commons-validator-1.6.jar;E:\Katalon\Katalon_Studio_Windows_64-8.6.0\configuration\resources\lib\curvesapi-1.04.jar;E:\Katalon\Katalon_Studio_Windows_64-8.6.0\configuration\resources\lib\dnsjava-2.1.8.jar;E:\Katalon\Katalon_Studio_Windows_64-8.6.0\configuration\resources\lib\java-client-7.0.0.jar;E:\Katalon\Katalon_Studio_Windows_64-8.6.0\configuration\resources\lib\jna-4.1.0.jar;E:\Katalon\Katalon_Studio_Windows_64-8.6.0\configuration\resources\lib\jna-platform-4.1.0.jar;E:\Katalon\Katalon_Studio_Windows_64-8.6.0\configuration\resources\lib\jzlib-1.1.3.jar;E:\Katalon\Katalon_Studio_Windows_64-8.6.0\configuration\resources\lib\kat-server.jar;E:\Katalon\Katalon_Studio_Windows_64-8.6.0\configuration\resources\lib\littleproxy-1.1.0-beta-bmp-17.jar;E:\Katalon\Katalon_Studio_Windows_64-8.6.0\configuration\resources\lib\log4j-1.2-a
Launcher Type: SUN_STANDARD

Environment Variables:
JAVA_HOME=C:\Program Files\Java\jdk1.8.0_202
USERNAME=HP
OS=Windows_NT
PROCESSOR_IDENTIFIER=Intel64 Family 6 Model 140 Stepping 1, GenuineIntel



---------------  S Y S T E M  ---------------

OS: Windows 10.0 , 64 bit Build 22000 (10.0.22000.1880)
HyperV virtualization detected

CPU:total 8 (initial active 8) (4 cores per cpu, 2 threads per core) family 6 model 140 stepping 1, cmov, cx8, fxsr, mmx, sse, sse2, sse3, ssse3, sse4.1, sse4.2, popcnt, avx, avx2, aes, clmul, erms, 3dnowpref, lzcnt, ht, tsc, tscinvbit, bmi1, bmi2, adx

Memory: 4k page, physical 8148984k(361856k free), swap 23771648k(3576k free)

vm_info: OpenJDK 64-Bit Server VM (25.282-b08) for windows-amd64 JRE (Zulu 8.52.0.23-CA-win64) (1.8.0_282-b08), built on Jan 12 2021 07:45:49 by "tester" with MS VC++ 10.0 (VS2010)

time: Fri Jun 23 22:50:58 2023
timezone: SE Asia Standard Time
elapsed time: 3.735225 seconds (0d 0h 0m 3s)

