#
# There is insufficient memory for the Java Runtime Environment to continue.
# Native memory allocation (malloc) failed to allocate 826896 bytes for Chunk::new
# Possible reasons:
#   The system is out of physical RAM or swap space
#   The process is running with CompressedOops enabled, and the Java Heap may be blocking the growth of the native heap
# Possible solutions:
#   Reduce memory load on the system
#   Increase physical memory or swap space
#   Check if swap backing store is full
#   Decrease Java heap size (-Xmx/-Xms)
#   Decrease number of Java threads
#   Decrease Java thread stack sizes (-Xss)
#   Set larger code cache with -XX:ReservedCodeCacheSize=
#   JVM is running with Unscaled Compressed Oops mode in which the Java heap is
#     placed in the first 4GB address space. The Java Heap base address is the
#     maximum limit for the native heap growth. Please use -XX:HeapBaseMinAddress
#     to set the Java Heap base and to place the Java Heap above 4GB virtual address.
# This output file may be truncated or incomplete.
#
#  Out of Memory Error (allocation.cpp:389), pid=28972, tid=0x000000000000855c
#
# JRE version: OpenJDK Runtime Environment (Zulu 8.52.0.23-CA-win64) (8.0_282-b08) (build 1.8.0_282-b08)
# Java VM: OpenJDK 64-Bit Server VM (25.282-b08 mixed mode windows-amd64 compressed oops)
# Failed to write core dump. Minidumps are not enabled by default on client versions of Windows
#

---------------  T H R E A D  ---------------

Current thread (0x0000000019ef7800):  JavaThread "C2 CompilerThread0" daemon [_thread_in_native, id=34140, stack(0x000000001a8c0000,0x000000001a9c0000)]

Stack: [0x000000001a8c0000,0x000000001a9c0000]
[error occurred during error reporting (printing stack bounds), id 0xc0000005]

Native frames: (J=compiled Java code, j=interpreted, Vv=VM code, C=native code)


Current CompileTask:
C2:   3436 2148       4       groovy.lang.MetaClassImpl$1MOPIter::methodNameAction (479 bytes)


---------------  P R O C E S S  ---------------

Java Threads: ( => current thread )
  0x0000000019b9b800 JavaThread "Service Thread" daemon [_thread_blocked, id=21172, stack(0x000000001acc0000,0x000000001adc0000)]
  0x0000000019efe000 JavaThread "C1 CompilerThread3" daemon [_thread_blocked, id=30328, stack(0x000000001abc0000,0x000000001acc0000)]
  0x0000000019efd000 JavaThread "C2 CompilerThread2" daemon [_thread_in_native, id=26640, stack(0x000000001aac0000,0x000000001abc0000)]
  0x0000000019ef8000 JavaThread "C2 CompilerThread1" daemon [_thread_in_native, id=12064, stack(0x000000001a9c0000,0x000000001aac0000)]
=>0x0000000019ef7800 JavaThread "C2 CompilerThread0" daemon [_thread_in_native, id=34140, stack(0x000000001a8c0000,0x000000001a9c0000)]
  0x0000000019eec000 JavaThread "Attach Listener" daemon [_thread_blocked, id=36480, stack(0x000000001a7c0000,0x000000001a8c0000)]
  0x0000000019eeb800 JavaThread "Signal Dispatcher" daemon [_thread_blocked, id=12584, stack(0x000000001a6c0000,0x000000001a7c0000)]
  0x0000000017a09800 JavaThread "Finalizer" daemon [_thread_blocked, id=34232, stack(0x0000000019cc0000,0x0000000019dc0000)]
  0x00000000197e0800 JavaThread "Reference Handler" daemon [_thread_blocked, id=20184, stack(0x0000000019bc0000,0x0000000019cc0000)]
  0x000000000289e000 JavaThread "main" [_thread_in_native, id=10188, stack(0x0000000002790000,0x0000000002890000)]

Other Threads:
  0x00000000179f9800 VMThread [stack: 0x00000000196c0000,0x00000000197c0000] [id=18304]
  0x0000000019b9d800 WatcherThread [stack: 0x000000001adc0000,0x000000001aec0000] [id=32760]

VM state:not at safepoint (normal execution)

VM Mutex/Monitor currently owned by a thread: None

heap address: 0x0000000080000000, size: 2048 MB, Compressed Oops mode: 32-bit
Narrow klass base: 0x0000000000000000, Narrow klass shift: 3
Compressed class space size: 1073741824 Address: 0x0000000100000000

Heap:
 PSYoungGen      total 72704K, used 36049K [0x00000000d5580000, 0x00000000db900000, 0x0000000100000000)
  eden space 65024K, 50% used [0x00000000d5580000,0x00000000d75ca818,0x00000000d9500000)
  from space 7680K, 38% used [0x00000000d9500000,0x00000000d97e9d50,0x00000000d9c80000)
  to   space 9216K, 0% used [0x00000000db000000,0x00000000db000000,0x00000000db900000)
 ParOldGen       total 63488K, used 11827K [0x0000000080000000, 0x0000000083e00000, 0x00000000d5580000)
  object space 63488K, 18% used [0x0000000080000000,0x0000000080b8ce48,0x0000000083e00000)
 Metaspace       used 24344K, capacity 24705K, committed 25088K, reserved 1071104K
  class space    used 2840K, capacity 2976K, committed 3072K, reserved 1048576K

Card table byte_map: [0x0000000011d50000,0x0000000012160000] byte_map_base: 0x0000000011950000

Marking Bits: (ParMarkBitMap*) 0x000000005c441f00
 Begin Bits: [0x0000000012c10000, 0x0000000014c10000)
 End Bits:   [0x0000000014c10000, 0x0000000016c10000)

Polling page: 0x0000000002540000

CodeCache: size=245760Kb used=8825Kb max_used=8825Kb free=236934Kb
 bounds [0x0000000002990000, 0x0000000003240000, 0x0000000011990000]
 total_blobs=2796 nmethods=2160 adapters=547
 compilation: enabled

Compilation events (10 events):
Event: 3.415 Thread 0x0000000019efe000 2164  s    3       java.lang.StringBuffer::append (15 bytes)
Event: 3.416 Thread 0x0000000019efe000 nmethod 2164 0x00000000032304d0 code [0x0000000003230640, 0x0000000003230968]
Event: 3.416 Thread 0x0000000019efe000 2165       3       java.util.regex.Pattern::skip (23 bytes)
Event: 3.416 Thread 0x0000000019efe000 nmethod 2165 0x0000000003230a50 code [0x0000000003230ba0, 0x0000000003230d30]
Event: 3.425 Thread 0x0000000019efe000 2167       3       java.util.regex.Matcher::matches (10 bytes)
Event: 3.425 Thread 0x0000000019efe000 nmethod 2167 0x0000000003230e10 code [0x0000000003230f80, 0x0000000003231188]
Event: 3.432 Thread 0x0000000019efe000 2168   !   3       java.util.regex.Pattern::<init> (98 bytes)
Event: 3.433 Thread 0x0000000019efe000 nmethod 2168 0x0000000003231210 code [0x0000000003231400, 0x0000000003231e08]
Event: 3.435 Thread 0x0000000019efe000 2169       3       java.lang.AbstractStringBuilder::append (54 bytes)
Event: 3.435 Thread 0x0000000019efe000 nmethod 2169 0x0000000003232310 code [0x00000000032324e0, 0x0000000003232de8]

GC Heap History (10 events):
Event: 1.972 GC heap before
{Heap before GC invocations=6 (full 0):
 PSYoungGen      total 37888K, used 37880K [0x00000000d5580000, 0x00000000da380000, 0x0000000100000000)
  eden space 32768K, 100% used [0x00000000d5580000,0x00000000d7580000,0x00000000d7580000)
  from space 5120K, 99% used [0x00000000d7580000,0x00000000d7a7e0e0,0x00000000d7a80000)
  to   space 7168K, 0% used [0x00000000d9c80000,0x00000000d9c80000,0x00000000da380000)
 ParOldGen       total 86016K, used 2070K [0x0000000080000000, 0x0000000085400000, 0x00000000d5580000)
  object space 86016K, 2% used [0x0000000080000000,0x00000000802059c8,0x0000000085400000)
 Metaspace       used 17619K, capacity 17824K, committed 18176K, reserved 1064960K
  class space    used 1917K, capacity 2004K, committed 2048K, reserved 1048576K
Event: 1.976 GC heap after
Heap after GC invocations=6 (full 0):
 PSYoungGen      total 72192K, used 7136K [0x00000000d5580000, 0x00000000da480000, 0x0000000100000000)
  eden space 65024K, 0% used [0x00000000d5580000,0x00000000d5580000,0x00000000d9500000)
  from space 7168K, 99% used [0x00000000d9c80000,0x00000000da378308,0x00000000da380000)
  to   space 7680K, 0% used [0x00000000d9500000,0x00000000d9500000,0x00000000d9c80000)
 ParOldGen       total 86016K, used 2142K [0x0000000080000000, 0x0000000085400000, 0x00000000d5580000)
  object space 86016K, 2% used [0x0000000080000000,0x00000000802179d8,0x0000000085400000)
 Metaspace       used 17619K, capacity 17824K, committed 18176K, reserved 1064960K
  class space    used 1917K, capacity 2004K, committed 2048K, reserved 1048576K
}
Event: 2.422 GC heap before
{Heap before GC invocations=7 (full 0):
 PSYoungGen      total 72192K, used 72160K [0x00000000d5580000, 0x00000000da480000, 0x0000000100000000)
  eden space 65024K, 100% used [0x00000000d5580000,0x00000000d9500000,0x00000000d9500000)
  from space 7168K, 99% used [0x00000000d9c80000,0x00000000da378308,0x00000000da380000)
  to   space 7680K, 0% used [0x00000000d9500000,0x00000000d9500000,0x00000000d9c80000)
 ParOldGen       total 86016K, used 2142K [0x0000000080000000, 0x0000000085400000, 0x00000000d5580000)
  object space 86016K, 2% used [0x0000000080000000,0x00000000802179d8,0x0000000085400000)
 Metaspace       used 20698K, capacity 20976K, committed 21120K, reserved 1069056K
  class space    used 2295K, capacity 2392K, committed 2432K, reserved 1048576K
Event: 2.429 GC heap after
Heap after GC invocations=7 (full 0):
 PSYoungGen      total 72704K, used 6207K [0x00000000d5580000, 0x00000000da480000, 0x0000000100000000)
  eden space 65024K, 0% used [0x00000000d5580000,0x00000000d5580000,0x00000000d9500000)
  from space 7680K, 80% used [0x00000000d9500000,0x00000000d9b0ffc0,0x00000000d9c80000)
  to   space 7168K, 0% used [0x00000000d9c80000,0x00000000d9c80000,0x00000000da380000)
 ParOldGen       total 86016K, used 5271K [0x0000000080000000, 0x0000000085400000, 0x00000000d5580000)
  object space 86016K, 6% used [0x0000000080000000,0x0000000080525df0,0x0000000085400000)
 Metaspace       used 20698K, capacity 20976K, committed 21120K, reserved 1069056K
  class space    used 2295K, capacity 2392K, committed 2432K, reserved 1048576K
}
Event: 2.509 GC heap before
{Heap before GC invocations=8 (full 0):
 PSYoungGen      total 72704K, used 28243K [0x00000000d5580000, 0x00000000da480000, 0x0000000100000000)
  eden space 65024K, 33% used [0x00000000d5580000,0x00000000d6b05038,0x00000000d9500000)
  from space 7680K, 80% used [0x00000000d9500000,0x00000000d9b0ffc0,0x00000000d9c80000)
  to   space 7168K, 0% used [0x00000000d9c80000,0x00000000d9c80000,0x00000000da380000)
 ParOldGen       total 86016K, used 5271K [0x0000000080000000, 0x0000000085400000, 0x00000000d5580000)
  object space 86016K, 6% used [0x0000000080000000,0x0000000080525df0,0x0000000085400000)
 Metaspace       used 20901K, capacity 21169K, committed 21296K, reserved 1069056K
  class space    used 2315K, capacity 2432K, committed 2432K, reserved 1048576K
Event: 2.514 GC heap after
Heap after GC invocations=8 (full 0):
 PSYoungGen      total 72192K, used 7155K [0x00000000d5580000, 0x00000000da480000, 0x0000000100000000)
  eden space 65024K, 0% used [0x00000000d5580000,0x00000000d5580000,0x00000000d9500000)
  from space 7168K, 99% used [0x00000000d9c80000,0x00000000da37cc18,0x00000000da380000)
  to   space 7680K, 0% used [0x00000000d9500000,0x00000000d9500000,0x00000000d9c80000)
 ParOldGen       total 86016K, used 6166K [0x0000000080000000, 0x0000000085400000, 0x00000000d5580000)
  object space 86016K, 7% used [0x0000000080000000,0x0000000080605a68,0x0000000085400000)
 Metaspace       used 20901K, capacity 21169K, committed 21296K, reserved 1069056K
  class space    used 2315K, capacity 2432K, committed 2432K, reserved 1048576K
}
Event: 2.514 GC heap before
{Heap before GC invocations=9 (full 1):
 PSYoungGen      total 72192K, used 7155K [0x00000000d5580000, 0x00000000da480000, 0x0000000100000000)
  eden space 65024K, 0% used [0x00000000d5580000,0x00000000d5580000,0x00000000d9500000)
  from space 7168K, 99% used [0x00000000d9c80000,0x00000000da37cc18,0x00000000da380000)
  to   space 7680K, 0% used [0x00000000d9500000,0x00000000d9500000,0x00000000d9c80000)
 ParOldGen       total 86016K, used 6166K [0x0000000080000000, 0x0000000085400000, 0x00000000d5580000)
  object space 86016K, 7% used [0x0000000080000000,0x0000000080605a68,0x0000000085400000)
 Metaspace       used 20901K, capacity 21169K, committed 21296K, reserved 1069056K
  class space    used 2315K, capacity 2432K, committed 2432K, reserved 1048576K
Event: 2.574 GC heap after
Heap after GC invocations=9 (full 1):
 PSYoungGen      total 72192K, used 0K [0x00000000d5580000, 0x00000000da480000, 0x0000000100000000)
  eden space 65024K, 0% used [0x00000000d5580000,0x00000000d5580000,0x00000000d9500000)
  from space 7168K, 0% used [0x00000000d9c80000,0x00000000d9c80000,0x00000000da380000)
  to   space 7680K, 0% used [0x00000000d9500000,0x00000000d9500000,0x00000000d9c80000)
 ParOldGen       total 63488K, used 11827K [0x0000000080000000, 0x0000000083e00000, 0x00000000d5580000)
  object space 63488K, 18% used [0x0000000080000000,0x0000000080b8ce48,0x0000000083e00000)
 Metaspace       used 20901K, capacity 21169K, committed 21296K, reserved 1069056K
  class space    used 2315K, capacity 2432K, committed 2432K, reserved 1048576K
}
Event: 2.960 GC heap before
{Heap before GC invocations=10 (full 1):
 PSYoungGen      total 72192K, used 65024K [0x00000000d5580000, 0x00000000da480000, 0x0000000100000000)
  eden space 65024K, 100% used [0x00000000d5580000,0x00000000d9500000,0x00000000d9500000)
  from space 7168K, 0% used [0x00000000d9c80000,0x00000000d9c80000,0x00000000da380000)
  to   space 7680K, 0% used [0x00000000d9500000,0x00000000d9500000,0x00000000d9c80000)
 ParOldGen       total 63488K, used 11827K [0x0000000080000000, 0x0000000083e00000, 0x00000000d5580000)
  object space 63488K, 18% used [0x0000000080000000,0x0000000080b8ce48,0x0000000083e00000)
 Metaspace       used 22808K, capacity 23163K, committed 23296K, reserved 1069056K
  class space    used 2640K, capacity 2782K, committed 2816K, reserved 1048576K
Event: 2.962 GC heap after
Heap after GC invocations=10 (full 1):
 PSYoungGen      total 72704K, used 2983K [0x00000000d5580000, 0x00000000db900000, 0x0000000100000000)
  eden space 65024K, 0% used [0x00000000d5580000,0x00000000d5580000,0x00000000d9500000)
  from space 7680K, 38% used [0x00000000d9500000,0x00000000d97e9d50,0x00000000d9c80000)
  to   space 9216K, 0% used [0x00000000db000000,0x00000000db000000,0x00000000db900000)
 ParOldGen       total 63488K, used 11827K [0x0000000080000000, 0x0000000083e00000, 0x00000000d5580000)
  object space 63488K, 18% used [0x0000000080000000,0x0000000080b8ce48,0x0000000083e00000)
 Metaspace       used 22808K, capacity 23163K, committed 23296K, reserved 1069056K
  class space    used 2640K, capacity 2782K, committed 2816K, reserved 1048576K
}

Deoptimization events (10 events):
Event: 3.057 Thread 0x000000000289e000 Uncommon trap: reason=bimorphic action=maybe_recompile pc=0x0000000002e9be5c method=java.util.HashMap.putVal(ILjava/lang/Object;Ljava/lang/Object;ZZ)Ljava/lang/Object; @ 203
Event: 3.069 Thread 0x000000000289e000 Uncommon trap: reason=class_check action=maybe_recompile pc=0x00000000031e787c method=java.util.regex.Pattern$CharProperty.match(Ljava/util/regex/Matcher;ILjava/lang/CharSequence;)Z @ 37
Event: 3.069 Thread 0x000000000289e000 Uncommon trap: reason=class_check action=maybe_recompile pc=0x00000000031e787c method=java.util.regex.Pattern$CharProperty.match(Ljava/util/regex/Matcher;ILjava/lang/CharSequence;)Z @ 37
Event: 3.069 Thread 0x000000000289e000 Uncommon trap: reason=class_check action=maybe_recompile pc=0x00000000031e787c method=java.util.regex.Pattern$CharProperty.match(Ljava/util/regex/Matcher;ILjava/lang/CharSequence;)Z @ 37
Event: 3.069 Thread 0x000000000289e000 Uncommon trap: reason=class_check action=maybe_recompile pc=0x00000000031e787c method=java.util.regex.Pattern$CharProperty.match(Ljava/util/regex/Matcher;ILjava/lang/CharSequence;)Z @ 37
Event: 3.079 Thread 0x000000000289e000 Uncommon trap: reason=bimorphic action=maybe_recompile pc=0x000000000320a14c method=java.util.regex.Pattern$CharProperty.match(Ljava/util/regex/Matcher;ILjava/lang/CharSequence;)Z @ 37
Event: 3.079 Thread 0x000000000289e000 Uncommon trap: reason=bimorphic action=maybe_recompile pc=0x000000000320a14c method=java.util.regex.Pattern$CharProperty.match(Ljava/util/regex/Matcher;ILjava/lang/CharSequence;)Z @ 37
Event: 3.079 Thread 0x000000000289e000 Uncommon trap: reason=bimorphic action=maybe_recompile pc=0x000000000320a14c method=java.util.regex.Pattern$CharProperty.match(Ljava/util/regex/Matcher;ILjava/lang/CharSequence;)Z @ 37
Event: 3.079 Thread 0x000000000289e000 Uncommon trap: reason=bimorphic action=maybe_recompile pc=0x000000000320a14c method=java.util.regex.Pattern$CharProperty.match(Ljava/util/regex/Matcher;ILjava/lang/CharSequence;)Z @ 37
Event: 3.328 Thread 0x000000000289e000 Uncommon trap: reason=unstable_if action=reinterpret pc=0x0000000002b96564 method=java.io.WinNTFileSystem.normalize(Ljava/lang/String;)Ljava/lang/String; @ 128

Classes redefined (0 events):
No events

Internal exceptions (10 events):
Event: 3.341 Thread 0x000000000289e000 Exception <a 'java/lang/ClassNotFoundException': detaildoctor/detaildoctorBeanInfo> (0x00000000d64cf370) thrown at [C:\jenkins\workspace\zulu8-silver-build-win64\zulu-src\hotspot\src\share\vm\classfile\systemDictionary.cpp, line 220]
Event: 3.343 Thread 0x000000000289e000 Exception <a 'java/lang/ClassNotFoundException': detaildoctor/detaildoctorCustomizer> (0x00000000d65614d0) thrown at [C:\jenkins\workspace\zulu8-silver-build-win64\zulu-src\hotspot\src\share\vm\classfile\systemDictionary.cpp, line 220]
Event: 3.366 Thread 0x000000000289e000 Exception <a 'java/lang/ClassNotFoundException': com/kms/katalon/core/webui/keyword/WebUiBuiltInKeywordsBeanInfo> (0x00000000d67b7498) thrown at [C:\jenkins\workspace\zulu8-silver-build-win64\zulu-src\hotspot\src\share\vm\classfile\systemDictionary.cpp, l
Event: 3.368 Thread 0x000000000289e000 Exception <a 'java/lang/ClassNotFoundException': com/kms/katalon/core/webui/keyword/WebUiBuiltInKeywordsCustomizer> (0x00000000d6888100) thrown at [C:\jenkins\workspace\zulu8-silver-build-win64\zulu-src\hotspot\src\share\vm\classfile\systemDictionary.cpp,
Event: 3.379 Thread 0x000000000289e000 Exception <a 'java/lang/ClassNotFoundException': com/kms/katalon/core/constants/CoreConstantsBeanInfo> (0x00000000d6af2380) thrown at [C:\jenkins\workspace\zulu8-silver-build-win64\zulu-src\hotspot\src\share\vm\classfile\systemDictionary.cpp, line 220]
Event: 3.381 Thread 0x000000000289e000 Exception <a 'java/lang/ClassNotFoundException': com/kms/katalon/core/constants/CoreConstantsCustomizer> (0x00000000d6bad078) thrown at [C:\jenkins\workspace\zulu8-silver-build-win64\zulu-src\hotspot\src\share\vm\classfile\systemDictionary.cpp, line 220]
Event: 3.385 Thread 0x000000000289e000 Exception <a 'java/lang/ClassNotFoundException': java/util/HashMapBeanInfo> (0x00000000d6c46740) thrown at [C:\jenkins\workspace\zulu8-silver-build-win64\zulu-src\hotspot\src\share\vm\classfile\systemDictionary.cpp, line 220]
Event: 3.387 Thread 0x000000000289e000 Exception <a 'java/lang/ClassNotFoundException': java/util/AbstractMapBeanInfo> (0x00000000d6cafc08) thrown at [C:\jenkins\workspace\zulu8-silver-build-win64\zulu-src\hotspot\src\share\vm\classfile\systemDictionary.cpp, line 220]
Event: 3.389 Thread 0x000000000289e000 Exception <a 'java/lang/ClassNotFoundException': java/util/AbstractMapCustomizer> (0x00000000d6d1d1e0) thrown at [C:\jenkins\workspace\zulu8-silver-build-win64\zulu-src\hotspot\src\share\vm\classfile\systemDictionary.cpp, line 220]
Event: 3.391 Thread 0x000000000289e000 Exception <a 'java/lang/ClassNotFoundException': java/util/HashMapCustomizer> (0x00000000d6d90df8) thrown at [C:\jenkins\workspace\zulu8-silver-build-win64\zulu-src\hotspot\src\share\vm\classfile\systemDictionary.cpp, line 220]

Events (10 events):
Event: 3.387 loading class java/util/AbstractMapBeanInfo
Event: 3.387 loading class java/util/AbstractMapBeanInfo done
Event: 3.388 loading class java/util/AbstractMapCustomizer
Event: 3.388 loading class java/util/AbstractMapCustomizer done
Event: 3.389 loading class java/util/AbstractMapCustomizer
Event: 3.389 loading class java/util/AbstractMapCustomizer done
Event: 3.390 loading class java/util/HashMapCustomizer
Event: 3.390 loading class java/util/HashMapCustomizer done
Event: 3.391 loading class java/util/HashMapCustomizer
Event: 3.391 loading class java/util/HashMapCustomizer done


Dynamic libraries:
0x00007ff6a3ff0000 - 0x00007ff6a4025000 	E:\Katalon\Katalon_Studio_Windows_64-8.6.0\jre\bin\javaw.exe
0x00007ff971600000 - 0x00007ff971809000 	C:\WINDOWS\SYSTEM32\ntdll.dll
0x00007ff970050000 - 0x00007ff97010e000 	C:\WINDOWS\System32\KERNEL32.DLL
0x00007ff96eea0000 - 0x00007ff96f224000 	C:\WINDOWS\System32\KERNELBASE.dll
0x00007ff96b930000 - 0x00007ff96b9c2000 	C:\WINDOWS\SYSTEM32\apphelp.dll
0x00007ff970650000 - 0x00007ff9706ff000 	C:\WINDOWS\System32\ADVAPI32.dll
0x00007ff96f480000 - 0x00007ff96f523000 	C:\WINDOWS\System32\msvcrt.dll
0x00007ff96f8a0000 - 0x00007ff96f93e000 	C:\WINDOWS\System32\sechost.dll
0x00007ff970cc0000 - 0x00007ff970de1000 	C:\WINDOWS\System32\RPCRT4.dll
0x00007ff96f5e0000 - 0x00007ff96f78d000 	C:\WINDOWS\System32\USER32.dll
0x00007ff96ec90000 - 0x00007ff96ecb6000 	C:\WINDOWS\System32\win32u.dll
0x00007ff96f870000 - 0x00007ff96f89a000 	C:\WINDOWS\System32\GDI32.dll
0x00007ff96f350000 - 0x00007ff96f46f000 	C:\WINDOWS\System32\gdi32full.dll
0x00007ff96eab0000 - 0x00007ff96eb4d000 	C:\WINDOWS\System32\msvcp_win.dll
0x00007ff96f230000 - 0x00007ff96f341000 	C:\WINDOWS\System32\ucrtbase.dll
0x00007ff94cab0000 - 0x00007ff94cd55000 	C:\WINDOWS\WinSxS\amd64_microsoft.windows.common-controls_6595b64144ccf1df_6.0.22000.120_none_9d947278b86cc467\COMCTL32.dll
0x00007ff96f5a0000 - 0x00007ff96f5d1000 	C:\WINDOWS\System32\IMM32.DLL
0x000000005ba40000 - 0x000000005bb12000 	E:\Katalon\Katalon_Studio_Windows_64-8.6.0\jre\bin\msvcr100.dll
0x000000005bc00000 - 0x000000005c4c5000 	E:\Katalon\Katalon_Studio_Windows_64-8.6.0\jre\bin\server\jvm.dll
0x00007ff96f470000 - 0x00007ff96f478000 	C:\WINDOWS\System32\PSAPI.DLL
0x00007ff95a040000 - 0x00007ff95a049000 	C:\WINDOWS\SYSTEM32\WSOCK32.dll
0x00007ff96ff70000 - 0x00007ff96ffdf000 	C:\WINDOWS\System32\WS2_32.dll
0x00007ff968840000 - 0x00007ff968873000 	C:\WINDOWS\SYSTEM32\WINMM.dll
0x00007ff968bf0000 - 0x00007ff968bfa000 	C:\WINDOWS\SYSTEM32\VERSION.dll
0x00007ff9693d0000 - 0x00007ff9693df000 	E:\Katalon\Katalon_Studio_Windows_64-8.6.0\jre\bin\verify.dll
0x00007ff9597c0000 - 0x00007ff9597e9000 	E:\Katalon\Katalon_Studio_Windows_64-8.6.0\jre\bin\java.dll
0x00007ff95a780000 - 0x00007ff95a796000 	E:\Katalon\Katalon_Studio_Windows_64-8.6.0\jre\bin\zip.dll
0x00007ff970df0000 - 0x00007ff9715b5000 	C:\WINDOWS\System32\SHELL32.dll
0x00007ff96cb60000 - 0x00007ff96d3c4000 	C:\WINDOWS\SYSTEM32\windows.storage.dll
0x00007ff970700000 - 0x00007ff970a76000 	C:\WINDOWS\System32\combase.dll
0x00007ff96c9f0000 - 0x00007ff96cb57000 	C:\WINDOWS\SYSTEM32\wintypes.dll
0x00007ff970500000 - 0x00007ff9705ea000 	C:\WINDOWS\System32\SHCORE.dll
0x00007ff96f530000 - 0x00007ff96f58d000 	C:\WINDOWS\System32\shlwapi.dll
0x00007ff96e9e0000 - 0x00007ff96ea01000 	C:\WINDOWS\SYSTEM32\profapi.dll
0x00007ff95a3f0000 - 0x00007ff95a40b000 	E:\Katalon\Katalon_Studio_Windows_64-8.6.0\jre\bin\net.dll
0x00007ff96e0c0000 - 0x00007ff96e127000 	C:\WINDOWS\system32\mswsock.dll
0x00007ff95a080000 - 0x00007ff95a091000 	E:\Katalon\Katalon_Studio_Windows_64-8.6.0\jre\bin\nio.dll
0x00007ff96e310000 - 0x00007ff96e328000 	C:\WINDOWS\SYSTEM32\CRYPTSP.dll
0x00007ff96db60000 - 0x00007ff96db95000 	C:\WINDOWS\system32\rsaenh.dll
0x00007ff96e1c0000 - 0x00007ff96e1e9000 	C:\WINDOWS\SYSTEM32\USERENV.dll
0x00007ff96e490000 - 0x00007ff96e4b7000 	C:\WINDOWS\SYSTEM32\bcrypt.dll
0x00007ff96eb50000 - 0x00007ff96ebcf000 	C:\WINDOWS\System32\bcryptprimitives.dll
0x00007ff96e330000 - 0x00007ff96e33c000 	C:\WINDOWS\SYSTEM32\CRYPTBASE.dll
0x00007ff96d700000 - 0x00007ff96d72d000 	C:\WINDOWS\SYSTEM32\IPHLPAPI.DLL
0x00007ff96f590000 - 0x00007ff96f599000 	C:\WINDOWS\System32\NSI.dll
0x00007ff968c00000 - 0x00007ff968c19000 	C:\WINDOWS\SYSTEM32\dhcpcsvc6.DLL
0x00007ff968ef0000 - 0x00007ff968f0e000 	C:\WINDOWS\SYSTEM32\dhcpcsvc.DLL
0x00007ff96d730000 - 0x00007ff96d818000 	C:\WINDOWS\SYSTEM32\DNSAPI.dll

VM Arguments:
jvm_args: -Dgroovy.home=C:\Users\HP/.groovy -Djava.system.class.loader=groovy.lang.GroovyClassLoader -Xmx2048m -Dfile.encoding=UTF-8 
java_command: org.codehaus.groovy.tools.GroovyStarter --classpath D:\capstone\ulang\qe-katalon-web\bin\keyword;D:\capstone\ulang\qe-katalon-web\Keywords;D:\capstone\ulang\qe-katalon-web\bin\listener;D:\capstone\ulang\qe-katalon-web\Test Listeners;D:\capstone\ulang\qe-katalon-web\bin\lib;D:\capstone\ulang\qe-katalon-web\Libs;D:\capstone\ulang\qe-katalon-web\bin\groovy;D:\capstone\ulang\qe-katalon-web\Include\scripts\groovy;E:\Katalon\Katalon_Studio_Windows_64-8.6.0\plugins\com.kms.katalon.core_1.0.0.202303100818.jar;E:\Katalon\Katalon_Studio_Windows_64-8.6.0\configuration\resources\lib\aalto-xml-1.0.0.jar;E:\Katalon\Katalon_Studio_Windows_64-8.6.0\configuration\resources\lib\aspectjweaver-1.9.1.jar;E:\Katalon\Katalon_Studio_Windows_64-8.6.0\configuration\resources\lib\bcpkix-jdk15on-1.64.jar;E:\Katalon\Katalon_Studio_Windows_64-8.6.0\configuration\resources\lib\bcprov-jdk15on-1.64.jar;E:\Katalon\Katalon_Studio_Windows_64-8.6.0\configuration\resources\lib\browsermob-core-2.1.5.jar;E:\Katalon\Katalon_Studio_Windows_64-8.6.0\configuration\resources\lib\cglib-3.2.10.jar;E:\Katalon\Katalon_Studio_Windows_64-8.6.0\configuration\resources\lib\commons-codec-1.10.jar;E:\Katalon\Katalon_Studio_Windows_64-8.6.0\configuration\resources\lib\commons-collections4-4.1.jar;E:\Katalon\Katalon_Studio_Windows_64-8.6.0\configuration\resources\lib\commons-validator-1.6.jar;E:\Katalon\Katalon_Studio_Windows_64-8.6.0\configuration\resources\lib\curvesapi-1.04.jar;E:\Katalon\Katalon_Studio_Windows_64-8.6.0\configuration\resources\lib\dnsjava-2.1.8.jar;E:\Katalon\Katalon_Studio_Windows_64-8.6.0\configuration\resources\lib\java-client-7.0.0.jar;E:\Katalon\Katalon_Studio_Windows_64-8.6.0\configuration\resources\lib\jna-4.1.0.jar;E:\Katalon\Katalon_Studio_Windows_64-8.6.0\configuration\resources\lib\jna-platform-4.1.0.jar;E:\Katalon\Katalon_Studio_Windows_64-8.6.0\configuration\resources\lib\jzlib-1.1.3.jar;E:\Katalon\Katalon_Studio_Windows_64-8.6.0\configuration\resources\lib\kat-server.jar;E
java_class_path (initial): D:\capstone\ulang\qe-katalon-web\bin\keyword;D:\capstone\ulang\qe-katalon-web\bin\listener;D:\capstone\ulang\qe-katalon-web\bin\lib;D:\capstone\ulang\qe-katalon-web\bin\groovy;D:\capstone\ulang\qe-katalon-web\bin;E:\Katalon\Katalon_Studio_Windows_64-8.6.0\plugins\com.kms.katalon.core_1.0.0.202303100818.jar;E:\Katalon\Katalon_Studio_Windows_64-8.6.0\configuration\resources\lib\aalto-xml-1.0.0.jar;E:\Katalon\Katalon_Studio_Windows_64-8.6.0\configuration\resources\lib\aspectjweaver-1.9.1.jar;E:\Katalon\Katalon_Studio_Windows_64-8.6.0\configuration\resources\lib\bcpkix-jdk15on-1.64.jar;E:\Katalon\Katalon_Studio_Windows_64-8.6.0\configuration\resources\lib\bcprov-jdk15on-1.64.jar;E:\Katalon\Katalon_Studio_Windows_64-8.6.0\configuration\resources\lib\browsermob-core-2.1.5.jar;E:\Katalon\Katalon_Studio_Windows_64-8.6.0\configuration\resources\lib\cglib-3.2.10.jar;E:\Katalon\Katalon_Studio_Windows_64-8.6.0\configuration\resources\lib\commons-codec-1.10.jar;E:\Katalon\Katalon_Studio_Windows_64-8.6.0\configuration\resources\lib\commons-collections4-4.1.jar;E:\Katalon\Katalon_Studio_Windows_64-8.6.0\configuration\resources\lib\commons-validator-1.6.jar;E:\Katalon\Katalon_Studio_Windows_64-8.6.0\configuration\resources\lib\curvesapi-1.04.jar;E:\Katalon\Katalon_Studio_Windows_64-8.6.0\configuration\resources\lib\dnsjava-2.1.8.jar;E:\Katalon\Katalon_Studio_Windows_64-8.6.0\configuration\resources\lib\java-client-7.0.0.jar;E:\Katalon\Katalon_Studio_Windows_64-8.6.0\configuration\resources\lib\jna-4.1.0.jar;E:\Katalon\Katalon_Studio_Windows_64-8.6.0\configuration\resources\lib\jna-platform-4.1.0.jar;E:\Katalon\Katalon_Studio_Windows_64-8.6.0\configuration\resources\lib\jzlib-1.1.3.jar;E:\Katalon\Katalon_Studio_Windows_64-8.6.0\configuration\resources\lib\kat-server.jar;E:\Katalon\Katalon_Studio_Windows_64-8.6.0\configuration\resources\lib\littleproxy-1.1.0-beta-bmp-17.jar;E:\Katalon\Katalon_Studio_Windows_64-8.6.0\configuration\resources\lib\log4j-1.2-a
Launcher Type: SUN_STANDARD

Environment Variables:
JAVA_HOME=C:\Program Files\Java\jdk1.8.0_202
USERNAME=HP
OS=Windows_NT
PROCESSOR_IDENTIFIER=Intel64 Family 6 Model 140 Stepping 1, GenuineIntel



---------------  S Y S T E M  ---------------

OS: Windows 10.0 , 64 bit Build 22000 (10.0.22000.1880)
HyperV virtualization detected

CPU:total 8 (initial active 8) (4 cores per cpu, 2 threads per core) family 6 model 140 stepping 1, cmov, cx8, fxsr, mmx, sse, sse2, sse3, ssse3, sse4.1, sse4.2, popcnt, avx, avx2, aes, clmul, erms, 3dnowpref, lzcnt, ht, tsc, tscinvbit, bmi1, bmi2, adx

Memory: 4k page, physical 8148984k(391720k free), swap 23640576k(4768k free)

vm_info: OpenJDK 64-Bit Server VM (25.282-b08) for windows-amd64 JRE (Zulu 8.52.0.23-CA-win64) (1.8.0_282-b08), built on Jan 12 2021 07:45:49 by "tester" with MS VC++ 10.0 (VS2010)

time: Fri Jun 23 22:37:45 2023
timezone: SE Asia Standard Time
elapsed time: 3.442834 seconds (0d 0h 0m 3s)

