#
# There is insufficient memory for the Java Runtime Environment to continue.
# Native memory allocation (malloc) failed to allocate 915696 bytes for Chunk::new
# Possible reasons:
#   The system is out of physical RAM or swap space
#   The process is running with CompressedOops enabled, and the Java Heap may be blocking the growth of the native heap
# Possible solutions:
#   Reduce memory load on the system
#   Increase physical memory or swap space
#   Check if swap backing store is full
#   Decrease Java heap size (-Xmx/-Xms)
#   Decrease number of Java threads
#   Decrease Java thread stack sizes (-Xss)
#   Set larger code cache with -XX:ReservedCodeCacheSize=
#   JVM is running with Unscaled Compressed Oops mode in which the Java heap is
#     placed in the first 4GB address space. The Java Heap base address is the
#     maximum limit for the native heap growth. Please use -XX:HeapBaseMinAddress
#     to set the Java Heap base and to place the Java Heap above 4GB virtual address.
# This output file may be truncated or incomplete.
#
#  Out of Memory Error (allocation.cpp:389), pid=35240, tid=0x0000000000007208
#
# JRE version: OpenJDK Runtime Environment (Zulu 8.52.0.23-CA-win64) (8.0_282-b08) (build 1.8.0_282-b08)
# Java VM: OpenJDK 64-Bit Server VM (25.282-b08 mixed mode windows-amd64 compressed oops)
# Failed to write core dump. Minidumps are not enabled by default on client versions of Windows
#

---------------  T H R E A D  ---------------

Current thread (0x0000000019b0f800):  JavaThread "C2 CompilerThread0" daemon [_thread_in_native, id=29192, stack(0x000000001a4e0000,0x000000001a5e0000)]

Stack: [0x000000001a4e0000,0x000000001a5e0000]
[error occurred during error reporting (printing stack bounds), id 0xc0000005]

Native frames: (J=compiled Java code, j=interpreted, Vv=VM code, C=native code)


Current CompileTask:
C2:   3292 2155   !   4       com.sun.beans.TypeResolver::resolve (274 bytes)


---------------  P R O C E S S  ---------------

Java Threads: ( => current thread )
  0x0000000019b4e000 JavaThread "Service Thread" daemon [_thread_blocked, id=30056, stack(0x000000001a8e0000,0x000000001a9e0000)]
  0x0000000019b13800 JavaThread "C1 CompilerThread3" daemon [_thread_blocked, id=31820, stack(0x000000001a7e0000,0x000000001a8e0000)]
  0x0000000019b12000 JavaThread "C2 CompilerThread2" daemon [_thread_in_native, id=31900, stack(0x000000001a6e0000,0x000000001a7e0000)]
  0x0000000019b10800 JavaThread "C2 CompilerThread1" daemon [_thread_in_native, id=23732, stack(0x000000001a5e0000,0x000000001a6e0000)]
=>0x0000000019b0f800 JavaThread "C2 CompilerThread0" daemon [_thread_in_native, id=29192, stack(0x000000001a4e0000,0x000000001a5e0000)]
  0x0000000019b08800 JavaThread "Attach Listener" daemon [_thread_blocked, id=34712, stack(0x000000001a3e0000,0x000000001a4e0000)]
  0x0000000019b07800 JavaThread "Signal Dispatcher" daemon [_thread_blocked, id=34580, stack(0x000000001a2e0000,0x000000001a3e0000)]
  0x000000001760b000 JavaThread "Finalizer" daemon [_thread_blocked, id=36408, stack(0x00000000198e0000,0x00000000199e0000)]
  0x0000000019400800 JavaThread "Reference Handler" daemon [_thread_blocked, id=3284, stack(0x00000000197e0000,0x00000000198e0000)]
  0x000000000246e000 JavaThread "main" [_thread_in_Java, id=17088, stack(0x0000000002360000,0x0000000002460000)]

Other Threads:
  0x00000000175fb000 VMThread [stack: 0x00000000192e0000,0x00000000193e0000] [id=6448]
  0x0000000019b4f800 WatcherThread [stack: 0x000000001a9e0000,0x000000001aae0000] [id=29376]

VM state:not at safepoint (normal execution)

VM Mutex/Monitor currently owned by a thread: None

heap address: 0x0000000080000000, size: 2048 MB, Compressed Oops mode: 32-bit
Narrow klass base: 0x0000000000000000, Narrow klass shift: 3
Compressed class space size: 1073741824 Address: 0x0000000100000000

Heap:
 PSYoungGen      total 65024K, used 60773K [0x00000000d5580000, 0x00000000dc580000, 0x0000000100000000)
  eden space 59904K, 96% used [0x00000000d5580000,0x00000000d8e034f8,0x00000000d9000000)
  from space 5120K, 56% used [0x00000000d9a80000,0x00000000d9d56100,0x00000000d9f80000)
  to   space 10752K, 0% used [0x00000000d9000000,0x00000000d9000000,0x00000000d9a80000)
 ParOldGen       total 68608K, used 13482K [0x0000000080000000, 0x0000000084300000, 0x00000000d5580000)
  object space 68608K, 19% used [0x0000000080000000,0x0000000080d2abf8,0x0000000084300000)
 Metaspace       used 25435K, capacity 25805K, committed 25984K, reserved 1073152K
  class space    used 3027K, capacity 3170K, committed 3200K, reserved 1048576K

Card table byte_map: [0x0000000011920000,0x0000000011d30000] byte_map_base: 0x0000000011520000

Marking Bits: (ParMarkBitMap*) 0x000000005c441f00
 Begin Bits: [0x00000000127e0000, 0x00000000147e0000)
 End Bits:   [0x00000000147e0000, 0x00000000167e0000)

Polling page: 0x00000000021b0000

CodeCache: size=245760Kb used=9113Kb max_used=9119Kb free=236646Kb
 bounds [0x0000000002560000, 0x0000000002e50000, 0x0000000011560000]
 total_blobs=2832 nmethods=2196 adapters=547
 compilation: enabled

Compilation events (10 events):
Event: 3.285 Thread 0x0000000019b13800 2202       3       sun.reflect.annotation.AnnotationInvocationHandler::invoke (277 bytes)
Event: 3.286 Thread 0x0000000019b13800 nmethod 2202 0x0000000002e3d210 code [0x0000000002e3d500, 0x0000000002e3eaf8]
Event: 3.286 Thread 0x0000000019b13800 2203       1       sun.reflect.annotation.AnnotationType::memberTypes (5 bytes)
Event: 3.286 Thread 0x0000000019b13800 nmethod 2203 0x0000000002e40610 code [0x0000000002e40760, 0x0000000002e40870]
Event: 3.286 Thread 0x0000000019b13800 2204       1       sun.reflect.annotation.AnnotationType::memberDefaults (5 bytes)
Event: 3.286 Thread 0x0000000019b13800 nmethod 2204 0x0000000002e3cf50 code [0x0000000002e3d0a0, 0x0000000002e3d1b0]
Event: 3.286 Thread 0x0000000019b13800 2205       1       sun.reflect.annotation.AnnotationType::retention (5 bytes)
Event: 3.286 Thread 0x0000000019b13800 nmethod 2205 0x0000000002e3cc90 code [0x0000000002e3cde0, 0x0000000002e3cef0]
Event: 3.288 Thread 0x0000000019b13800 2206       3       java.lang.ReflectiveOperationException::<init> (6 bytes)
Event: 3.288 Thread 0x0000000019b13800 nmethod 2206 0x0000000002e3c850 code [0x0000000002e3c9c0, 0x0000000002e3cba8]

GC Heap History (10 events):
Event: 1.709 GC heap before
{Heap before GC invocations=5 (full 0):
 PSYoungGen      total 70656K, used 70645K [0x00000000d5580000, 0x00000000d9f80000, 0x0000000100000000)
  eden space 65536K, 100% used [0x00000000d5580000,0x00000000d9580000,0x00000000d9580000)
  from space 5120K, 99% used [0x00000000d9a80000,0x00000000d9f7d6e0,0x00000000d9f80000)
  to   space 5120K, 0% used [0x00000000d9580000,0x00000000d9580000,0x00000000d9a80000)
 ParOldGen       total 86016K, used 352K [0x0000000080000000, 0x0000000085400000, 0x00000000d5580000)
  object space 86016K, 0% used [0x0000000080000000,0x0000000080058000,0x0000000085400000)
 Metaspace       used 17630K, capacity 17888K, committed 18176K, reserved 1064960K
  class space    used 1914K, capacity 2004K, committed 2048K, reserved 1048576K
Event: 1.714 GC heap after
Heap after GC invocations=5 (full 0):
 PSYoungGen      total 70656K, used 5112K [0x00000000d5580000, 0x00000000d9f80000, 0x0000000100000000)
  eden space 65536K, 0% used [0x00000000d5580000,0x00000000d5580000,0x00000000d9580000)
  from space 5120K, 99% used [0x00000000d9580000,0x00000000d9a7e038,0x00000000d9a80000)
  to   space 5120K, 0% used [0x00000000d9a80000,0x00000000d9a80000,0x00000000d9f80000)
 ParOldGen       total 86016K, used 3992K [0x0000000080000000, 0x0000000085400000, 0x00000000d5580000)
  object space 86016K, 4% used [0x0000000080000000,0x00000000803e6010,0x0000000085400000)
 Metaspace       used 17630K, capacity 17888K, committed 18176K, reserved 1064960K
  class space    used 1914K, capacity 2004K, committed 2048K, reserved 1048576K
}
Event: 2.144 GC heap before
{Heap before GC invocations=6 (full 0):
 PSYoungGen      total 70656K, used 70648K [0x00000000d5580000, 0x00000000d9f80000, 0x0000000100000000)
  eden space 65536K, 100% used [0x00000000d5580000,0x00000000d9580000,0x00000000d9580000)
  from space 5120K, 99% used [0x00000000d9580000,0x00000000d9a7e038,0x00000000d9a80000)
  to   space 5120K, 0% used [0x00000000d9a80000,0x00000000d9a80000,0x00000000d9f80000)
 ParOldGen       total 86016K, used 3992K [0x0000000080000000, 0x0000000085400000, 0x00000000d5580000)
  object space 86016K, 4% used [0x0000000080000000,0x00000000803e6010,0x0000000085400000)
 Metaspace       used 20694K, capacity 20912K, committed 21120K, reserved 1069056K
  class space    used 2293K, capacity 2392K, committed 2432K, reserved 1048576K
Event: 2.151 GC heap after
Heap after GC invocations=6 (full 0):
 PSYoungGen      total 70656K, used 5104K [0x00000000d5580000, 0x00000000d9f80000, 0x0000000100000000)
  eden space 65536K, 0% used [0x00000000d5580000,0x00000000d5580000,0x00000000d9580000)
  from space 5120K, 99% used [0x00000000d9a80000,0x00000000d9f7c030,0x00000000d9f80000)
  to   space 5120K, 0% used [0x00000000d9580000,0x00000000d9580000,0x00000000d9a80000)
 ParOldGen       total 86016K, used 7696K [0x0000000080000000, 0x0000000085400000, 0x00000000d5580000)
  object space 86016K, 8% used [0x0000000080000000,0x00000000807841a0,0x0000000085400000)
 Metaspace       used 20694K, capacity 20912K, committed 21120K, reserved 1069056K
  class space    used 2293K, capacity 2392K, committed 2432K, reserved 1048576K
}
Event: 2.250 GC heap before
{Heap before GC invocations=7 (full 0):
 PSYoungGen      total 70656K, used 25990K [0x00000000d5580000, 0x00000000d9f80000, 0x0000000100000000)
  eden space 65536K, 31% used [0x00000000d5580000,0x00000000d69e59d0,0x00000000d9580000)
  from space 5120K, 99% used [0x00000000d9a80000,0x00000000d9f7c030,0x00000000d9f80000)
  to   space 5120K, 0% used [0x00000000d9580000,0x00000000d9580000,0x00000000d9a80000)
 ParOldGen       total 86016K, used 7696K [0x0000000080000000, 0x0000000085400000, 0x00000000d5580000)
  object space 86016K, 8% used [0x0000000080000000,0x00000000807841a0,0x0000000085400000)
 Metaspace       used 20897K, capacity 21169K, committed 21296K, reserved 1069056K
  class space    used 2312K, capacity 2432K, committed 2432K, reserved 1048576K
Event: 2.257 GC heap after
Heap after GC invocations=7 (full 0):
 PSYoungGen      total 70656K, used 5091K [0x00000000d5580000, 0x00000000d9f80000, 0x0000000100000000)
  eden space 65536K, 0% used [0x00000000d5580000,0x00000000d5580000,0x00000000d9580000)
  from space 5120K, 99% used [0x00000000d9580000,0x00000000d9a78c08,0x00000000d9a80000)
  to   space 5120K, 0% used [0x00000000d9a80000,0x00000000d9a80000,0x00000000d9f80000)
 ParOldGen       total 86016K, used 10764K [0x0000000080000000, 0x0000000085400000, 0x00000000d5580000)
  object space 86016K, 12% used [0x0000000080000000,0x0000000080a83248,0x0000000085400000)
 Metaspace       used 20897K, capacity 21169K, committed 21296K, reserved 1069056K
  class space    used 2312K, capacity 2432K, committed 2432K, reserved 1048576K
}
Event: 2.257 GC heap before
{Heap before GC invocations=8 (full 1):
 PSYoungGen      total 70656K, used 5091K [0x00000000d5580000, 0x00000000d9f80000, 0x0000000100000000)
  eden space 65536K, 0% used [0x00000000d5580000,0x00000000d5580000,0x00000000d9580000)
  from space 5120K, 99% used [0x00000000d9580000,0x00000000d9a78c08,0x00000000d9a80000)
  to   space 5120K, 0% used [0x00000000d9a80000,0x00000000d9a80000,0x00000000d9f80000)
 ParOldGen       total 86016K, used 10764K [0x0000000080000000, 0x0000000085400000, 0x00000000d5580000)
  object space 86016K, 12% used [0x0000000080000000,0x0000000080a83248,0x0000000085400000)
 Metaspace       used 20897K, capacity 21169K, committed 21296K, reserved 1069056K
  class space    used 2312K, capacity 2432K, committed 2432K, reserved 1048576K
Event: 2.325 GC heap after
Heap after GC invocations=8 (full 1):
 PSYoungGen      total 70656K, used 0K [0x00000000d5580000, 0x00000000d9f80000, 0x0000000100000000)
  eden space 65536K, 0% used [0x00000000d5580000,0x00000000d5580000,0x00000000d9580000)
  from space 5120K, 0% used [0x00000000d9580000,0x00000000d9580000,0x00000000d9a80000)
  to   space 5120K, 0% used [0x00000000d9a80000,0x00000000d9a80000,0x00000000d9f80000)
 ParOldGen       total 68608K, used 13474K [0x0000000080000000, 0x0000000084300000, 0x00000000d5580000)
  object space 68608K, 19% used [0x0000000080000000,0x0000000080d28bf8,0x0000000084300000)
 Metaspace       used 20897K, capacity 21169K, committed 21296K, reserved 1069056K
  class space    used 2312K, capacity 2432K, committed 2432K, reserved 1048576K
}
Event: 2.717 GC heap before
{Heap before GC invocations=9 (full 1):
 PSYoungGen      total 70656K, used 65536K [0x00000000d5580000, 0x00000000d9f80000, 0x0000000100000000)
  eden space 65536K, 100% used [0x00000000d5580000,0x00000000d9580000,0x00000000d9580000)
  from space 5120K, 0% used [0x00000000d9580000,0x00000000d9580000,0x00000000d9a80000)
  to   space 5120K, 0% used [0x00000000d9a80000,0x00000000d9a80000,0x00000000d9f80000)
 ParOldGen       total 68608K, used 13474K [0x0000000080000000, 0x0000000084300000, 0x00000000d5580000)
  object space 68608K, 19% used [0x0000000080000000,0x0000000080d28bf8,0x0000000084300000)
 Metaspace       used 22751K, capacity 23163K, committed 23296K, reserved 1069056K
  class space    used 2624K, capacity 2782K, committed 2816K, reserved 1048576K
Event: 2.720 GC heap after
Heap after GC invocations=9 (full 1):
 PSYoungGen      total 65024K, used 2904K [0x00000000d5580000, 0x00000000dc580000, 0x0000000100000000)
  eden space 59904K, 0% used [0x00000000d5580000,0x00000000d5580000,0x00000000d9000000)
  from space 5120K, 56% used [0x00000000d9a80000,0x00000000d9d56100,0x00000000d9f80000)
  to   space 10752K, 0% used [0x00000000d9000000,0x00000000d9000000,0x00000000d9a80000)
 ParOldGen       total 68608K, used 13482K [0x0000000080000000, 0x0000000084300000, 0x00000000d5580000)
  object space 68608K, 19% used [0x0000000080000000,0x0000000080d2abf8,0x0000000084300000)
 Metaspace       used 22751K, capacity 23163K, committed 23296K, reserved 1069056K
  class space    used 2624K, capacity 2782K, committed 2816K, reserved 1048576K
}

Deoptimization events (10 events):
Event: 2.834 Thread 0x000000000246e000 Uncommon trap: reason=class_check action=maybe_recompile pc=0x0000000002dbdb0c method=java.util.regex.Pattern$CharProperty.match(Ljava/util/regex/Matcher;ILjava/lang/CharSequence;)Z @ 37
Event: 2.834 Thread 0x000000000246e000 Uncommon trap: reason=class_check action=maybe_recompile pc=0x0000000002dbdb0c method=java.util.regex.Pattern$CharProperty.match(Ljava/util/regex/Matcher;ILjava/lang/CharSequence;)Z @ 37
Event: 2.834 Thread 0x000000000246e000 Uncommon trap: reason=class_check action=maybe_recompile pc=0x0000000002dbdb0c method=java.util.regex.Pattern$CharProperty.match(Ljava/util/regex/Matcher;ILjava/lang/CharSequence;)Z @ 37
Event: 2.834 Thread 0x000000000246e000 Uncommon trap: reason=class_check action=maybe_recompile pc=0x0000000002dbdb0c method=java.util.regex.Pattern$CharProperty.match(Ljava/util/regex/Matcher;ILjava/lang/CharSequence;)Z @ 37
Event: 2.847 Thread 0x000000000246e000 Uncommon trap: reason=bimorphic action=maybe_recompile pc=0x0000000002de351c method=java.util.regex.Pattern$CharProperty.match(Ljava/util/regex/Matcher;ILjava/lang/CharSequence;)Z @ 37
Event: 2.847 Thread 0x000000000246e000 Uncommon trap: reason=bimorphic action=maybe_recompile pc=0x0000000002de351c method=java.util.regex.Pattern$CharProperty.match(Ljava/util/regex/Matcher;ILjava/lang/CharSequence;)Z @ 37
Event: 2.848 Thread 0x000000000246e000 Uncommon trap: reason=bimorphic action=maybe_recompile pc=0x0000000002de351c method=java.util.regex.Pattern$CharProperty.match(Ljava/util/regex/Matcher;ILjava/lang/CharSequence;)Z @ 37
Event: 2.848 Thread 0x000000000246e000 Uncommon trap: reason=bimorphic action=maybe_recompile pc=0x0000000002de351c method=java.util.regex.Pattern$CharProperty.match(Ljava/util/regex/Matcher;ILjava/lang/CharSequence;)Z @ 37
Event: 3.091 Thread 0x000000000246e000 Uncommon trap: reason=unstable_if action=reinterpret pc=0x0000000002769364 method=java.io.WinNTFileSystem.normalize(Ljava/lang/String;)Ljava/lang/String; @ 128
Event: 3.282 Thread 0x000000000246e000 Uncommon trap: reason=unstable_if action=reinterpret pc=0x0000000002be7d88 method=java.util.zip.ZipFile$ZipEntryIterator.hasNext()Z @ 25

Classes redefined (0 events):
No events

Internal exceptions (10 events):
Event: 3.102 Thread 0x000000000246e000 Exception <a 'java/lang/ClassNotFoundException': detaildoctor/detaildoctorBeanInfo> (0x00000000d66cdae0) thrown at [C:\jenkins\workspace\zulu8-silver-build-win64\zulu-src\hotspot\src\share\vm\classfile\systemDictionary.cpp, line 220]
Event: 3.104 Thread 0x000000000246e000 Exception <a 'java/lang/ClassNotFoundException': detaildoctor/detaildoctorCustomizer> (0x00000000d675fbc0) thrown at [C:\jenkins\workspace\zulu8-silver-build-win64\zulu-src\hotspot\src\share\vm\classfile\systemDictionary.cpp, line 220]
Event: 3.120 Thread 0x000000000246e000 Exception <a 'java/lang/ClassNotFoundException': com/kms/katalon/core/webui/keyword/WebUiBuiltInKeywordsBeanInfo> (0x00000000d69b61e8) thrown at [C:\jenkins\workspace\zulu8-silver-build-win64\zulu-src\hotspot\src\share\vm\classfile\systemDictionary.cpp, l
Event: 3.122 Thread 0x000000000246e000 Exception <a 'java/lang/ClassNotFoundException': com/kms/katalon/core/webui/keyword/WebUiBuiltInKeywordsCustomizer> (0x00000000d6a86ea0) thrown at [C:\jenkins\workspace\zulu8-silver-build-win64\zulu-src\hotspot\src\share\vm\classfile\systemDictionary.cpp,
Event: 3.132 Thread 0x000000000246e000 Exception <a 'java/lang/ClassNotFoundException': com/kms/katalon/core/constants/CoreConstantsBeanInfo> (0x00000000d6ceff88) thrown at [C:\jenkins\workspace\zulu8-silver-build-win64\zulu-src\hotspot\src\share\vm\classfile\systemDictionary.cpp, line 220]
Event: 3.135 Thread 0x000000000246e000 Exception <a 'java/lang/ClassNotFoundException': com/kms/katalon/core/constants/CoreConstantsCustomizer> (0x00000000d6daac70) thrown at [C:\jenkins\workspace\zulu8-silver-build-win64\zulu-src\hotspot\src\share\vm\classfile\systemDictionary.cpp, line 220]
Event: 3.139 Thread 0x000000000246e000 Exception <a 'java/lang/ClassNotFoundException': java/util/HashMapBeanInfo> (0x00000000d6e44350) thrown at [C:\jenkins\workspace\zulu8-silver-build-win64\zulu-src\hotspot\src\share\vm\classfile\systemDictionary.cpp, line 220]
Event: 3.140 Thread 0x000000000246e000 Exception <a 'java/lang/ClassNotFoundException': java/util/AbstractMapBeanInfo> (0x00000000d6ead840) thrown at [C:\jenkins\workspace\zulu8-silver-build-win64\zulu-src\hotspot\src\share\vm\classfile\systemDictionary.cpp, line 220]
Event: 3.142 Thread 0x000000000246e000 Exception <a 'java/lang/ClassNotFoundException': java/util/AbstractMapCustomizer> (0x00000000d6f1dcd8) thrown at [C:\jenkins\workspace\zulu8-silver-build-win64\zulu-src\hotspot\src\share\vm\classfile\systemDictionary.cpp, line 220]
Event: 3.144 Thread 0x000000000246e000 Exception <a 'java/lang/ClassNotFoundException': java/util/HashMapCustomizer> (0x00000000d6f918f0) thrown at [C:\jenkins\workspace\zulu8-silver-build-win64\zulu-src\hotspot\src\share\vm\classfile\systemDictionary.cpp, line 220]

Events (10 events):
Event: 3.144 loading class java/util/HashMapCustomizer done
Event: 3.282 Thread 0x000000000246e000 Uncommon trap: trap_request=0xffffff65 fr.pc=0x0000000002be7d88
Event: 3.282 Thread 0x000000000246e000 DEOPT PACKING pc=0x0000000002be7d88 sp=0x000000000245b8d0
Event: 3.282 Thread 0x000000000246e000 DEOPT UNPACKING pc=0x00000000025a567b sp=0x000000000245b778 mode 2
Event: 3.286 loading class groovy/runtime/metaclass/com/kms/katalon/core/webui/keyword/builtin/OpenBrowserKeywordMetaClass
Event: 3.286 loading class groovy/runtime/metaclass/com/kms/katalon/core/webui/keyword/builtin/OpenBrowserKeywordMetaClass done
Event: 3.290 loading class com/kms/katalon/core/webui/keyword/builtin/OpenBrowserKeywordBeanInfo
Event: 3.290 loading class com/kms/katalon/core/webui/keyword/builtin/OpenBrowserKeywordBeanInfo done
Event: 3.290 loading class com/kms/katalon/core/webui/keyword/builtin/OpenBrowserKeywordBeanInfo
Event: 3.290 loading class com/kms/katalon/core/webui/keyword/builtin/OpenBrowserKeywordBeanInfo done


Dynamic libraries:
0x00007ff7bb160000 - 0x00007ff7bb195000 	E:\Katalon\Katalon_Studio_Windows_64-8.6.0\jre\bin\javaw.exe
0x00007ff971600000 - 0x00007ff971809000 	C:\WINDOWS\SYSTEM32\ntdll.dll
0x00007ff970050000 - 0x00007ff97010e000 	C:\WINDOWS\System32\KERNEL32.DLL
0x00007ff96eea0000 - 0x00007ff96f224000 	C:\WINDOWS\System32\KERNELBASE.dll
0x00007ff96b930000 - 0x00007ff96b9c2000 	C:\WINDOWS\SYSTEM32\apphelp.dll
0x00007ff970650000 - 0x00007ff9706ff000 	C:\WINDOWS\System32\ADVAPI32.dll
0x00007ff96f480000 - 0x00007ff96f523000 	C:\WINDOWS\System32\msvcrt.dll
0x00007ff96f8a0000 - 0x00007ff96f93e000 	C:\WINDOWS\System32\sechost.dll
0x00007ff970cc0000 - 0x00007ff970de1000 	C:\WINDOWS\System32\RPCRT4.dll
0x00007ff96f5e0000 - 0x00007ff96f78d000 	C:\WINDOWS\System32\USER32.dll
0x00007ff96ec90000 - 0x00007ff96ecb6000 	C:\WINDOWS\System32\win32u.dll
0x00007ff96f870000 - 0x00007ff96f89a000 	C:\WINDOWS\System32\GDI32.dll
0x00007ff96f350000 - 0x00007ff96f46f000 	C:\WINDOWS\System32\gdi32full.dll
0x00007ff96eab0000 - 0x00007ff96eb4d000 	C:\WINDOWS\System32\msvcp_win.dll
0x00007ff96f230000 - 0x00007ff96f341000 	C:\WINDOWS\System32\ucrtbase.dll
0x00007ff94cab0000 - 0x00007ff94cd55000 	C:\WINDOWS\WinSxS\amd64_microsoft.windows.common-controls_6595b64144ccf1df_6.0.22000.120_none_9d947278b86cc467\COMCTL32.dll
0x00007ff96f5a0000 - 0x00007ff96f5d1000 	C:\WINDOWS\System32\IMM32.DLL
0x000000005ba40000 - 0x000000005bb12000 	E:\Katalon\Katalon_Studio_Windows_64-8.6.0\jre\bin\msvcr100.dll
0x000000005bc00000 - 0x000000005c4c5000 	E:\Katalon\Katalon_Studio_Windows_64-8.6.0\jre\bin\server\jvm.dll
0x00007ff96f470000 - 0x00007ff96f478000 	C:\WINDOWS\System32\PSAPI.DLL
0x00007ff95a040000 - 0x00007ff95a049000 	C:\WINDOWS\SYSTEM32\WSOCK32.dll
0x00007ff968840000 - 0x00007ff968873000 	C:\WINDOWS\SYSTEM32\WINMM.dll
0x00007ff968bf0000 - 0x00007ff968bfa000 	C:\WINDOWS\SYSTEM32\VERSION.dll
0x00007ff96ff70000 - 0x00007ff96ffdf000 	C:\WINDOWS\System32\WS2_32.dll
0x00007ff9693d0000 - 0x00007ff9693df000 	E:\Katalon\Katalon_Studio_Windows_64-8.6.0\jre\bin\verify.dll
0x00007ff9597c0000 - 0x00007ff9597e9000 	E:\Katalon\Katalon_Studio_Windows_64-8.6.0\jre\bin\java.dll
0x00007ff95a780000 - 0x00007ff95a796000 	E:\Katalon\Katalon_Studio_Windows_64-8.6.0\jre\bin\zip.dll
0x00007ff970df0000 - 0x00007ff9715b5000 	C:\WINDOWS\System32\SHELL32.dll
0x00007ff96cb60000 - 0x00007ff96d3c4000 	C:\WINDOWS\SYSTEM32\windows.storage.dll
0x00007ff970700000 - 0x00007ff970a76000 	C:\WINDOWS\System32\combase.dll
0x00007ff96c9f0000 - 0x00007ff96cb57000 	C:\WINDOWS\SYSTEM32\wintypes.dll
0x00007ff970500000 - 0x00007ff9705ea000 	C:\WINDOWS\System32\SHCORE.dll
0x00007ff96f530000 - 0x00007ff96f58d000 	C:\WINDOWS\System32\shlwapi.dll
0x00007ff96e9e0000 - 0x00007ff96ea01000 	C:\WINDOWS\SYSTEM32\profapi.dll
0x00007ff95a3f0000 - 0x00007ff95a40b000 	E:\Katalon\Katalon_Studio_Windows_64-8.6.0\jre\bin\net.dll
0x00007ff96e0c0000 - 0x00007ff96e127000 	C:\WINDOWS\system32\mswsock.dll
0x00007ff95a080000 - 0x00007ff95a091000 	E:\Katalon\Katalon_Studio_Windows_64-8.6.0\jre\bin\nio.dll
0x00007ff96e310000 - 0x00007ff96e328000 	C:\WINDOWS\SYSTEM32\CRYPTSP.dll
0x00007ff96db60000 - 0x00007ff96db95000 	C:\WINDOWS\system32\rsaenh.dll
0x00007ff96e1c0000 - 0x00007ff96e1e9000 	C:\WINDOWS\SYSTEM32\USERENV.dll
0x00007ff96e490000 - 0x00007ff96e4b7000 	C:\WINDOWS\SYSTEM32\bcrypt.dll
0x00007ff96eb50000 - 0x00007ff96ebcf000 	C:\WINDOWS\System32\bcryptprimitives.dll
0x00007ff96e330000 - 0x00007ff96e33c000 	C:\WINDOWS\SYSTEM32\CRYPTBASE.dll
0x00007ff96d700000 - 0x00007ff96d72d000 	C:\WINDOWS\SYSTEM32\IPHLPAPI.DLL
0x00007ff96f590000 - 0x00007ff96f599000 	C:\WINDOWS\System32\NSI.dll
0x00007ff968c00000 - 0x00007ff968c19000 	C:\WINDOWS\SYSTEM32\dhcpcsvc6.DLL
0x00007ff968ef0000 - 0x00007ff968f0e000 	C:\WINDOWS\SYSTEM32\dhcpcsvc.DLL
0x00007ff96d730000 - 0x00007ff96d818000 	C:\WINDOWS\SYSTEM32\DNSAPI.dll

VM Arguments:
jvm_args: -Dgroovy.home=C:\Users\HP/.groovy -Djava.system.class.loader=groovy.lang.GroovyClassLoader -Xmx2048m -Dfile.encoding=UTF-8 
java_command: org.codehaus.groovy.tools.GroovyStarter --classpath D:\capstone\ulang\qe-katalon-web\bin\keyword;D:\capstone\ulang\qe-katalon-web\Keywords;D:\capstone\ulang\qe-katalon-web\bin\listener;D:\capstone\ulang\qe-katalon-web\Test Listeners;D:\capstone\ulang\qe-katalon-web\bin\lib;D:\capstone\ulang\qe-katalon-web\Libs;D:\capstone\ulang\qe-katalon-web\bin\groovy;D:\capstone\ulang\qe-katalon-web\Include\scripts\groovy;E:\Katalon\Katalon_Studio_Windows_64-8.6.0\plugins\com.kms.katalon.core_1.0.0.202303100818.jar;E:\Katalon\Katalon_Studio_Windows_64-8.6.0\configuration\resources\lib\aalto-xml-1.0.0.jar;E:\Katalon\Katalon_Studio_Windows_64-8.6.0\configuration\resources\lib\aspectjweaver-1.9.1.jar;E:\Katalon\Katalon_Studio_Windows_64-8.6.0\configuration\resources\lib\bcpkix-jdk15on-1.64.jar;E:\Katalon\Katalon_Studio_Windows_64-8.6.0\configuration\resources\lib\bcprov-jdk15on-1.64.jar;E:\Katalon\Katalon_Studio_Windows_64-8.6.0\configuration\resources\lib\browsermob-core-2.1.5.jar;E:\Katalon\Katalon_Studio_Windows_64-8.6.0\configuration\resources\lib\cglib-3.2.10.jar;E:\Katalon\Katalon_Studio_Windows_64-8.6.0\configuration\resources\lib\commons-codec-1.10.jar;E:\Katalon\Katalon_Studio_Windows_64-8.6.0\configuration\resources\lib\commons-collections4-4.1.jar;E:\Katalon\Katalon_Studio_Windows_64-8.6.0\configuration\resources\lib\commons-validator-1.6.jar;E:\Katalon\Katalon_Studio_Windows_64-8.6.0\configuration\resources\lib\curvesapi-1.04.jar;E:\Katalon\Katalon_Studio_Windows_64-8.6.0\configuration\resources\lib\dnsjava-2.1.8.jar;E:\Katalon\Katalon_Studio_Windows_64-8.6.0\configuration\resources\lib\java-client-7.0.0.jar;E:\Katalon\Katalon_Studio_Windows_64-8.6.0\configuration\resources\lib\jna-4.1.0.jar;E:\Katalon\Katalon_Studio_Windows_64-8.6.0\configuration\resources\lib\jna-platform-4.1.0.jar;E:\Katalon\Katalon_Studio_Windows_64-8.6.0\configuration\resources\lib\jzlib-1.1.3.jar;E:\Katalon\Katalon_Studio_Windows_64-8.6.0\configuration\resources\lib\kat-server.jar;E
java_class_path (initial): D:\capstone\ulang\qe-katalon-web\bin\keyword;D:\capstone\ulang\qe-katalon-web\bin\listener;D:\capstone\ulang\qe-katalon-web\bin\lib;D:\capstone\ulang\qe-katalon-web\bin\groovy;D:\capstone\ulang\qe-katalon-web\bin;E:\Katalon\Katalon_Studio_Windows_64-8.6.0\plugins\com.kms.katalon.core_1.0.0.202303100818.jar;E:\Katalon\Katalon_Studio_Windows_64-8.6.0\configuration\resources\lib\aalto-xml-1.0.0.jar;E:\Katalon\Katalon_Studio_Windows_64-8.6.0\configuration\resources\lib\aspectjweaver-1.9.1.jar;E:\Katalon\Katalon_Studio_Windows_64-8.6.0\configuration\resources\lib\bcpkix-jdk15on-1.64.jar;E:\Katalon\Katalon_Studio_Windows_64-8.6.0\configuration\resources\lib\bcprov-jdk15on-1.64.jar;E:\Katalon\Katalon_Studio_Windows_64-8.6.0\configuration\resources\lib\browsermob-core-2.1.5.jar;E:\Katalon\Katalon_Studio_Windows_64-8.6.0\configuration\resources\lib\cglib-3.2.10.jar;E:\Katalon\Katalon_Studio_Windows_64-8.6.0\configuration\resources\lib\commons-codec-1.10.jar;E:\Katalon\Katalon_Studio_Windows_64-8.6.0\configuration\resources\lib\commons-collections4-4.1.jar;E:\Katalon\Katalon_Studio_Windows_64-8.6.0\configuration\resources\lib\commons-validator-1.6.jar;E:\Katalon\Katalon_Studio_Windows_64-8.6.0\configuration\resources\lib\curvesapi-1.04.jar;E:\Katalon\Katalon_Studio_Windows_64-8.6.0\configuration\resources\lib\dnsjava-2.1.8.jar;E:\Katalon\Katalon_Studio_Windows_64-8.6.0\configuration\resources\lib\java-client-7.0.0.jar;E:\Katalon\Katalon_Studio_Windows_64-8.6.0\configuration\resources\lib\jna-4.1.0.jar;E:\Katalon\Katalon_Studio_Windows_64-8.6.0\configuration\resources\lib\jna-platform-4.1.0.jar;E:\Katalon\Katalon_Studio_Windows_64-8.6.0\configuration\resources\lib\jzlib-1.1.3.jar;E:\Katalon\Katalon_Studio_Windows_64-8.6.0\configuration\resources\lib\kat-server.jar;E:\Katalon\Katalon_Studio_Windows_64-8.6.0\configuration\resources\lib\littleproxy-1.1.0-beta-bmp-17.jar;E:\Katalon\Katalon_Studio_Windows_64-8.6.0\configuration\resources\lib\log4j-1.2-a
Launcher Type: SUN_STANDARD

Environment Variables:
JAVA_HOME=C:\Program Files\Java\jdk1.8.0_202
USERNAME=HP
OS=Windows_NT
PROCESSOR_IDENTIFIER=Intel64 Family 6 Model 140 Stepping 1, GenuineIntel



---------------  S Y S T E M  ---------------

OS: Windows 10.0 , 64 bit Build 22000 (10.0.22000.1880)
HyperV virtualization detected

CPU:total 8 (initial active 8) (4 cores per cpu, 2 threads per core) family 6 model 140 stepping 1, cmov, cx8, fxsr, mmx, sse, sse2, sse3, ssse3, sse4.1, sse4.2, popcnt, avx, avx2, aes, clmul, erms, 3dnowpref, lzcnt, ht, tsc, tscinvbit, bmi1, bmi2, adx

Memory: 4k page, physical 8148984k(495584k free), swap 23771648k(6672k free)

vm_info: OpenJDK 64-Bit Server VM (25.282-b08) for windows-amd64 JRE (Zulu 8.52.0.23-CA-win64) (1.8.0_282-b08), built on Jan 12 2021 07:45:49 by "tester" with MS VC++ 10.0 (VS2010)

time: Fri Jun 23 22:51:27 2023
timezone: SE Asia Standard Time
elapsed time: 3.297969 seconds (0d 0h 0m 3s)

